<html><head><title>HsacExamples.SlimTests.BrowserTests.ScriptTest</title><meta http-equiv='Content-Type' content='text/html;charset=UTF-8'/><link rel='stylesheet' type='text/css' href='css/fitnesse.css'/><script src='javascript/jquery-1.11.3.min.js' type='text/javascript'></script><script src='javascript/fitnesse.js' type='text/javascript'></script></head><body><header><h2>HsacExamples.SlimTests.BrowserTests.ScriptTest</h2></header><article><br/><h1>Website testing using BrowserTest</h1>
<br/><br/>On this page we test whether we can find a nice house which is for sale in Utrecht, The Netherlands. <br/>We check whether they have not been changing the original asking price or its size in square meters. Furthermore we look at, and capture, the first three pictures<br/><br/>To do this we use a Slim script table<a title="create page" href="FitNesse.UserGuide.WritingAcceptanceTests.SliM.ScriptTable?edit&amp;nonExistent=true">[?]</a> driving the Java class BrowserTest (which uses Selenium).<br/>This class allows us to specify what we want to do using a web browser, by the (end user visible) texts on screen. We don't need to specify any HTML code or write any custom Java logic. By only using the texts visible on screen we only need to change the script if the site's interaction design changes, but not for changes in HTML structure, element naming or styling.<br/><br/>The configuration of Selenium (i.e. which browser to use) and starting the browser session is done in the SuiteSetup<a title="create page" href="HsacExamples.SlimTests.BrowserTests.SuiteSetup?edit&amp;nonExistent=true">[?]</a>. Which allows this configuration to be shared between tests. Closing the browser is done in <a href="HsacExamples.SlimTests.BrowserTests.SuiteTearDown">SuiteTearDown</a>, which happens after all tests are completed.<br/><br/><table>
	<tr class="slimRowTitle">
		<td>script</td>
		<td colspan="3"><span class="pass">browser test</span></td>
	</tr>
	<tr class="slimRowColor4">
		<td><span class="pass">open</span></td>
		<td colspan="3"><a href="http://www.funda.nl">http://www.funda.nl</a></td>
	</tr>
	<tr class="slimRowColor0">
		<td><span class="pass">select</span></td>
		<td>€ 1.000.000</td>
		<td>for</td>
		<td>Van</td>
	</tr>
	<tr class="slimRowColor0">
		<td><span class="pass">select</span></td>
		<td>€ 2.000.000</td>
		<td>for</td>
		<td>Tot</td>
	</tr>
	<tr class="slimRowColor2">
		<td><span class="pass">enter</span></td>
		<td>Wittevrouwensingel, Utrecht</td>
		<td>as</td>
		<td>Plaats, buurt, adres etc</td>
	</tr>
	<tr class="slimRowColor8">
		<td>note</td>
		<td colspan="3">select option from autocomplete</td>
	</tr>
	<tr class="slimRowColor7">
		<td><span class="pass">wait</span></td>
		<td>1</td>
		<td colspan="2">seconds</td>
	</tr>
	<tr class="slimRowColor7">
		<td><span class="pass">press</span></td>
		<td colspan="3">down</td>
	</tr>
	<tr class="slimRowColor7">
		<td><span class="pass">press</span></td>
		<td colspan="3">enter</td>
	</tr>
	<tr class="slimRowColor8">
		<td><span class="pass">click</span></td>
		<td colspan="3">Zoek</td>
	</tr>
	<tr class="slimRowColor8">
		<td>click <span class="error"><div><div>Timed-out waiting (after 10s).</div><div><a href="files/pagesources/org.openqa.selenium.TimeoutException_9.HTML">Page content</a>:<a href="files/screenshots/timeouts/BrowserTest/timeout_8.png"><img src="files/screenshots/timeouts/BrowserTest/timeout_8.png" title="/home/travis/build/fhoeben/hsac-fitnesse-fixtures/target/fitnesse-results/files/screenshots/timeouts/BrowserTest/timeout_8.png" height="200"/></a></div></div></span></td>
		<td colspan="3">Wittevrouwensingel 66</td>
	</tr>
	<tr class="slimRowColor0">
		<td>check</td>
		<td>page title</td>
		<td colspan="2">[Hui<span class="diff">zen</span> te koop <span class="diff">in </span>Wittevrouwensingel [funda]] <span class="fail">expected [Hui</span><span class="diff">s</span><span class="fail"> te koop</span><span class="diff">:</span><span class="fail"> Wittevrouwensingel </span><span class="diff">66 3572 CC Utrecht </span><span class="fail">[funda]]</span></td>
	</tr>
	<tr class="slimRowColor0">
		<td>check</td>
		<td>value of</td>
		<td>Status</td>
		<td>[<span class="diff">null</span>] <span class="fail">expected [</span><span class="diff">Beschikbaar</span><span class="fail">]</span></td>
	</tr>
	<tr class="slimRowColor0">
		<td>check</td>
		<td>value of</td>
		<td>Woonoppervlakte</td>
		<td>[2<span class="diff">88</span> m²] <span class="fail">expected [</span><span class="diff">3</span><span class="fail">2</span><span class="diff">3</span><span class="fail"> m²]</span></td>
	</tr>
	<tr class="slimRowColor8">
		<td>note</td>
		<td colspan="3">set width so we see button to go to next photo</td>
	</tr>
	<tr class="slimRowColor2">
		<td>set browser width</td>
		<td colspan="3">1200</td>
	</tr>
	<tr class="slimRowColor8">
		<td>click <span class="error"><div><div>Timed-out waiting (after 10s).</div><div><a href="files/pagesources/org.openqa.selenium.TimeoutException_10.HTML">Page content</a>:<a href="files/screenshots/timeouts/BrowserTest/timeout_9.png"><img src="files/screenshots/timeouts/BrowserTest/timeout_9.png" title="/home/travis/build/fhoeben/hsac-fitnesse-fixtures/target/fitnesse-results/files/screenshots/timeouts/BrowserTest/timeout_9.png" height="200"/></a></div></div></span></td>
		<td colspan="3">Foto's</td>
	</tr>
	<tr class="slimRowColor9">
		<td>show</td>
		<td>take screenshot</td>
		<td colspan="2">Foto_1</td>
	<td><a href="files/screenshots/Foto_1.png"><img src="files/screenshots/Foto_1.png" title="/home/travis/build/fhoeben/hsac-fitnesse-fixtures/target/fitnesse-results/files/screenshots/Foto_1.png" height="200"/></a></td></tr>
	<tr class="slimRowColor8">
		<td>click <span class="error"><div><div>Timed-out waiting (after 10s).</div><div><a href="files/pagesources/org.openqa.selenium.TimeoutException_11.HTML">Page content</a>:<a href="files/screenshots/timeouts/BrowserTest/timeout_10.png"><img src="files/screenshots/timeouts/BrowserTest/timeout_10.png" title="/home/travis/build/fhoeben/hsac-fitnesse-fixtures/target/fitnesse-results/files/screenshots/timeouts/BrowserTest/timeout_10.png" height="200"/></a></div></div></span></td>
		<td colspan="3">Volgende foto</td>
	</tr>
	<tr class="slimRowColor8">
		<td>note</td>
		<td colspan="3">Wait for the loading of the next photo to complete</td>
	</tr>
	<tr class="slimRowColor0">
		<td><span class="pass">wait seconds</span></td>
		<td colspan="3">1</td>
	</tr>
	<tr class="slimRowColor9">
		<td>show <span class="error"><div>org.openqa.selenium.UnsupportedCommandException: The test with session id 71ec04e8741c474bbcd9b3556ff22214 has already finished, and can't receive further commands.<br/>You can learn more at https://saucelabs.com/jobs/71ec04e8741c474bbcd9b3556ff22214<br/>For help, please check https://wiki.saucelabs.com/display/DOCS/Common+Error+Messages<br/>Command duration or timeout: 101 milliseconds<br/>Build info: version: '2.53.1', revision: 'a36b8b1cd5757287168e54b817830adce9b0158d', time: '2016-06-30 19:26:09'<br/>System info: host: 'testing-docker-f7050de0-1d06-4859-aac9-31cdbc77f6db', ip: '172.17.0.13', os.name: 'Linux', os.arch: 'amd64', os.version: '4.8.12-040812-generic', java.version: '1.7.0_76'<br/>Session ID: 71ec04e8741c474bbcd9b3556ff22214<br/>Driver info: org.openqa.selenium.remote.RemoteWebDriver<br/>Capabilities [{platform=XP, javascriptEnabled=true, acceptSslCerts=true, hasMetadata=true, browserName=chrome, chrome={userDataDir=C:\Users\ADMINI~1\AppData\Local\Temp\scoped_dir1836_386, chromedriverVersion=2.27.440174 (e97a722caafc2d3a8b807ee115bfb307f7d2cfd9)}, networkConnectionEnabled=false, unexpectedAlertBehaviour=, rotatable=false, mobileEmulationEnabled=false, locationContextEnabled=true, webdriver.remote.sessionid=71ec04e8741c474bbcd9b3556ff22214, pageLoadStrategy=normal, version=56.0.2924.76, takesHeapSnapshot=true, cssSelectorsEnabled=true, databaseEnabled=false, handlesAlerts=true, browserConnectionEnabled=false, webStorageEnabled=true, nativeEvents=true, hasTouchScreen=false, applicationCacheEnabled=false, takesScreenshot=true}]<br/>	at sun.reflect.NativeConstructorAccessorImpl.newInstance0(Native Method)<br/>	at sun.reflect.NativeConstructorAccessorImpl.newInstance(NativeConstructorAccessorImpl.java:57)<br/>	at sun.reflect.DelegatingConstructorAccessorImpl.newInstance(DelegatingConstructorAccessorImpl.java:45)<br/>	at java.lang.reflect.Constructor.newInstance(Constructor.java:526)<br/>	at org.openqa.selenium.remote.ErrorHandler.createThrowable(ErrorHandler.java:206)<br/>	at org.openqa.selenium.remote.ErrorHandler.throwIfResponseFailed(ErrorHandler.java:158)<br/>	at org.openqa.selenium.remote.RemoteWebDriver.execute(RemoteWebDriver.java:678)<br/>	at org.openqa.selenium.remote.RemoteWebDriver.execute(RemoteWebDriver.java:701)<br/>	at org.openqa.selenium.remote.RemoteWebDriver.getScreenshotAs(RemoteWebDriver.java:335)<br/>	at nl.hsac.fitnesse.fixture.util.selenium.SeleniumHelper.takeScreenshot(SeleniumHelper.java:1069)<br/>	at nl.hsac.fitnesse.fixture.slim.web.BrowserTest.createScreenshot(BrowserTest.java:1629)<br/>	at nl.hsac.fitnesse.fixture.slim.web.BrowserTest.takeScreenshot(BrowserTest.java:1591)<br/>	at sun.reflect.GeneratedMethodAccessor6.invoke(Unknown Source)<br/>	at sun.reflect.DelegatingMethodAccessorImpl.invoke(DelegatingMethodAccessorImpl.java:43)<br/>	at java.lang.reflect.Method.invoke(Method.java:606)<br/>	at fitnesse.slim.fixtureInteraction.DefaultInteraction.methodInvoke(DefaultInteraction.java:147)<br/>	at nl.hsac.fitnesse.fixture.slim.SlimFixture.invoke(SlimFixture.java:50)<br/>	at nl.hsac.fitnesse.fixture.slim.web.BrowserTest.superInvoke(BrowserTest.java:105)<br/>	at nl.hsac.fitnesse.fixture.slim.web.BrowserTest.invoke(BrowserTest.java:57)<br/>	at nl.hsac.fitnesse.fixture.slim.SlimFixture.aroundSlimInvoke(SlimFixture.java:30)<br/>	at sun.reflect.GeneratedMethodAccessor1.invoke(Unknown Source)<br/>	at sun.reflect.DelegatingMethodAccessorImpl.invoke(DelegatingMethodAccessorImpl.java:43)<br/>	at java.lang.reflect.Method.invoke(Method.java:606)<br/>	at fitnesse.slim.fixtureInteraction.DefaultInteraction.methodInvoke(DefaultInteraction.java:147)<br/>	at fitnesse.slim.fixtureInteraction.DefaultInteraction.callMethod(DefaultInteraction.java:130)<br/>	at fitnesse.slim.fixtureInteraction.DefaultInteraction.invokeMethod(DefaultInteraction.java:114)<br/>	at fitnesse.slim.fixtureInteraction.DefaultInteraction.findAndInvoke(DefaultInteraction.java:92)<br/>	at fitnesse.slim.MethodExecutor.findAndInvoke(MethodExecutor.java:18)<br/>	at fitnesse.slim.FixtureMethodExecutor.execute(FixtureMethodExecutor.java:18)<br/>	at fitnesse.slim.StatementExecutor.getMethodExecutionResult(StatementExecutor.java:130)<br/>	at fitnesse.slim.StatementExecutor.call(StatementExecutor.java:103)<br/>	at fitnesse.slim.instructions.CallInstruction.executeInternal(CallInstruction.java:35)<br/>	at fitnesse.slim.instructions.Instruction.execute(Instruction.java:29)<br/>	at fitnesse.slim.ListExecutor$Executive.executeStatement(ListExecutor.java:49)<br/>	at fitnesse.slim.ListExecutor$Executive.executeStatements(ListExecutor.java:43)<br/>	at fitnesse.slim.ListExecutor.execute(ListExecutor.java:85)<br/>	at fitnesse.slim.SlimServer.executeInstructions(SlimServer.java:82)<br/>	at fitnesse.slim.SlimServer.processOneSetOfInstructions(SlimServer.java:75)<br/>	at fitnesse.slim.SlimServer.tryProcessInstructions(SlimServer.java:62)<br/>	at fitnesse.slim.SlimServer.serve(SlimServer.java:47)<br/>	at fitnesse.testsystems.slim.InProcessSlimClient$1.run(InProcessSlimClient.java:53)<br/>	at java.lang.Thread.run(Thread.java:745)<br/></div></span></td>
		<td>take screenshot</td>
		<td colspan="2">Foto_2</td>
	</tr>
	<tr class="slimRowColor8">
		<td>click <span class="error"><div>org.openqa.selenium.UnsupportedCommandException: The test with session id 71ec04e8741c474bbcd9b3556ff22214 has already finished, and can't receive further commands.<br/>You can learn more at https://saucelabs.com/jobs/71ec04e8741c474bbcd9b3556ff22214<br/>For help, please check https://wiki.saucelabs.com/display/DOCS/Common+Error+Messages<br/>Command duration or timeout: 101 milliseconds<br/>Build info: version: '2.53.1', revision: 'a36b8b1cd5757287168e54b817830adce9b0158d', time: '2016-06-30 19:26:09'<br/>System info: host: 'testing-docker-f7050de0-1d06-4859-aac9-31cdbc77f6db', ip: '172.17.0.13', os.name: 'Linux', os.arch: 'amd64', os.version: '4.8.12-040812-generic', java.version: '1.7.0_76'<br/>*** Element info: {Using=link text, value=Volgende foto}<br/>Session ID: 71ec04e8741c474bbcd9b3556ff22214<br/>Driver info: org.openqa.selenium.remote.RemoteWebDriver<br/>Capabilities [{platform=XP, javascriptEnabled=true, acceptSslCerts=true, hasMetadata=true, browserName=chrome, chrome={userDataDir=C:\Users\ADMINI~1\AppData\Local\Temp\scoped_dir1836_386, chromedriverVersion=2.27.440174 (e97a722caafc2d3a8b807ee115bfb307f7d2cfd9)}, networkConnectionEnabled=false, unexpectedAlertBehaviour=, rotatable=false, mobileEmulationEnabled=false, locationContextEnabled=true, webdriver.remote.sessionid=71ec04e8741c474bbcd9b3556ff22214, pageLoadStrategy=normal, version=56.0.2924.76, takesHeapSnapshot=true, cssSelectorsEnabled=true, databaseEnabled=false, handlesAlerts=true, browserConnectionEnabled=false, webStorageEnabled=true, nativeEvents=true, hasTouchScreen=false, applicationCacheEnabled=false, takesScreenshot=true}]<br/>	at sun.reflect.NativeConstructorAccessorImpl.newInstance0(Native Method)<br/>	at sun.reflect.NativeConstructorAccessorImpl.newInstance(NativeConstructorAccessorImpl.java:57)<br/>	at sun.reflect.DelegatingConstructorAccessorImpl.newInstance(DelegatingConstructorAccessorImpl.java:45)<br/>	at java.lang.reflect.Constructor.newInstance(Constructor.java:526)<br/>	at org.openqa.selenium.remote.ErrorHandler.createThrowable(ErrorHandler.java:206)<br/>	at org.openqa.selenium.remote.ErrorHandler.throwIfResponseFailed(ErrorHandler.java:158)<br/>	at org.openqa.selenium.remote.RemoteWebDriver.execute(RemoteWebDriver.java:678)<br/>	at org.openqa.selenium.remote.RemoteWebDriver.findElements(RemoteWebDriver.java:388)<br/>	at org.openqa.selenium.remote.RemoteWebDriver.findElementsByLinkText(RemoteWebDriver.java:432)<br/>	at org.openqa.selenium.By$ByLinkText.findElements(By.java:241)<br/>	at org.openqa.selenium.remote.RemoteWebDriver.findElements(RemoteWebDriver.java:351)<br/>	at nl.hsac.fitnesse.fixture.util.selenium.SeleniumHelper.findElement(SeleniumHelper.java:961)<br/>	at nl.hsac.fitnesse.fixture.util.selenium.SeleniumHelper.findElement(SeleniumHelper.java:803)<br/>	at nl.hsac.fitnesse.fixture.util.selenium.SeleniumHelper.findElement(SeleniumHelper.java:792)<br/>	at nl.hsac.fitnesse.fixture.util.selenium.SeleniumHelper.getElementToClick(SeleniumHelper.java:123)<br/>	at nl.hsac.fitnesse.fixture.slim.web.BrowserTest.getElementToClick(BrowserTest.java:728)<br/>	at nl.hsac.fitnesse.fixture.slim.web.BrowserTest.clickImp(BrowserTest.java:685)<br/>	at nl.hsac.fitnesse.fixture.slim.web.BrowserTest.click(BrowserTest.java:663)<br/>	at sun.reflect.GeneratedMethodAccessor3.invoke(Unknown Source)<br/>	at sun.reflect.DelegatingMethodAccessorImpl.invoke(DelegatingMethodAccessorImpl.java:43)<br/>	at java.lang.reflect.Method.invoke(Method.java:606)<br/>	at fitnesse.slim.fixtureInteraction.DefaultInteraction.methodInvoke(DefaultInteraction.java:147)<br/>	at nl.hsac.fitnesse.fixture.slim.SlimFixture.invoke(SlimFixture.java:50)<br/>	at nl.hsac.fitnesse.fixture.slim.web.BrowserTest.superInvoke(BrowserTest.java:105)<br/>	at nl.hsac.fitnesse.fixture.slim.web.BrowserTest$1.apply(BrowserTest.java:69)<br/>	at nl.hsac.fitnesse.fixture.slim.web.BrowserTest$1.apply(BrowserTest.java:65)<br/>	at nl.hsac.fitnesse.fixture.util.selenium.TryAllFramesConditionDecorator.apply(TryAllFramesConditionDecorator.java:34)<br/>	at nl.hsac.fitnesse.fixture.util.selenium.TryAllFramesConditionDecorator.apply(TryAllFramesConditionDecorator.java:16)<br/>	at nl.hsac.fitnesse.fixture.util.selenium.SeleniumHelper$2.apply(SeleniumHelper.java:930)<br/>	at nl.hsac.fitnesse.fixture.util.selenium.SeleniumHelper$2.apply(SeleniumHelper.java:926)<br/>	at org.openqa.selenium.support.ui.FluentWait.until(FluentWait.java:238)<br/>	at nl.hsac.fitnesse.fixture.util.selenium.SeleniumHelper.waitUntil(SeleniumHelper.java:915)<br/>	at nl.hsac.fitnesse.fixture.slim.web.BrowserTest.waitUntilImpl(BrowserTest.java:1728)<br/>	at nl.hsac.fitnesse.fixture.slim.web.BrowserTest.waitUntil(BrowserTest.java:1658)<br/>	at nl.hsac.fitnesse.fixture.slim.web.BrowserTest.invokedWrappedInWaitUntil(BrowserTest.java:98)<br/>	at nl.hsac.fitnesse.fixture.slim.web.BrowserTest.invoke(BrowserTest.java:59)<br/>	at nl.hsac.fitnesse.fixture.slim.SlimFixture.aroundSlimInvoke(SlimFixture.java:30)<br/>	at sun.reflect.GeneratedMethodAccessor1.invoke(Unknown Source)<br/>	at sun.reflect.DelegatingMethodAccessorImpl.invoke(DelegatingMethodAccessorImpl.java:43)<br/>	at java.lang.reflect.Method.invoke(Method.java:606)<br/>	at fitnesse.slim.fixtureInteraction.DefaultInteraction.methodInvoke(DefaultInteraction.java:147)<br/>	at fitnesse.slim.fixtureInteraction.DefaultInteraction.callMethod(DefaultInteraction.java:130)<br/>	at fitnesse.slim.fixtureInteraction.DefaultInteraction.invokeMethod(DefaultInteraction.java:114)<br/>	at fitnesse.slim.fixtureInteraction.DefaultInteraction.findAndInvoke(DefaultInteraction.java:92)<br/>	at fitnesse.slim.MethodExecutor.findAndInvoke(MethodExecutor.java:18)<br/>	at fitnesse.slim.FixtureMethodExecutor.execute(FixtureMethodExecutor.java:18)<br/>	at fitnesse.slim.StatementExecutor.getMethodExecutionResult(StatementExecutor.java:130)<br/>	at fitnesse.slim.StatementExecutor.call(StatementExecutor.java:103)<br/>	at fitnesse.slim.instructions.CallInstruction.executeInternal(CallInstruction.java:35)<br/>	at fitnesse.slim.instructions.Instruction.execute(Instruction.java:29)<br/>	at fitnesse.slim.ListExecutor$Executive.executeStatement(ListExecutor.java:49)<br/>	at fitnesse.slim.ListExecutor$Executive.executeStatements(ListExecutor.java:43)<br/>	at fitnesse.slim.ListExecutor.execute(ListExecutor.java:85)<br/>	at fitnesse.slim.SlimServer.executeInstructions(SlimServer.java:82)<br/>	at fitnesse.slim.SlimServer.processOneSetOfInstructions(SlimServer.java:75)<br/>	at fitnesse.slim.SlimServer.tryProcessInstructions(SlimServer.java:62)<br/>	at fitnesse.slim.SlimServer.serve(SlimServer.java:47)<br/>	at fitnesse.testsystems.slim.InProcessSlimClient$1.run(InProcessSlimClient.java:53)<br/>	at java.lang.Thread.run(Thread.java:745)<br/></div></span></td>
		<td colspan="3">Volgende foto</td>
	</tr>
	<tr class="slimRowColor0">
		<td><span class="pass">wait seconds</span></td>
		<td colspan="3">1</td>
	</tr>
	<tr class="slimRowColor9">
		<td>show <span class="error"><div>org.openqa.selenium.UnsupportedCommandException: The test with session id 71ec04e8741c474bbcd9b3556ff22214 has already finished, and can't receive further commands.<br/>You can learn more at https://saucelabs.com/jobs/71ec04e8741c474bbcd9b3556ff22214<br/>For help, please check https://wiki.saucelabs.com/display/DOCS/Common+Error+Messages<br/>Command duration or timeout: 101 milliseconds<br/>Build info: version: '2.53.1', revision: 'a36b8b1cd5757287168e54b817830adce9b0158d', time: '2016-06-30 19:26:09'<br/>System info: host: 'testing-docker-f7050de0-1d06-4859-aac9-31cdbc77f6db', ip: '172.17.0.13', os.name: 'Linux', os.arch: 'amd64', os.version: '4.8.12-040812-generic', java.version: '1.7.0_76'<br/>Session ID: 71ec04e8741c474bbcd9b3556ff22214<br/>Driver info: org.openqa.selenium.remote.RemoteWebDriver<br/>Capabilities [{platform=XP, javascriptEnabled=true, acceptSslCerts=true, hasMetadata=true, browserName=chrome, chrome={userDataDir=C:\Users\ADMINI~1\AppData\Local\Temp\scoped_dir1836_386, chromedriverVersion=2.27.440174 (e97a722caafc2d3a8b807ee115bfb307f7d2cfd9)}, networkConnectionEnabled=false, unexpectedAlertBehaviour=, rotatable=false, mobileEmulationEnabled=false, locationContextEnabled=true, webdriver.remote.sessionid=71ec04e8741c474bbcd9b3556ff22214, pageLoadStrategy=normal, version=56.0.2924.76, takesHeapSnapshot=true, cssSelectorsEnabled=true, databaseEnabled=false, handlesAlerts=true, browserConnectionEnabled=false, webStorageEnabled=true, nativeEvents=true, hasTouchScreen=false, applicationCacheEnabled=false, takesScreenshot=true}]<br/>	at sun.reflect.NativeConstructorAccessorImpl.newInstance0(Native Method)<br/>	at sun.reflect.NativeConstructorAccessorImpl.newInstance(NativeConstructorAccessorImpl.java:57)<br/>	at sun.reflect.DelegatingConstructorAccessorImpl.newInstance(DelegatingConstructorAccessorImpl.java:45)<br/>	at java.lang.reflect.Constructor.newInstance(Constructor.java:526)<br/>	at org.openqa.selenium.remote.ErrorHandler.createThrowable(ErrorHandler.java:206)<br/>	at org.openqa.selenium.remote.ErrorHandler.throwIfResponseFailed(ErrorHandler.java:158)<br/>	at org.openqa.selenium.remote.RemoteWebDriver.execute(RemoteWebDriver.java:678)<br/>	at org.openqa.selenium.remote.RemoteWebDriver.execute(RemoteWebDriver.java:701)<br/>	at org.openqa.selenium.remote.RemoteWebDriver.getScreenshotAs(RemoteWebDriver.java:335)<br/>	at nl.hsac.fitnesse.fixture.util.selenium.SeleniumHelper.takeScreenshot(SeleniumHelper.java:1069)<br/>	at nl.hsac.fitnesse.fixture.slim.web.BrowserTest.createScreenshot(BrowserTest.java:1629)<br/>	at nl.hsac.fitnesse.fixture.slim.web.BrowserTest.takeScreenshot(BrowserTest.java:1591)<br/>	at sun.reflect.GeneratedMethodAccessor6.invoke(Unknown Source)<br/>	at sun.reflect.DelegatingMethodAccessorImpl.invoke(DelegatingMethodAccessorImpl.java:43)<br/>	at java.lang.reflect.Method.invoke(Method.java:606)<br/>	at fitnesse.slim.fixtureInteraction.DefaultInteraction.methodInvoke(DefaultInteraction.java:147)<br/>	at nl.hsac.fitnesse.fixture.slim.SlimFixture.invoke(SlimFixture.java:50)<br/>	at nl.hsac.fitnesse.fixture.slim.web.BrowserTest.superInvoke(BrowserTest.java:105)<br/>	at nl.hsac.fitnesse.fixture.slim.web.BrowserTest.invoke(BrowserTest.java:57)<br/>	at nl.hsac.fitnesse.fixture.slim.SlimFixture.aroundSlimInvoke(SlimFixture.java:30)<br/>	at sun.reflect.GeneratedMethodAccessor1.invoke(Unknown Source)<br/>	at sun.reflect.DelegatingMethodAccessorImpl.invoke(DelegatingMethodAccessorImpl.java:43)<br/>	at java.lang.reflect.Method.invoke(Method.java:606)<br/>	at fitnesse.slim.fixtureInteraction.DefaultInteraction.methodInvoke(DefaultInteraction.java:147)<br/>	at fitnesse.slim.fixtureInteraction.DefaultInteraction.callMethod(DefaultInteraction.java:130)<br/>	at fitnesse.slim.fixtureInteraction.DefaultInteraction.invokeMethod(DefaultInteraction.java:114)<br/>	at fitnesse.slim.fixtureInteraction.DefaultInteraction.findAndInvoke(DefaultInteraction.java:92)<br/>	at fitnesse.slim.MethodExecutor.findAndInvoke(MethodExecutor.java:18)<br/>	at fitnesse.slim.FixtureMethodExecutor.execute(FixtureMethodExecutor.java:18)<br/>	at fitnesse.slim.StatementExecutor.getMethodExecutionResult(StatementExecutor.java:130)<br/>	at fitnesse.slim.StatementExecutor.call(StatementExecutor.java:103)<br/>	at fitnesse.slim.instructions.CallInstruction.executeInternal(CallInstruction.java:35)<br/>	at fitnesse.slim.instructions.Instruction.execute(Instruction.java:29)<br/>	at fitnesse.slim.ListExecutor$Executive.executeStatement(ListExecutor.java:49)<br/>	at fitnesse.slim.ListExecutor$Executive.executeStatements(ListExecutor.java:43)<br/>	at fitnesse.slim.ListExecutor.execute(ListExecutor.java:85)<br/>	at fitnesse.slim.SlimServer.executeInstructions(SlimServer.java:82)<br/>	at fitnesse.slim.SlimServer.processOneSetOfInstructions(SlimServer.java:75)<br/>	at fitnesse.slim.SlimServer.tryProcessInstructions(SlimServer.java:62)<br/>	at fitnesse.slim.SlimServer.serve(SlimServer.java:47)<br/>	at fitnesse.testsystems.slim.InProcessSlimClient$1.run(InProcessSlimClient.java:53)<br/>	at java.lang.Thread.run(Thread.java:745)<br/></div></span></td>
		<td>take screenshot</td>
		<td colspan="2">Foto_3</td>
	</tr>
</table>
<br/>When multiple similar sequences of steps are needed a script can be generalized using a scenario, which is show in <a href="HsacExamples.SlimTests.BrowserTests.ScenarioTest">ScenarioTest</a>. <br/>To make test more readable, maintainable and powerful we can also create custom subclasses of BrowserTest. This is shown in <a href="HsacExamples.SlimTests.BrowserTests.CustomFixtureTest">CustomFixtureTest</a>.<br/></article></body></html>