<html><head><title>HsacExamples.SlimTests.BrowserTests.TemplateStoryboardTest</title><meta http-equiv='Content-Type' content='text/html;charset=UTF-8'/><link rel='stylesheet' type='text/css' href='css/fitnesse.css'/><script src='javascript/jquery-1.11.3.min.js' type='text/javascript'></script><script src='javascript/fitnesse.js' type='text/javascript'></script></head><body><header><h2>HsacExamples.SlimTests.BrowserTests.TemplateStoryboardTest</h2></header><article><br/><h1>Website testing using <i>table template</i> and BrowserTest</h1>
<br/><br/>On this page we test whether we check the prices of a couple of houses for sale in Utrecht, The Netherlands. <br/>This test continues where <a href="HsacExamples.SlimTests.BrowserTests.StoryboardTest">StoryboardTest</a> left off and combines it with <a href="HsacExamples.SlimTests.BrowserTests.TableTemplateTest">TableTemplateTest</a>.<br/><br/>The configuration of Selenium (i.e. which browser to use) and starting the browser session is done in the SuiteSetup<a title="create page" href="HsacExamples.SlimTests.BrowserTests.SuiteSetup?edit&amp;nonExistent=true">[?]</a>. Which allows this configuration to be shared between tests. Closing the browser is done in <a href="HsacExamples.SlimTests.BrowserTests.SuiteTearDown">SuiteTearDown</a>, which happens after all tests are completed.<br/><br/><table>
	<tr>
		<td>table template</td>
		<td colspan="3">check original price</td>
	</tr>
	<tr>
		<td>open</td>
		<td colspan="3"><a href="http://www.funda.nl">http://www.funda.nl</a></td>
	</tr>
	<tr>
		<td>select</td>
		<td>€ 1.000.000</td>
		<td>for</td>
		<td>Van</td>
	</tr>
	<tr>
		<td>select</td>
		<td>€ 2.000.000</td>
		<td>for</td>
		<td>Tot</td>
	</tr>
	<tr>
		<td>enter</td>
		<td>@{address}, @{city}</td>
		<td>as</td>
		<td>Plaats, buurt, adres etc</td>
	</tr>
	<tr>
		<td>note</td>
		<td colspan="3">select option from autocomplete</td>
	</tr>
	<tr>
		<td>press</td>
		<td colspan="3">down</td>
	</tr>
	<tr>
		<td>press</td>
		<td colspan="3">enter</td>
	</tr>
	<tr>
		<td>click</td>
		<td colspan="3">Zoek</td>
	</tr>
	<tr>
		<td>click</td>
		<td colspan="3">@{address}</td>
	</tr>
	<tr>
		<td>$price=</td>
		<td>value of</td>
		<td colspan="2">Vraagprijs</td>
	</tr>
	<tr>
		<td>$volume=</td>
		<td>value of</td>
		<td colspan="2">Inhoud</td>
	</tr>
	<tr>
		<td>check</td>
		<td>value of</td>
		<td>Woonoppervlakte</td>
		<td>@{squareMeters} m²</td>
	</tr>
	<tr>
		<td>$yearBuilt=</td>
		<td>value of</td>
		<td colspan="2">Bouwjaar</td>
	</tr>
</table>
<br/><br/><table>
	<tr>
		<td>storyboard</td>
		<td><span class="pass">browser test</span></td>
	</tr>
</table>
<br/><table>
	<tr>
		<td colspan="6">check original price</td>
	</tr>
	<tr>
		<td>address</td>
		<td>city</td>
		<td>price?</td>
		<td>square meters</td>
		<td>year built?</td>
		<td>volume?</td>
	</tr>
	<tr class="scenario closed">
		<td class="error">Wittevrouwensingel 66</td>
		<td class="error">Utrecht</td>
		<td class="error">€ 1.395.000 k.k. <span class="ignore">Test not run</span></td>
		<td class="error">323</td>
		<td class="error">Voor 1906 <span class="ignore">Test not run</span></td>
		<td class="error">1.513 m³ <span class="ignore">Test not run</span></td>
	</tr><tr class="scenario-detail closed-detail"><td colspan="6"><table>
	<tr>
		<td>table template</td>
		<td colspan="3">check original price</td>
	</tr>
	<tr>
		<td><span class="pass">open</span></td>
		<td colspan="3"><a href="http://www.funda.nl">http://www.funda.nl</a></td>
	<td><a href="files/screenshots/storyboard/HsacExamples.SlimTests.BrowserTests.TemplateStoryboardTest/01-001.png"><img src="files/screenshots/storyboard/HsacExamples.SlimTests.BrowserTests.TemplateStoryboardTest/01-001.png" title="/home/travis/build/fhoeben/hsac-fitnesse-fixtures/target/fitnesse-results/files/screenshots/storyboard/HsacExamples.SlimTests.BrowserTests.TemplateStoryboardTest/01-001.png" height="200"/></a></td></tr>
	<tr>
		<td><span class="pass">select</span></td>
		<td>€ 1.000.000</td>
		<td>for</td>
		<td>Van</td>
	<td><a href="files/screenshots/storyboard/HsacExamples.SlimTests.BrowserTests.TemplateStoryboardTest/01-002.png"><img src="files/screenshots/storyboard/HsacExamples.SlimTests.BrowserTests.TemplateStoryboardTest/01-002.png" title="/home/travis/build/fhoeben/hsac-fitnesse-fixtures/target/fitnesse-results/files/screenshots/storyboard/HsacExamples.SlimTests.BrowserTests.TemplateStoryboardTest/01-002.png" height="200"/></a></td></tr>
	<tr>
		<td><span class="pass">select</span></td>
		<td>€ 2.000.000</td>
		<td>for</td>
		<td>Tot</td>
	<td><a href="files/screenshots/storyboard/HsacExamples.SlimTests.BrowserTests.TemplateStoryboardTest/01-003.png"><img src="files/screenshots/storyboard/HsacExamples.SlimTests.BrowserTests.TemplateStoryboardTest/01-003.png" title="/home/travis/build/fhoeben/hsac-fitnesse-fixtures/target/fitnesse-results/files/screenshots/storyboard/HsacExamples.SlimTests.BrowserTests.TemplateStoryboardTest/01-003.png" height="200"/></a></td></tr>
	<tr>
		<td><span class="pass">enter</span></td>
		<td>Wittevrouwensingel 66, Utrecht</td>
		<td>as</td>
		<td>Plaats, buurt, adres etc</td>
	<td><a href="files/screenshots/storyboard/HsacExamples.SlimTests.BrowserTests.TemplateStoryboardTest/01-004.png"><img src="files/screenshots/storyboard/HsacExamples.SlimTests.BrowserTests.TemplateStoryboardTest/01-004.png" title="/home/travis/build/fhoeben/hsac-fitnesse-fixtures/target/fitnesse-results/files/screenshots/storyboard/HsacExamples.SlimTests.BrowserTests.TemplateStoryboardTest/01-004.png" height="200"/></a></td></tr>
	<tr>
		<td>note</td>
		<td colspan="3">select option from autocomplete</td>
	</tr>
	<tr>
		<td><span class="pass">press</span></td>
		<td colspan="3">down</td>
	<td><a href="files/screenshots/storyboard/HsacExamples.SlimTests.BrowserTests.TemplateStoryboardTest/01-005.png"><img src="files/screenshots/storyboard/HsacExamples.SlimTests.BrowserTests.TemplateStoryboardTest/01-005.png" title="/home/travis/build/fhoeben/hsac-fitnesse-fixtures/target/fitnesse-results/files/screenshots/storyboard/HsacExamples.SlimTests.BrowserTests.TemplateStoryboardTest/01-005.png" height="200"/></a></td></tr>
	<tr>
		<td><span class="pass">press</span></td>
		<td colspan="3">enter</td>
	<td><a href="files/screenshots/storyboard/HsacExamples.SlimTests.BrowserTests.TemplateStoryboardTest/01-006.png"><img src="files/screenshots/storyboard/HsacExamples.SlimTests.BrowserTests.TemplateStoryboardTest/01-006.png" title="/home/travis/build/fhoeben/hsac-fitnesse-fixtures/target/fitnesse-results/files/screenshots/storyboard/HsacExamples.SlimTests.BrowserTests.TemplateStoryboardTest/01-006.png" height="200"/></a></td></tr>
	<tr>
		<td><span class="pass">click</span></td>
		<td colspan="3">Zoek</td>
	<td><a href="files/screenshots/storyboard/HsacExamples.SlimTests.BrowserTests.TemplateStoryboardTest/01-007.png"><img src="files/screenshots/storyboard/HsacExamples.SlimTests.BrowserTests.TemplateStoryboardTest/01-007.png" title="/home/travis/build/fhoeben/hsac-fitnesse-fixtures/target/fitnesse-results/files/screenshots/storyboard/HsacExamples.SlimTests.BrowserTests.TemplateStoryboardTest/01-007.png" height="200"/></a></td></tr>
	<tr>
		<td>click <span class="error"><div><div>Timed-out waiting (after 10s).</div><div><a href="files/pagesources/org.openqa.selenium.TimeoutException_16.HTML">Page content</a>:<a href="files/screenshots/timeouts/BrowserTest/timeout_15.png"><img src="files/screenshots/timeouts/BrowserTest/timeout_15.png" title="/home/travis/build/fhoeben/hsac-fitnesse-fixtures/target/fitnesse-results/files/screenshots/timeouts/BrowserTest/timeout_15.png" height="200"/></a></div></div></span></td>
		<td colspan="3">Wittevrouwensingel 66</td>
	<td> <span class="error"><div>org.openqa.selenium.UnsupportedCommandException: ERROR The test with session id 6f27aa07b41543dea0129182d27fa190 has already finished, and can't receive further commands.<br/>You can learn more at https://saucelabs.com/jobs/6f27aa07b41543dea0129182d27fa190<br/>For help, please check https://wiki.saucelabs.com/display/DOCS/Common+Error+Messages<br/>Command duration or timeout: 91 milliseconds<br/>Build info: version: '2.53.1', revision: 'a36b8b1cd5757287168e54b817830adce9b0158d', time: '2016-06-30 19:26:09'<br/>System info: host: 'testing-docker-d5bb6f2e-34df-4e2f-b0eb-75f0030be081', ip: '172.17.0.9', os.name: 'Linux', os.arch: 'amd64', os.version: '4.8.12-040812-generic', java.version: '1.7.0_76'<br/>Session ID: 6f27aa07b41543dea0129182d27fa190<br/>Driver info: org.openqa.selenium.remote.RemoteWebDriver<br/>Capabilities [{platform=XP, javascriptEnabled=true, acceptSslCerts=true, hasMetadata=true, browserName=chrome, chrome={userDataDir=C:\Users\ADMINI~1\AppData\Local\Temp\scoped_dir1544_15926, chromedriverVersion=2.27.440174 (e97a722caafc2d3a8b807ee115bfb307f7d2cfd9)}, networkConnectionEnabled=false, unexpectedAlertBehaviour=, rotatable=false, mobileEmulationEnabled=false, locationContextEnabled=true, webdriver.remote.sessionid=6f27aa07b41543dea0129182d27fa190, pageLoadStrategy=normal, version=56.0.2924.76, takesHeapSnapshot=true, cssSelectorsEnabled=true, databaseEnabled=false, handlesAlerts=true, browserConnectionEnabled=false, webStorageEnabled=true, nativeEvents=true, hasTouchScreen=false, applicationCacheEnabled=false, takesScreenshot=true}]<br/>	at sun.reflect.NativeConstructorAccessorImpl.newInstance0(Native Method)<br/>	at sun.reflect.NativeConstructorAccessorImpl.newInstance(NativeConstructorAccessorImpl.java:57)<br/>	at sun.reflect.DelegatingConstructorAccessorImpl.newInstance(DelegatingConstructorAccessorImpl.java:45)<br/>	at java.lang.reflect.Constructor.newInstance(Constructor.java:526)<br/>	at org.openqa.selenium.remote.ErrorHandler.createThrowable(ErrorHandler.java:206)<br/>	at org.openqa.selenium.remote.ErrorHandler.throwIfResponseFailed(ErrorHandler.java:158)<br/>	at org.openqa.selenium.remote.RemoteWebDriver.execute(RemoteWebDriver.java:678)<br/>	at org.openqa.selenium.remote.RemoteWebDriver.execute(RemoteWebDriver.java:701)<br/>	at org.openqa.selenium.remote.RemoteWebDriver.getScreenshotAs(RemoteWebDriver.java:335)<br/>	at nl.hsac.fitnesse.fixture.util.selenium.SeleniumHelper.takeScreenshot(SeleniumHelper.java:1069)<br/>	at nl.hsac.fitnesse.fixture.slim.web.BrowserTest.createScreenshot(BrowserTest.java:1629)<br/>	at nl.hsac.fitnesse.fixture.slim.web.BrowserTest.takeScreenshot(BrowserTest.java:1591)<br/>	at sun.reflect.GeneratedMethodAccessor6.invoke(Unknown Source)<br/>	at sun.reflect.DelegatingMethodAccessorImpl.invoke(DelegatingMethodAccessorImpl.java:43)<br/>	at java.lang.reflect.Method.invoke(Method.java:606)<br/>	at fitnesse.slim.fixtureInteraction.DefaultInteraction.methodInvoke(DefaultInteraction.java:147)<br/>	at nl.hsac.fitnesse.fixture.slim.SlimFixture.invoke(SlimFixture.java:50)<br/>	at nl.hsac.fitnesse.fixture.slim.web.BrowserTest.superInvoke(BrowserTest.java:105)<br/>	at nl.hsac.fitnesse.fixture.slim.web.BrowserTest.invoke(BrowserTest.java:57)<br/>	at nl.hsac.fitnesse.fixture.slim.SlimFixture.aroundSlimInvoke(SlimFixture.java:30)<br/>	at sun.reflect.GeneratedMethodAccessor1.invoke(Unknown Source)<br/>	at sun.reflect.DelegatingMethodAccessorImpl.invoke(DelegatingMethodAccessorImpl.java:43)<br/>	at java.lang.reflect.Method.invoke(Method.java:606)<br/>	at fitnesse.slim.fixtureInteraction.DefaultInteraction.methodInvoke(DefaultInteraction.java:147)<br/>	at fitnesse.slim.fixtureInteraction.DefaultInteraction.callMethod(DefaultInteraction.java:130)<br/>	at fitnesse.slim.fixtureInteraction.DefaultInteraction.invokeMethod(DefaultInteraction.java:114)<br/>	at fitnesse.slim.fixtureInteraction.DefaultInteraction.findAndInvoke(DefaultInteraction.java:92)<br/>	at fitnesse.slim.MethodExecutor.findAndInvoke(MethodExecutor.java:18)<br/>	at fitnesse.slim.FixtureMethodExecutor.execute(FixtureMethodExecutor.java:18)<br/>	at fitnesse.slim.StatementExecutor.getMethodExecutionResult(StatementExecutor.java:130)<br/>	at fitnesse.slim.StatementExecutor.call(StatementExecutor.java:103)<br/>	at fitnesse.slim.instructions.CallInstruction.executeInternal(CallInstruction.java:35)<br/>	at fitnesse.slim.instructions.Instruction.execute(Instruction.java:29)<br/>	at fitnesse.slim.ListExecutor$Executive.executeStatement(ListExecutor.java:49)<br/>	at fitnesse.slim.ListExecutor$Executive.executeStatements(ListExecutor.java:43)<br/>	at fitnesse.slim.ListExecutor.execute(ListExecutor.java:85)<br/>	at fitnesse.slim.SlimServer.executeInstructions(SlimServer.java:82)<br/>	at fitnesse.slim.SlimServer.processOneSetOfInstructions(SlimServer.java:75)<br/>	at fitnesse.slim.SlimServer.tryProcessInstructions(SlimServer.java:62)<br/>	at fitnesse.slim.SlimServer.serve(SlimServer.java:47)<br/>	at fitnesse.testsystems.slim.InProcessSlimClient$1.run(InProcessSlimClient.java:53)<br/>	at java.lang.Thread.run(Thread.java:745)<br/></div></span></td></tr>
	<tr>
		<td>$price= <span class="error"><div>org.openqa.selenium.UnsupportedCommandException: ERROR The test with session id 6f27aa07b41543dea0129182d27fa190 has already finished, and can't receive further commands.<br/>You can learn more at https://saucelabs.com/jobs/6f27aa07b41543dea0129182d27fa190<br/>For help, please check https://wiki.saucelabs.com/display/DOCS/Common+Error+Messages<br/>Command duration or timeout: 94 milliseconds<br/>Build info: version: '2.53.1', revision: 'a36b8b1cd5757287168e54b817830adce9b0158d', time: '2016-06-30 19:26:09'<br/>System info: host: 'testing-docker-d5bb6f2e-34df-4e2f-b0eb-75f0030be081', ip: '172.17.0.9', os.name: 'Linux', os.arch: 'amd64', os.version: '4.8.12-040812-generic', java.version: '1.7.0_76'<br/>*** Element info: {Using=xpath, value=.//label/descendant-or-self::text()[normalize-space(translate(., '&nbsp;', ' '))='Vraagprijs']/ancestor-or-self::label}<br/>Session ID: 6f27aa07b41543dea0129182d27fa190<br/>Driver info: org.openqa.selenium.remote.RemoteWebDriver<br/>Capabilities [{platform=XP, javascriptEnabled=true, acceptSslCerts=true, hasMetadata=true, browserName=chrome, chrome={userDataDir=C:\Users\ADMINI~1\AppData\Local\Temp\scoped_dir1544_15926, chromedriverVersion=2.27.440174 (e97a722caafc2d3a8b807ee115bfb307f7d2cfd9)}, networkConnectionEnabled=false, unexpectedAlertBehaviour=, rotatable=false, mobileEmulationEnabled=false, locationContextEnabled=true, webdriver.remote.sessionid=6f27aa07b41543dea0129182d27fa190, pageLoadStrategy=normal, version=56.0.2924.76, takesHeapSnapshot=true, cssSelectorsEnabled=true, databaseEnabled=false, handlesAlerts=true, browserConnectionEnabled=false, webStorageEnabled=true, nativeEvents=true, hasTouchScreen=false, applicationCacheEnabled=false, takesScreenshot=true}]<br/>	at sun.reflect.NativeConstructorAccessorImpl.newInstance0(Native Method)<br/>	at sun.reflect.NativeConstructorAccessorImpl.newInstance(NativeConstructorAccessorImpl.java:57)<br/>	at sun.reflect.DelegatingConstructorAccessorImpl.newInstance(DelegatingConstructorAccessorImpl.java:45)<br/>	at java.lang.reflect.Constructor.newInstance(Constructor.java:526)<br/>	at org.openqa.selenium.remote.ErrorHandler.createThrowable(ErrorHandler.java:206)<br/>	at org.openqa.selenium.remote.ErrorHandler.throwIfResponseFailed(ErrorHandler.java:158)<br/>	at org.openqa.selenium.remote.RemoteWebDriver.execute(RemoteWebDriver.java:678)<br/>	at org.openqa.selenium.remote.RemoteWebDriver.findElements(RemoteWebDriver.java:388)<br/>	at org.openqa.selenium.remote.RemoteWebDriver.findElementsByXPath(RemoteWebDriver.java:504)<br/>	at org.openqa.selenium.By$ByXPath.findElements(By.java:356)<br/>	at org.openqa.selenium.remote.RemoteWebDriver.findElements(RemoteWebDriver.java:351)<br/>	at nl.hsac.fitnesse.fixture.util.selenium.SeleniumHelper.findElement(SeleniumHelper.java:961)<br/>	at nl.hsac.fitnesse.fixture.util.selenium.SeleniumHelper.findElement(SeleniumHelper.java:803)<br/>	at nl.hsac.fitnesse.fixture.util.selenium.SeleniumHelper.findElement(SeleniumHelper.java:792)<br/>	at nl.hsac.fitnesse.fixture.util.selenium.SeleniumHelper.findByXPath(SeleniumHelper.java:783)<br/>	at nl.hsac.fitnesse.fixture.util.selenium.SeleniumHelper.getElementByLabel(SeleniumHelper.java:431)<br/>	at nl.hsac.fitnesse.fixture.util.selenium.SeleniumHelper.getElementByLabelOccurrence(SeleniumHelper.java:386)<br/>	at nl.hsac.fitnesse.fixture.util.selenium.SeleniumHelper.getElementExact(SeleniumHelper.java:266)<br/>	at nl.hsac.fitnesse.fixture.util.selenium.SeleniumHelper.getElement(SeleniumHelper.java:232)<br/>	at nl.hsac.fitnesse.fixture.slim.web.BrowserTest.getElement(BrowserTest.java:1226)<br/>	at nl.hsac.fitnesse.fixture.slim.web.BrowserTest.getElementToRetrieveValue(BrowserTest.java:939)<br/>	at nl.hsac.fitnesse.fixture.slim.web.BrowserTest.valueForIn(BrowserTest.java:934)<br/>	at nl.hsac.fitnesse.fixture.slim.web.BrowserTest.valueFor(BrowserTest.java:924)<br/>	at nl.hsac.fitnesse.fixture.slim.web.BrowserTest.valueOf(BrowserTest.java:919)<br/>	at sun.reflect.GeneratedMethodAccessor2.invoke(Unknown Source)<br/>	at sun.reflect.DelegatingMethodAccessorImpl.invoke(DelegatingMethodAccessorImpl.java:43)<br/>	at java.lang.reflect.Method.invoke(Method.java:606)<br/>	at fitnesse.slim.fixtureInteraction.DefaultInteraction.methodInvoke(DefaultInteraction.java:147)<br/>	at nl.hsac.fitnesse.fixture.slim.SlimFixture.invoke(SlimFixture.java:50)<br/>	at nl.hsac.fitnesse.fixture.slim.web.BrowserTest.superInvoke(BrowserTest.java:105)<br/>	at nl.hsac.fitnesse.fixture.slim.web.BrowserTest$1.apply(BrowserTest.java:69)<br/>	at nl.hsac.fitnesse.fixture.slim.web.BrowserTest$1.apply(BrowserTest.java:65)<br/>	at nl.hsac.fitnesse.fixture.util.selenium.TryAllFramesConditionDecorator.apply(TryAllFramesConditionDecorator.java:34)<br/>	at nl.hsac.fitnesse.fixture.util.selenium.TryAllFramesConditionDecorator.apply(TryAllFramesConditionDecorator.java:16)<br/>	at nl.hsac.fitnesse.fixture.util.selenium.SeleniumHelper$2.apply(SeleniumHelper.java:930)<br/>	at nl.hsac.fitnesse.fixture.util.selenium.SeleniumHelper$2.apply(SeleniumHelper.java:926)<br/>	at org.openqa.selenium.support.ui.FluentWait.until(FluentWait.java:238)<br/>	at nl.hsac.fitnesse.fixture.util.selenium.SeleniumHelper.waitUntil(SeleniumHelper.java:915)<br/>	at nl.hsac.fitnesse.fixture.slim.web.BrowserTest.waitUntilImpl(BrowserTest.java:1728)<br/>	at nl.hsac.fitnesse.fixture.slim.web.BrowserTest.waitUntilOrNull(BrowserTest.java:1721)<br/>	at nl.hsac.fitnesse.fixture.slim.web.BrowserTest.invokedWrappedInWaitUntil(BrowserTest.java:91)<br/>	at nl.hsac.fitnesse.fixture.slim.web.BrowserTest.invoke(BrowserTest.java:59)<br/>	at nl.hsac.fitnesse.fixture.slim.SlimFixture.aroundSlimInvoke(SlimFixture.java:30)<br/>	at sun.reflect.GeneratedMethodAccessor1.invoke(Unknown Source)<br/>	at sun.reflect.DelegatingMethodAccessorImpl.invoke(DelegatingMethodAccessorImpl.java:43)<br/>	at java.lang.reflect.Method.invoke(Method.java:606)<br/>	at fitnesse.slim.fixtureInteraction.DefaultInteraction.methodInvoke(DefaultInteraction.java:147)<br/>	at fitnesse.slim.fixtureInteraction.DefaultInteraction.callMethod(DefaultInteraction.java:130)<br/>	at fitnesse.slim.fixtureInteraction.DefaultInteraction.invokeMethod(DefaultInteraction.java:114)<br/>	at fitnesse.slim.fixtureInteraction.DefaultInteraction.findAndInvoke(DefaultInteraction.java:92)<br/>	at fitnesse.slim.MethodExecutor.findAndInvoke(MethodExecutor.java:18)<br/>	at fitnesse.slim.FixtureMethodExecutor.execute(FixtureMethodExecutor.java:18)<br/>	at fitnesse.slim.StatementExecutor.getMethodExecutionResult(StatementExecutor.java:130)<br/>	at fitnesse.slim.StatementExecutor.callAndAssign(StatementExecutor.java:113)<br/>	at fitnesse.slim.instructions.CallAndAssignInstruction.executeInternal(CallAndAssignInstruction.java:38)<br/>	at fitnesse.slim.instructions.Instruction.execute(Instruction.java:29)<br/>	at fitnesse.slim.ListExecutor$Executive.executeStatement(ListExecutor.java:49)<br/>	at fitnesse.slim.ListExecutor$Executive.executeStatements(ListExecutor.java:43)<br/>	at fitnesse.slim.ListExecutor.execute(ListExecutor.java:85)<br/>	at fitnesse.slim.SlimServer.executeInstructions(SlimServer.java:82)<br/>	at fitnesse.slim.SlimServer.processOneSetOfInstructions(SlimServer.java:75)<br/>	at fitnesse.slim.SlimServer.tryProcessInstructions(SlimServer.java:62)<br/>	at fitnesse.slim.SlimServer.serve(SlimServer.java:47)<br/>	at fitnesse.testsystems.slim.InProcessSlimClient$1.run(InProcessSlimClient.java:53)<br/>	at java.lang.Thread.run(Thread.java:745)<br/></div></span></td>
		<td>value of</td>
		<td colspan="2">Vraagprijs</td>
	</tr>
	<tr>
		<td>$volume= <span class="error"><div>org.openqa.selenium.UnsupportedCommandException: ERROR The test with session id 6f27aa07b41543dea0129182d27fa190 has already finished, and can't receive further commands.<br/>You can learn more at https://saucelabs.com/jobs/6f27aa07b41543dea0129182d27fa190<br/>For help, please check https://wiki.saucelabs.com/display/DOCS/Common+Error+Messages<br/>Command duration or timeout: 86 milliseconds<br/>Build info: version: '2.53.1', revision: 'a36b8b1cd5757287168e54b817830adce9b0158d', time: '2016-06-30 19:26:09'<br/>System info: host: 'testing-docker-d5bb6f2e-34df-4e2f-b0eb-75f0030be081', ip: '172.17.0.9', os.name: 'Linux', os.arch: 'amd64', os.version: '4.8.12-040812-generic', java.version: '1.7.0_76'<br/>*** Element info: {Using=xpath, value=.//label/descendant-or-self::text()[normalize-space(translate(., '&nbsp;', ' '))='Inhoud']/ancestor-or-self::label}<br/>Session ID: 6f27aa07b41543dea0129182d27fa190<br/>Driver info: org.openqa.selenium.remote.RemoteWebDriver<br/>Capabilities [{platform=XP, javascriptEnabled=true, acceptSslCerts=true, hasMetadata=true, browserName=chrome, chrome={userDataDir=C:\Users\ADMINI~1\AppData\Local\Temp\scoped_dir1544_15926, chromedriverVersion=2.27.440174 (e97a722caafc2d3a8b807ee115bfb307f7d2cfd9)}, networkConnectionEnabled=false, unexpectedAlertBehaviour=, rotatable=false, mobileEmulationEnabled=false, locationContextEnabled=true, webdriver.remote.sessionid=6f27aa07b41543dea0129182d27fa190, pageLoadStrategy=normal, version=56.0.2924.76, takesHeapSnapshot=true, cssSelectorsEnabled=true, databaseEnabled=false, handlesAlerts=true, browserConnectionEnabled=false, webStorageEnabled=true, nativeEvents=true, hasTouchScreen=false, applicationCacheEnabled=false, takesScreenshot=true}]<br/>	at sun.reflect.NativeConstructorAccessorImpl.newInstance0(Native Method)<br/>	at sun.reflect.NativeConstructorAccessorImpl.newInstance(NativeConstructorAccessorImpl.java:57)<br/>	at sun.reflect.DelegatingConstructorAccessorImpl.newInstance(DelegatingConstructorAccessorImpl.java:45)<br/>	at java.lang.reflect.Constructor.newInstance(Constructor.java:526)<br/>	at org.openqa.selenium.remote.ErrorHandler.createThrowable(ErrorHandler.java:206)<br/>	at org.openqa.selenium.remote.ErrorHandler.throwIfResponseFailed(ErrorHandler.java:158)<br/>	at org.openqa.selenium.remote.RemoteWebDriver.execute(RemoteWebDriver.java:678)<br/>	at org.openqa.selenium.remote.RemoteWebDriver.findElements(RemoteWebDriver.java:388)<br/>	at org.openqa.selenium.remote.RemoteWebDriver.findElementsByXPath(RemoteWebDriver.java:504)<br/>	at org.openqa.selenium.By$ByXPath.findElements(By.java:356)<br/>	at org.openqa.selenium.remote.RemoteWebDriver.findElements(RemoteWebDriver.java:351)<br/>	at nl.hsac.fitnesse.fixture.util.selenium.SeleniumHelper.findElement(SeleniumHelper.java:961)<br/>	at nl.hsac.fitnesse.fixture.util.selenium.SeleniumHelper.findElement(SeleniumHelper.java:803)<br/>	at nl.hsac.fitnesse.fixture.util.selenium.SeleniumHelper.findElement(SeleniumHelper.java:792)<br/>	at nl.hsac.fitnesse.fixture.util.selenium.SeleniumHelper.findByXPath(SeleniumHelper.java:783)<br/>	at nl.hsac.fitnesse.fixture.util.selenium.SeleniumHelper.getElementByLabel(SeleniumHelper.java:431)<br/>	at nl.hsac.fitnesse.fixture.util.selenium.SeleniumHelper.getElementByLabelOccurrence(SeleniumHelper.java:386)<br/>	at nl.hsac.fitnesse.fixture.util.selenium.SeleniumHelper.getElementExact(SeleniumHelper.java:266)<br/>	at nl.hsac.fitnesse.fixture.util.selenium.SeleniumHelper.getElement(SeleniumHelper.java:232)<br/>	at nl.hsac.fitnesse.fixture.slim.web.BrowserTest.getElement(BrowserTest.java:1226)<br/>	at nl.hsac.fitnesse.fixture.slim.web.BrowserTest.getElementToRetrieveValue(BrowserTest.java:939)<br/>	at nl.hsac.fitnesse.fixture.slim.web.BrowserTest.valueForIn(BrowserTest.java:934)<br/>	at nl.hsac.fitnesse.fixture.slim.web.BrowserTest.valueFor(BrowserTest.java:924)<br/>	at nl.hsac.fitnesse.fixture.slim.web.BrowserTest.valueOf(BrowserTest.java:919)<br/>	at sun.reflect.GeneratedMethodAccessor2.invoke(Unknown Source)<br/>	at sun.reflect.DelegatingMethodAccessorImpl.invoke(DelegatingMethodAccessorImpl.java:43)<br/>	at java.lang.reflect.Method.invoke(Method.java:606)<br/>	at fitnesse.slim.fixtureInteraction.DefaultInteraction.methodInvoke(DefaultInteraction.java:147)<br/>	at nl.hsac.fitnesse.fixture.slim.SlimFixture.invoke(SlimFixture.java:50)<br/>	at nl.hsac.fitnesse.fixture.slim.web.BrowserTest.superInvoke(BrowserTest.java:105)<br/>	at nl.hsac.fitnesse.fixture.slim.web.BrowserTest$1.apply(BrowserTest.java:69)<br/>	at nl.hsac.fitnesse.fixture.slim.web.BrowserTest$1.apply(BrowserTest.java:65)<br/>	at nl.hsac.fitnesse.fixture.util.selenium.TryAllFramesConditionDecorator.apply(TryAllFramesConditionDecorator.java:34)<br/>	at nl.hsac.fitnesse.fixture.util.selenium.TryAllFramesConditionDecorator.apply(TryAllFramesConditionDecorator.java:16)<br/>	at nl.hsac.fitnesse.fixture.util.selenium.SeleniumHelper$2.apply(SeleniumHelper.java:930)<br/>	at nl.hsac.fitnesse.fixture.util.selenium.SeleniumHelper$2.apply(SeleniumHelper.java:926)<br/>	at org.openqa.selenium.support.ui.FluentWait.until(FluentWait.java:238)<br/>	at nl.hsac.fitnesse.fixture.util.selenium.SeleniumHelper.waitUntil(SeleniumHelper.java:915)<br/>	at nl.hsac.fitnesse.fixture.slim.web.BrowserTest.waitUntilImpl(BrowserTest.java:1728)<br/>	at nl.hsac.fitnesse.fixture.slim.web.BrowserTest.waitUntilOrNull(BrowserTest.java:1721)<br/>	at nl.hsac.fitnesse.fixture.slim.web.BrowserTest.invokedWrappedInWaitUntil(BrowserTest.java:91)<br/>	at nl.hsac.fitnesse.fixture.slim.web.BrowserTest.invoke(BrowserTest.java:59)<br/>	at nl.hsac.fitnesse.fixture.slim.SlimFixture.aroundSlimInvoke(SlimFixture.java:30)<br/>	at sun.reflect.GeneratedMethodAccessor1.invoke(Unknown Source)<br/>	at sun.reflect.DelegatingMethodAccessorImpl.invoke(DelegatingMethodAccessorImpl.java:43)<br/>	at java.lang.reflect.Method.invoke(Method.java:606)<br/>	at fitnesse.slim.fixtureInteraction.DefaultInteraction.methodInvoke(DefaultInteraction.java:147)<br/>	at fitnesse.slim.fixtureInteraction.DefaultInteraction.callMethod(DefaultInteraction.java:130)<br/>	at fitnesse.slim.fixtureInteraction.DefaultInteraction.invokeMethod(DefaultInteraction.java:114)<br/>	at fitnesse.slim.fixtureInteraction.DefaultInteraction.findAndInvoke(DefaultInteraction.java:92)<br/>	at fitnesse.slim.MethodExecutor.findAndInvoke(MethodExecutor.java:18)<br/>	at fitnesse.slim.FixtureMethodExecutor.execute(FixtureMethodExecutor.java:18)<br/>	at fitnesse.slim.StatementExecutor.getMethodExecutionResult(StatementExecutor.java:130)<br/>	at fitnesse.slim.StatementExecutor.callAndAssign(StatementExecutor.java:113)<br/>	at fitnesse.slim.instructions.CallAndAssignInstruction.executeInternal(CallAndAssignInstruction.java:38)<br/>	at fitnesse.slim.instructions.Instruction.execute(Instruction.java:29)<br/>	at fitnesse.slim.ListExecutor$Executive.executeStatement(ListExecutor.java:49)<br/>	at fitnesse.slim.ListExecutor$Executive.executeStatements(ListExecutor.java:43)<br/>	at fitnesse.slim.ListExecutor.execute(ListExecutor.java:85)<br/>	at fitnesse.slim.SlimServer.executeInstructions(SlimServer.java:82)<br/>	at fitnesse.slim.SlimServer.processOneSetOfInstructions(SlimServer.java:75)<br/>	at fitnesse.slim.SlimServer.tryProcessInstructions(SlimServer.java:62)<br/>	at fitnesse.slim.SlimServer.serve(SlimServer.java:47)<br/>	at fitnesse.testsystems.slim.InProcessSlimClient$1.run(InProcessSlimClient.java:53)<br/>	at java.lang.Thread.run(Thread.java:745)<br/></div></span></td>
		<td>value of</td>
		<td colspan="2">Inhoud</td>
	</tr>
	<tr>
		<td>check</td>
		<td>value of</td>
		<td>Woonoppervlakte</td>
		<td>323 m² <span class="error"><div>org.openqa.selenium.UnsupportedCommandException: ERROR The test with session id 6f27aa07b41543dea0129182d27fa190 has already finished, and can't receive further commands.<br/>You can learn more at https://saucelabs.com/jobs/6f27aa07b41543dea0129182d27fa190<br/>For help, please check https://wiki.saucelabs.com/display/DOCS/Common+Error+Messages<br/>Command duration or timeout: 91 milliseconds<br/>Build info: version: '2.53.1', revision: 'a36b8b1cd5757287168e54b817830adce9b0158d', time: '2016-06-30 19:26:09'<br/>System info: host: 'testing-docker-d5bb6f2e-34df-4e2f-b0eb-75f0030be081', ip: '172.17.0.9', os.name: 'Linux', os.arch: 'amd64', os.version: '4.8.12-040812-generic', java.version: '1.7.0_76'<br/>*** Element info: {Using=xpath, value=.//label/descendant-or-self::text()[normalize-space(translate(., '&nbsp;', ' '))='Woonoppervlakte']/ancestor-or-self::label}<br/>Session ID: 6f27aa07b41543dea0129182d27fa190<br/>Driver info: org.openqa.selenium.remote.RemoteWebDriver<br/>Capabilities [{platform=XP, javascriptEnabled=true, acceptSslCerts=true, hasMetadata=true, browserName=chrome, chrome={userDataDir=C:\Users\ADMINI~1\AppData\Local\Temp\scoped_dir1544_15926, chromedriverVersion=2.27.440174 (e97a722caafc2d3a8b807ee115bfb307f7d2cfd9)}, networkConnectionEnabled=false, unexpectedAlertBehaviour=, rotatable=false, mobileEmulationEnabled=false, locationContextEnabled=true, webdriver.remote.sessionid=6f27aa07b41543dea0129182d27fa190, pageLoadStrategy=normal, version=56.0.2924.76, takesHeapSnapshot=true, cssSelectorsEnabled=true, databaseEnabled=false, handlesAlerts=true, browserConnectionEnabled=false, webStorageEnabled=true, nativeEvents=true, hasTouchScreen=false, applicationCacheEnabled=false, takesScreenshot=true}]<br/>	at sun.reflect.NativeConstructorAccessorImpl.newInstance0(Native Method)<br/>	at sun.reflect.NativeConstructorAccessorImpl.newInstance(NativeConstructorAccessorImpl.java:57)<br/>	at sun.reflect.DelegatingConstructorAccessorImpl.newInstance(DelegatingConstructorAccessorImpl.java:45)<br/>	at java.lang.reflect.Constructor.newInstance(Constructor.java:526)<br/>	at org.openqa.selenium.remote.ErrorHandler.createThrowable(ErrorHandler.java:206)<br/>	at org.openqa.selenium.remote.ErrorHandler.throwIfResponseFailed(ErrorHandler.java:158)<br/>	at org.openqa.selenium.remote.RemoteWebDriver.execute(RemoteWebDriver.java:678)<br/>	at org.openqa.selenium.remote.RemoteWebDriver.findElements(RemoteWebDriver.java:388)<br/>	at org.openqa.selenium.remote.RemoteWebDriver.findElementsByXPath(RemoteWebDriver.java:504)<br/>	at org.openqa.selenium.By$ByXPath.findElements(By.java:356)<br/>	at org.openqa.selenium.remote.RemoteWebDriver.findElements(RemoteWebDriver.java:351)<br/>	at nl.hsac.fitnesse.fixture.util.selenium.SeleniumHelper.findElement(SeleniumHelper.java:961)<br/>	at nl.hsac.fitnesse.fixture.util.selenium.SeleniumHelper.findElement(SeleniumHelper.java:803)<br/>	at nl.hsac.fitnesse.fixture.util.selenium.SeleniumHelper.findElement(SeleniumHelper.java:792)<br/>	at nl.hsac.fitnesse.fixture.util.selenium.SeleniumHelper.findByXPath(SeleniumHelper.java:783)<br/>	at nl.hsac.fitnesse.fixture.util.selenium.SeleniumHelper.getElementByLabel(SeleniumHelper.java:431)<br/>	at nl.hsac.fitnesse.fixture.util.selenium.SeleniumHelper.getElementByLabelOccurrence(SeleniumHelper.java:386)<br/>	at nl.hsac.fitnesse.fixture.util.selenium.SeleniumHelper.getElementExact(SeleniumHelper.java:266)<br/>	at nl.hsac.fitnesse.fixture.util.selenium.SeleniumHelper.getElement(SeleniumHelper.java:232)<br/>	at nl.hsac.fitnesse.fixture.slim.web.BrowserTest.getElement(BrowserTest.java:1226)<br/>	at nl.hsac.fitnesse.fixture.slim.web.BrowserTest.getElementToRetrieveValue(BrowserTest.java:939)<br/>	at nl.hsac.fitnesse.fixture.slim.web.BrowserTest.valueForIn(BrowserTest.java:934)<br/>	at nl.hsac.fitnesse.fixture.slim.web.BrowserTest.valueFor(BrowserTest.java:924)<br/>	at nl.hsac.fitnesse.fixture.slim.web.BrowserTest.valueOf(BrowserTest.java:919)<br/>	at sun.reflect.GeneratedMethodAccessor2.invoke(Unknown Source)<br/>	at sun.reflect.DelegatingMethodAccessorImpl.invoke(DelegatingMethodAccessorImpl.java:43)<br/>	at java.lang.reflect.Method.invoke(Method.java:606)<br/>	at fitnesse.slim.fixtureInteraction.DefaultInteraction.methodInvoke(DefaultInteraction.java:147)<br/>	at nl.hsac.fitnesse.fixture.slim.SlimFixture.invoke(SlimFixture.java:50)<br/>	at nl.hsac.fitnesse.fixture.slim.web.BrowserTest.superInvoke(BrowserTest.java:105)<br/>	at nl.hsac.fitnesse.fixture.slim.web.BrowserTest$1.apply(BrowserTest.java:69)<br/>	at nl.hsac.fitnesse.fixture.slim.web.BrowserTest$1.apply(BrowserTest.java:65)<br/>	at nl.hsac.fitnesse.fixture.util.selenium.TryAllFramesConditionDecorator.apply(TryAllFramesConditionDecorator.java:34)<br/>	at nl.hsac.fitnesse.fixture.util.selenium.TryAllFramesConditionDecorator.apply(TryAllFramesConditionDecorator.java:16)<br/>	at nl.hsac.fitnesse.fixture.util.selenium.SeleniumHelper$2.apply(SeleniumHelper.java:930)<br/>	at nl.hsac.fitnesse.fixture.util.selenium.SeleniumHelper$2.apply(SeleniumHelper.java:926)<br/>	at org.openqa.selenium.support.ui.FluentWait.until(FluentWait.java:238)<br/>	at nl.hsac.fitnesse.fixture.util.selenium.SeleniumHelper.waitUntil(SeleniumHelper.java:915)<br/>	at nl.hsac.fitnesse.fixture.slim.web.BrowserTest.waitUntilImpl(BrowserTest.java:1728)<br/>	at nl.hsac.fitnesse.fixture.slim.web.BrowserTest.waitUntilOrNull(BrowserTest.java:1721)<br/>	at nl.hsac.fitnesse.fixture.slim.web.BrowserTest.invokedWrappedInWaitUntil(BrowserTest.java:91)<br/>	at nl.hsac.fitnesse.fixture.slim.web.BrowserTest.invoke(BrowserTest.java:59)<br/>	at nl.hsac.fitnesse.fixture.slim.SlimFixture.aroundSlimInvoke(SlimFixture.java:30)<br/>	at sun.reflect.GeneratedMethodAccessor1.invoke(Unknown Source)<br/>	at sun.reflect.DelegatingMethodAccessorImpl.invoke(DelegatingMethodAccessorImpl.java:43)<br/>	at java.lang.reflect.Method.invoke(Method.java:606)<br/>	at fitnesse.slim.fixtureInteraction.DefaultInteraction.methodInvoke(DefaultInteraction.java:147)<br/>	at fitnesse.slim.fixtureInteraction.DefaultInteraction.callMethod(DefaultInteraction.java:130)<br/>	at fitnesse.slim.fixtureInteraction.DefaultInteraction.invokeMethod(DefaultInteraction.java:114)<br/>	at fitnesse.slim.fixtureInteraction.DefaultInteraction.findAndInvoke(DefaultInteraction.java:92)<br/>	at fitnesse.slim.MethodExecutor.findAndInvoke(MethodExecutor.java:18)<br/>	at fitnesse.slim.FixtureMethodExecutor.execute(FixtureMethodExecutor.java:18)<br/>	at fitnesse.slim.StatementExecutor.getMethodExecutionResult(StatementExecutor.java:130)<br/>	at fitnesse.slim.StatementExecutor.call(StatementExecutor.java:103)<br/>	at fitnesse.slim.instructions.CallInstruction.executeInternal(CallInstruction.java:35)<br/>	at fitnesse.slim.instructions.Instruction.execute(Instruction.java:29)<br/>	at fitnesse.slim.ListExecutor$Executive.executeStatement(ListExecutor.java:49)<br/>	at fitnesse.slim.ListExecutor$Executive.executeStatements(ListExecutor.java:43)<br/>	at fitnesse.slim.ListExecutor.execute(ListExecutor.java:85)<br/>	at fitnesse.slim.SlimServer.executeInstructions(SlimServer.java:82)<br/>	at fitnesse.slim.SlimServer.processOneSetOfInstructions(SlimServer.java:75)<br/>	at fitnesse.slim.SlimServer.tryProcessInstructions(SlimServer.java:62)<br/>	at fitnesse.slim.SlimServer.serve(SlimServer.java:47)<br/>	at fitnesse.testsystems.slim.InProcessSlimClient$1.run(InProcessSlimClient.java:53)<br/>	at java.lang.Thread.run(Thread.java:745)<br/></div></span></td>
	<td> <span class="error"><div>org.openqa.selenium.UnsupportedCommandException: ERROR The test with session id 6f27aa07b41543dea0129182d27fa190 has already finished, and can't receive further commands.<br/>You can learn more at https://saucelabs.com/jobs/6f27aa07b41543dea0129182d27fa190<br/>For help, please check https://wiki.saucelabs.com/display/DOCS/Common+Error+Messages<br/>Command duration or timeout: 90 milliseconds<br/>Build info: version: '2.53.1', revision: 'a36b8b1cd5757287168e54b817830adce9b0158d', time: '2016-06-30 19:26:09'<br/>System info: host: 'testing-docker-d5bb6f2e-34df-4e2f-b0eb-75f0030be081', ip: '172.17.0.9', os.name: 'Linux', os.arch: 'amd64', os.version: '4.8.12-040812-generic', java.version: '1.7.0_76'<br/>Session ID: 6f27aa07b41543dea0129182d27fa190<br/>Driver info: org.openqa.selenium.remote.RemoteWebDriver<br/>Capabilities [{platform=XP, javascriptEnabled=true, acceptSslCerts=true, hasMetadata=true, browserName=chrome, chrome={userDataDir=C:\Users\ADMINI~1\AppData\Local\Temp\scoped_dir1544_15926, chromedriverVersion=2.27.440174 (e97a722caafc2d3a8b807ee115bfb307f7d2cfd9)}, networkConnectionEnabled=false, unexpectedAlertBehaviour=, rotatable=false, mobileEmulationEnabled=false, locationContextEnabled=true, webdriver.remote.sessionid=6f27aa07b41543dea0129182d27fa190, pageLoadStrategy=normal, version=56.0.2924.76, takesHeapSnapshot=true, cssSelectorsEnabled=true, databaseEnabled=false, handlesAlerts=true, browserConnectionEnabled=false, webStorageEnabled=true, nativeEvents=true, hasTouchScreen=false, applicationCacheEnabled=false, takesScreenshot=true}]<br/>	at sun.reflect.NativeConstructorAccessorImpl.newInstance0(Native Method)<br/>	at sun.reflect.NativeConstructorAccessorImpl.newInstance(NativeConstructorAccessorImpl.java:57)<br/>	at sun.reflect.DelegatingConstructorAccessorImpl.newInstance(DelegatingConstructorAccessorImpl.java:45)<br/>	at java.lang.reflect.Constructor.newInstance(Constructor.java:526)<br/>	at org.openqa.selenium.remote.ErrorHandler.createThrowable(ErrorHandler.java:206)<br/>	at org.openqa.selenium.remote.ErrorHandler.throwIfResponseFailed(ErrorHandler.java:158)<br/>	at org.openqa.selenium.remote.RemoteWebDriver.execute(RemoteWebDriver.java:678)<br/>	at org.openqa.selenium.remote.RemoteWebDriver.execute(RemoteWebDriver.java:701)<br/>	at org.openqa.selenium.remote.RemoteWebDriver.getScreenshotAs(RemoteWebDriver.java:335)<br/>	at nl.hsac.fitnesse.fixture.util.selenium.SeleniumHelper.takeScreenshot(SeleniumHelper.java:1069)<br/>	at nl.hsac.fitnesse.fixture.slim.web.BrowserTest.createScreenshot(BrowserTest.java:1629)<br/>	at nl.hsac.fitnesse.fixture.slim.web.BrowserTest.takeScreenshot(BrowserTest.java:1591)<br/>	at sun.reflect.GeneratedMethodAccessor6.invoke(Unknown Source)<br/>	at sun.reflect.DelegatingMethodAccessorImpl.invoke(DelegatingMethodAccessorImpl.java:43)<br/>	at java.lang.reflect.Method.invoke(Method.java:606)<br/>	at fitnesse.slim.fixtureInteraction.DefaultInteraction.methodInvoke(DefaultInteraction.java:147)<br/>	at nl.hsac.fitnesse.fixture.slim.SlimFixture.invoke(SlimFixture.java:50)<br/>	at nl.hsac.fitnesse.fixture.slim.web.BrowserTest.superInvoke(BrowserTest.java:105)<br/>	at nl.hsac.fitnesse.fixture.slim.web.BrowserTest.invoke(BrowserTest.java:57)<br/>	at nl.hsac.fitnesse.fixture.slim.SlimFixture.aroundSlimInvoke(SlimFixture.java:30)<br/>	at sun.reflect.GeneratedMethodAccessor1.invoke(Unknown Source)<br/>	at sun.reflect.DelegatingMethodAccessorImpl.invoke(DelegatingMethodAccessorImpl.java:43)<br/>	at java.lang.reflect.Method.invoke(Method.java:606)<br/>	at fitnesse.slim.fixtureInteraction.DefaultInteraction.methodInvoke(DefaultInteraction.java:147)<br/>	at fitnesse.slim.fixtureInteraction.DefaultInteraction.callMethod(DefaultInteraction.java:130)<br/>	at fitnesse.slim.fixtureInteraction.DefaultInteraction.invokeMethod(DefaultInteraction.java:114)<br/>	at fitnesse.slim.fixtureInteraction.DefaultInteraction.findAndInvoke(DefaultInteraction.java:92)<br/>	at fitnesse.slim.MethodExecutor.findAndInvoke(MethodExecutor.java:18)<br/>	at fitnesse.slim.FixtureMethodExecutor.execute(FixtureMethodExecutor.java:18)<br/>	at fitnesse.slim.StatementExecutor.getMethodExecutionResult(StatementExecutor.java:130)<br/>	at fitnesse.slim.StatementExecutor.call(StatementExecutor.java:103)<br/>	at fitnesse.slim.instructions.CallInstruction.executeInternal(CallInstruction.java:35)<br/>	at fitnesse.slim.instructions.Instruction.execute(Instruction.java:29)<br/>	at fitnesse.slim.ListExecutor$Executive.executeStatement(ListExecutor.java:49)<br/>	at fitnesse.slim.ListExecutor$Executive.executeStatements(ListExecutor.java:43)<br/>	at fitnesse.slim.ListExecutor.execute(ListExecutor.java:85)<br/>	at fitnesse.slim.SlimServer.executeInstructions(SlimServer.java:82)<br/>	at fitnesse.slim.SlimServer.processOneSetOfInstructions(SlimServer.java:75)<br/>	at fitnesse.slim.SlimServer.tryProcessInstructions(SlimServer.java:62)<br/>	at fitnesse.slim.SlimServer.serve(SlimServer.java:47)<br/>	at fitnesse.testsystems.slim.InProcessSlimClient$1.run(InProcessSlimClient.java:53)<br/>	at java.lang.Thread.run(Thread.java:745)<br/></div></span></td></tr>
	<tr>
		<td>$yearBuilt= <span class="error"><div>org.openqa.selenium.UnsupportedCommandException: ERROR The test with session id 6f27aa07b41543dea0129182d27fa190 has already finished, and can't receive further commands.<br/>You can learn more at https://saucelabs.com/jobs/6f27aa07b41543dea0129182d27fa190<br/>For help, please check https://wiki.saucelabs.com/display/DOCS/Common+Error+Messages<br/>Command duration or timeout: 89 milliseconds<br/>Build info: version: '2.53.1', revision: 'a36b8b1cd5757287168e54b817830adce9b0158d', time: '2016-06-30 19:26:09'<br/>System info: host: 'testing-docker-d5bb6f2e-34df-4e2f-b0eb-75f0030be081', ip: '172.17.0.9', os.name: 'Linux', os.arch: 'amd64', os.version: '4.8.12-040812-generic', java.version: '1.7.0_76'<br/>*** Element info: {Using=xpath, value=.//label/descendant-or-self::text()[normalize-space(translate(., '&nbsp;', ' '))='Bouwjaar']/ancestor-or-self::label}<br/>Session ID: 6f27aa07b41543dea0129182d27fa190<br/>Driver info: org.openqa.selenium.remote.RemoteWebDriver<br/>Capabilities [{platform=XP, javascriptEnabled=true, acceptSslCerts=true, hasMetadata=true, browserName=chrome, chrome={userDataDir=C:\Users\ADMINI~1\AppData\Local\Temp\scoped_dir1544_15926, chromedriverVersion=2.27.440174 (e97a722caafc2d3a8b807ee115bfb307f7d2cfd9)}, networkConnectionEnabled=false, unexpectedAlertBehaviour=, rotatable=false, mobileEmulationEnabled=false, locationContextEnabled=true, webdriver.remote.sessionid=6f27aa07b41543dea0129182d27fa190, pageLoadStrategy=normal, version=56.0.2924.76, takesHeapSnapshot=true, cssSelectorsEnabled=true, databaseEnabled=false, handlesAlerts=true, browserConnectionEnabled=false, webStorageEnabled=true, nativeEvents=true, hasTouchScreen=false, applicationCacheEnabled=false, takesScreenshot=true}]<br/>	at sun.reflect.NativeConstructorAccessorImpl.newInstance0(Native Method)<br/>	at sun.reflect.NativeConstructorAccessorImpl.newInstance(NativeConstructorAccessorImpl.java:57)<br/>	at sun.reflect.DelegatingConstructorAccessorImpl.newInstance(DelegatingConstructorAccessorImpl.java:45)<br/>	at java.lang.reflect.Constructor.newInstance(Constructor.java:526)<br/>	at org.openqa.selenium.remote.ErrorHandler.createThrowable(ErrorHandler.java:206)<br/>	at org.openqa.selenium.remote.ErrorHandler.throwIfResponseFailed(ErrorHandler.java:158)<br/>	at org.openqa.selenium.remote.RemoteWebDriver.execute(RemoteWebDriver.java:678)<br/>	at org.openqa.selenium.remote.RemoteWebDriver.findElements(RemoteWebDriver.java:388)<br/>	at org.openqa.selenium.remote.RemoteWebDriver.findElementsByXPath(RemoteWebDriver.java:504)<br/>	at org.openqa.selenium.By$ByXPath.findElements(By.java:356)<br/>	at org.openqa.selenium.remote.RemoteWebDriver.findElements(RemoteWebDriver.java:351)<br/>	at nl.hsac.fitnesse.fixture.util.selenium.SeleniumHelper.findElement(SeleniumHelper.java:961)<br/>	at nl.hsac.fitnesse.fixture.util.selenium.SeleniumHelper.findElement(SeleniumHelper.java:803)<br/>	at nl.hsac.fitnesse.fixture.util.selenium.SeleniumHelper.findElement(SeleniumHelper.java:792)<br/>	at nl.hsac.fitnesse.fixture.util.selenium.SeleniumHelper.findByXPath(SeleniumHelper.java:783)<br/>	at nl.hsac.fitnesse.fixture.util.selenium.SeleniumHelper.getElementByLabel(SeleniumHelper.java:431)<br/>	at nl.hsac.fitnesse.fixture.util.selenium.SeleniumHelper.getElementByLabelOccurrence(SeleniumHelper.java:386)<br/>	at nl.hsac.fitnesse.fixture.util.selenium.SeleniumHelper.getElementExact(SeleniumHelper.java:266)<br/>	at nl.hsac.fitnesse.fixture.util.selenium.SeleniumHelper.getElement(SeleniumHelper.java:232)<br/>	at nl.hsac.fitnesse.fixture.slim.web.BrowserTest.getElement(BrowserTest.java:1226)<br/>	at nl.hsac.fitnesse.fixture.slim.web.BrowserTest.getElementToRetrieveValue(BrowserTest.java:939)<br/>	at nl.hsac.fitnesse.fixture.slim.web.BrowserTest.valueForIn(BrowserTest.java:934)<br/>	at nl.hsac.fitnesse.fixture.slim.web.BrowserTest.valueFor(BrowserTest.java:924)<br/>	at nl.hsac.fitnesse.fixture.slim.web.BrowserTest.valueOf(BrowserTest.java:919)<br/>	at sun.reflect.GeneratedMethodAccessor2.invoke(Unknown Source)<br/>	at sun.reflect.DelegatingMethodAccessorImpl.invoke(DelegatingMethodAccessorImpl.java:43)<br/>	at java.lang.reflect.Method.invoke(Method.java:606)<br/>	at fitnesse.slim.fixtureInteraction.DefaultInteraction.methodInvoke(DefaultInteraction.java:147)<br/>	at nl.hsac.fitnesse.fixture.slim.SlimFixture.invoke(SlimFixture.java:50)<br/>	at nl.hsac.fitnesse.fixture.slim.web.BrowserTest.superInvoke(BrowserTest.java:105)<br/>	at nl.hsac.fitnesse.fixture.slim.web.BrowserTest$1.apply(BrowserTest.java:69)<br/>	at nl.hsac.fitnesse.fixture.slim.web.BrowserTest$1.apply(BrowserTest.java:65)<br/>	at nl.hsac.fitnesse.fixture.util.selenium.TryAllFramesConditionDecorator.apply(TryAllFramesConditionDecorator.java:34)<br/>	at nl.hsac.fitnesse.fixture.util.selenium.TryAllFramesConditionDecorator.apply(TryAllFramesConditionDecorator.java:16)<br/>	at nl.hsac.fitnesse.fixture.util.selenium.SeleniumHelper$2.apply(SeleniumHelper.java:930)<br/>	at nl.hsac.fitnesse.fixture.util.selenium.SeleniumHelper$2.apply(SeleniumHelper.java:926)<br/>	at org.openqa.selenium.support.ui.FluentWait.until(FluentWait.java:238)<br/>	at nl.hsac.fitnesse.fixture.util.selenium.SeleniumHelper.waitUntil(SeleniumHelper.java:915)<br/>	at nl.hsac.fitnesse.fixture.slim.web.BrowserTest.waitUntilImpl(BrowserTest.java:1728)<br/>	at nl.hsac.fitnesse.fixture.slim.web.BrowserTest.waitUntilOrNull(BrowserTest.java:1721)<br/>	at nl.hsac.fitnesse.fixture.slim.web.BrowserTest.invokedWrappedInWaitUntil(BrowserTest.java:91)<br/>	at nl.hsac.fitnesse.fixture.slim.web.BrowserTest.invoke(BrowserTest.java:59)<br/>	at nl.hsac.fitnesse.fixture.slim.SlimFixture.aroundSlimInvoke(SlimFixture.java:30)<br/>	at sun.reflect.GeneratedMethodAccessor1.invoke(Unknown Source)<br/>	at sun.reflect.DelegatingMethodAccessorImpl.invoke(DelegatingMethodAccessorImpl.java:43)<br/>	at java.lang.reflect.Method.invoke(Method.java:606)<br/>	at fitnesse.slim.fixtureInteraction.DefaultInteraction.methodInvoke(DefaultInteraction.java:147)<br/>	at fitnesse.slim.fixtureInteraction.DefaultInteraction.callMethod(DefaultInteraction.java:130)<br/>	at fitnesse.slim.fixtureInteraction.DefaultInteraction.invokeMethod(DefaultInteraction.java:114)<br/>	at fitnesse.slim.fixtureInteraction.DefaultInteraction.findAndInvoke(DefaultInteraction.java:92)<br/>	at fitnesse.slim.MethodExecutor.findAndInvoke(MethodExecutor.java:18)<br/>	at fitnesse.slim.FixtureMethodExecutor.execute(FixtureMethodExecutor.java:18)<br/>	at fitnesse.slim.StatementExecutor.getMethodExecutionResult(StatementExecutor.java:130)<br/>	at fitnesse.slim.StatementExecutor.callAndAssign(StatementExecutor.java:113)<br/>	at fitnesse.slim.instructions.CallAndAssignInstruction.executeInternal(CallAndAssignInstruction.java:38)<br/>	at fitnesse.slim.instructions.Instruction.execute(Instruction.java:29)<br/>	at fitnesse.slim.ListExecutor$Executive.executeStatement(ListExecutor.java:49)<br/>	at fitnesse.slim.ListExecutor$Executive.executeStatements(ListExecutor.java:43)<br/>	at fitnesse.slim.ListExecutor.execute(ListExecutor.java:85)<br/>	at fitnesse.slim.SlimServer.executeInstructions(SlimServer.java:82)<br/>	at fitnesse.slim.SlimServer.processOneSetOfInstructions(SlimServer.java:75)<br/>	at fitnesse.slim.SlimServer.tryProcessInstructions(SlimServer.java:62)<br/>	at fitnesse.slim.SlimServer.serve(SlimServer.java:47)<br/>	at fitnesse.testsystems.slim.InProcessSlimClient$1.run(InProcessSlimClient.java:53)<br/>	at java.lang.Thread.run(Thread.java:745)<br/></div></span></td>
		<td>value of</td>
		<td colspan="2">Bouwjaar</td>
	</tr>
</table></td></tr>
	<tr class="scenario closed">
		<td class="error">Lange Nieuwstraat 72</td>
		<td class="error">Utrecht</td>
		<td class="error">€ 1.942.500 k.k. <span class="ignore">Test not run</span></td>
		<td class="error">820</td>
		<td class="error">Voor 1906 <span class="ignore">Test not run</span></td>
		<td class="error">3.190 m³ <span class="ignore">Test not run</span></td>
	</tr><tr class="scenario-detail closed-detail"><td colspan="6"><table>
	<tr>
		<td>table template</td>
		<td colspan="3">check original price</td>
	</tr>
	<tr>
		<td>open <span class="error"><div>org.openqa.selenium.UnsupportedCommandException: ERROR The test with session id 6f27aa07b41543dea0129182d27fa190 has already finished, and can't receive further commands.<br/>You can learn more at https://saucelabs.com/jobs/6f27aa07b41543dea0129182d27fa190<br/>For help, please check https://wiki.saucelabs.com/display/DOCS/Common+Error+Messages<br/>Command duration or timeout: 83 milliseconds<br/>Build info: version: '2.53.1', revision: 'a36b8b1cd5757287168e54b817830adce9b0158d', time: '2016-06-30 19:26:09'<br/>System info: host: 'testing-docker-d5bb6f2e-34df-4e2f-b0eb-75f0030be081', ip: '172.17.0.9', os.name: 'Linux', os.arch: 'amd64', os.version: '4.8.12-040812-generic', java.version: '1.7.0_76'<br/>Session ID: 6f27aa07b41543dea0129182d27fa190<br/>Driver info: org.openqa.selenium.remote.RemoteWebDriver<br/>Capabilities [{platform=XP, javascriptEnabled=true, acceptSslCerts=true, hasMetadata=true, browserName=chrome, chrome={userDataDir=C:\Users\ADMINI~1\AppData\Local\Temp\scoped_dir1544_15926, chromedriverVersion=2.27.440174 (e97a722caafc2d3a8b807ee115bfb307f7d2cfd9)}, networkConnectionEnabled=false, unexpectedAlertBehaviour=, rotatable=false, mobileEmulationEnabled=false, locationContextEnabled=true, webdriver.remote.sessionid=6f27aa07b41543dea0129182d27fa190, pageLoadStrategy=normal, version=56.0.2924.76, takesHeapSnapshot=true, cssSelectorsEnabled=true, databaseEnabled=false, handlesAlerts=true, browserConnectionEnabled=false, webStorageEnabled=true, nativeEvents=true, hasTouchScreen=false, applicationCacheEnabled=false, takesScreenshot=true}]<br/>	at sun.reflect.GeneratedConstructorAccessor14.newInstance(Unknown Source)<br/>	at sun.reflect.DelegatingConstructorAccessorImpl.newInstance(DelegatingConstructorAccessorImpl.java:45)<br/>	at java.lang.reflect.Constructor.newInstance(Constructor.java:526)<br/>	at org.openqa.selenium.remote.ErrorHandler.createThrowable(ErrorHandler.java:206)<br/>	at org.openqa.selenium.remote.ErrorHandler.throwIfResponseFailed(ErrorHandler.java:158)<br/>	at org.openqa.selenium.remote.RemoteWebDriver.execute(RemoteWebDriver.java:678)<br/>	at org.openqa.selenium.remote.RemoteWebDriver$RemoteTargetLocator.defaultContent(RemoteWebDriver.java:1039)<br/>	at nl.hsac.fitnesse.fixture.util.selenium.SeleniumHelper.switchToDefaultContent(SeleniumHelper.java:1212)<br/>	at nl.hsac.fitnesse.fixture.slim.web.BrowserTest.switchToDefaultContent(BrowserTest.java:393)<br/>	at nl.hsac.fitnesse.fixture.slim.web.BrowserTest.open(BrowserTest.java:181)<br/>	at sun.reflect.NativeMethodAccessorImpl.invoke0(Native Method)<br/>	at sun.reflect.NativeMethodAccessorImpl.invoke(NativeMethodAccessorImpl.java:57)<br/>	at sun.reflect.DelegatingMethodAccessorImpl.invoke(DelegatingMethodAccessorImpl.java:43)<br/>	at java.lang.reflect.Method.invoke(Method.java:606)<br/>	at fitnesse.slim.fixtureInteraction.DefaultInteraction.methodInvoke(DefaultInteraction.java:147)<br/>	at nl.hsac.fitnesse.fixture.slim.SlimFixture.invoke(SlimFixture.java:50)<br/>	at nl.hsac.fitnesse.fixture.slim.web.BrowserTest.superInvoke(BrowserTest.java:105)<br/>	at nl.hsac.fitnesse.fixture.slim.web.BrowserTest.invoke(BrowserTest.java:57)<br/>	at nl.hsac.fitnesse.fixture.slim.SlimFixture.aroundSlimInvoke(SlimFixture.java:30)<br/>	at sun.reflect.GeneratedMethodAccessor1.invoke(Unknown Source)<br/>	at sun.reflect.DelegatingMethodAccessorImpl.invoke(DelegatingMethodAccessorImpl.java:43)<br/>	at java.lang.reflect.Method.invoke(Method.java:606)<br/>	at fitnesse.slim.fixtureInteraction.DefaultInteraction.methodInvoke(DefaultInteraction.java:147)<br/>	at fitnesse.slim.fixtureInteraction.DefaultInteraction.callMethod(DefaultInteraction.java:130)<br/>	at fitnesse.slim.fixtureInteraction.DefaultInteraction.invokeMethod(DefaultInteraction.java:114)<br/>	at fitnesse.slim.fixtureInteraction.DefaultInteraction.findAndInvoke(DefaultInteraction.java:92)<br/>	at fitnesse.slim.MethodExecutor.findAndInvoke(MethodExecutor.java:18)<br/>	at fitnesse.slim.FixtureMethodExecutor.execute(FixtureMethodExecutor.java:18)<br/>	at fitnesse.slim.StatementExecutor.getMethodExecutionResult(StatementExecutor.java:130)<br/>	at fitnesse.slim.StatementExecutor.call(StatementExecutor.java:103)<br/>	at fitnesse.slim.instructions.CallInstruction.executeInternal(CallInstruction.java:35)<br/>	at fitnesse.slim.instructions.Instruction.execute(Instruction.java:29)<br/>	at fitnesse.slim.ListExecutor$Executive.executeStatement(ListExecutor.java:49)<br/>	at fitnesse.slim.ListExecutor$Executive.executeStatements(ListExecutor.java:43)<br/>	at fitnesse.slim.ListExecutor.execute(ListExecutor.java:85)<br/>	at fitnesse.slim.SlimServer.executeInstructions(SlimServer.java:82)<br/>	at fitnesse.slim.SlimServer.processOneSetOfInstructions(SlimServer.java:75)<br/>	at fitnesse.slim.SlimServer.tryProcessInstructions(SlimServer.java:62)<br/>	at fitnesse.slim.SlimServer.serve(SlimServer.java:47)<br/>	at fitnesse.testsystems.slim.InProcessSlimClient$1.run(InProcessSlimClient.java:53)<br/>	at java.lang.Thread.run(Thread.java:745)<br/></div></span></td>
		<td colspan="3"><a href="http://www.funda.nl">http://www.funda.nl</a></td>
	<td> <span class="error"><div>org.openqa.selenium.UnsupportedCommandException: ERROR The test with session id 6f27aa07b41543dea0129182d27fa190 has already finished, and can't receive further commands.<br/>You can learn more at https://saucelabs.com/jobs/6f27aa07b41543dea0129182d27fa190<br/>For help, please check https://wiki.saucelabs.com/display/DOCS/Common+Error+Messages<br/>Command duration or timeout: 83 milliseconds<br/>Build info: version: '2.53.1', revision: 'a36b8b1cd5757287168e54b817830adce9b0158d', time: '2016-06-30 19:26:09'<br/>System info: host: 'testing-docker-d5bb6f2e-34df-4e2f-b0eb-75f0030be081', ip: '172.17.0.9', os.name: 'Linux', os.arch: 'amd64', os.version: '4.8.12-040812-generic', java.version: '1.7.0_76'<br/>Session ID: 6f27aa07b41543dea0129182d27fa190<br/>Driver info: org.openqa.selenium.remote.RemoteWebDriver<br/>Capabilities [{platform=XP, javascriptEnabled=true, acceptSslCerts=true, hasMetadata=true, browserName=chrome, chrome={userDataDir=C:\Users\ADMINI~1\AppData\Local\Temp\scoped_dir1544_15926, chromedriverVersion=2.27.440174 (e97a722caafc2d3a8b807ee115bfb307f7d2cfd9)}, networkConnectionEnabled=false, unexpectedAlertBehaviour=, rotatable=false, mobileEmulationEnabled=false, locationContextEnabled=true, webdriver.remote.sessionid=6f27aa07b41543dea0129182d27fa190, pageLoadStrategy=normal, version=56.0.2924.76, takesHeapSnapshot=true, cssSelectorsEnabled=true, databaseEnabled=false, handlesAlerts=true, browserConnectionEnabled=false, webStorageEnabled=true, nativeEvents=true, hasTouchScreen=false, applicationCacheEnabled=false, takesScreenshot=true}]<br/>	at sun.reflect.GeneratedConstructorAccessor14.newInstance(Unknown Source)<br/>	at sun.reflect.DelegatingConstructorAccessorImpl.newInstance(DelegatingConstructorAccessorImpl.java:45)<br/>	at java.lang.reflect.Constructor.newInstance(Constructor.java:526)<br/>	at org.openqa.selenium.remote.ErrorHandler.createThrowable(ErrorHandler.java:206)<br/>	at org.openqa.selenium.remote.ErrorHandler.throwIfResponseFailed(ErrorHandler.java:158)<br/>	at org.openqa.selenium.remote.RemoteWebDriver.execute(RemoteWebDriver.java:678)<br/>	at org.openqa.selenium.remote.RemoteWebDriver.execute(RemoteWebDriver.java:701)<br/>	at org.openqa.selenium.remote.RemoteWebDriver.getScreenshotAs(RemoteWebDriver.java:335)<br/>	at nl.hsac.fitnesse.fixture.util.selenium.SeleniumHelper.takeScreenshot(SeleniumHelper.java:1069)<br/>	at nl.hsac.fitnesse.fixture.slim.web.BrowserTest.createScreenshot(BrowserTest.java:1629)<br/>	at nl.hsac.fitnesse.fixture.slim.web.BrowserTest.takeScreenshot(BrowserTest.java:1591)<br/>	at sun.reflect.GeneratedMethodAccessor6.invoke(Unknown Source)<br/>	at sun.reflect.DelegatingMethodAccessorImpl.invoke(DelegatingMethodAccessorImpl.java:43)<br/>	at java.lang.reflect.Method.invoke(Method.java:606)<br/>	at fitnesse.slim.fixtureInteraction.DefaultInteraction.methodInvoke(DefaultInteraction.java:147)<br/>	at nl.hsac.fitnesse.fixture.slim.SlimFixture.invoke(SlimFixture.java:50)<br/>	at nl.hsac.fitnesse.fixture.slim.web.BrowserTest.superInvoke(BrowserTest.java:105)<br/>	at nl.hsac.fitnesse.fixture.slim.web.BrowserTest.invoke(BrowserTest.java:57)<br/>	at nl.hsac.fitnesse.fixture.slim.SlimFixture.aroundSlimInvoke(SlimFixture.java:30)<br/>	at sun.reflect.GeneratedMethodAccessor1.invoke(Unknown Source)<br/>	at sun.reflect.DelegatingMethodAccessorImpl.invoke(DelegatingMethodAccessorImpl.java:43)<br/>	at java.lang.reflect.Method.invoke(Method.java:606)<br/>	at fitnesse.slim.fixtureInteraction.DefaultInteraction.methodInvoke(DefaultInteraction.java:147)<br/>	at fitnesse.slim.fixtureInteraction.DefaultInteraction.callMethod(DefaultInteraction.java:130)<br/>	at fitnesse.slim.fixtureInteraction.DefaultInteraction.invokeMethod(DefaultInteraction.java:114)<br/>	at fitnesse.slim.fixtureInteraction.DefaultInteraction.findAndInvoke(DefaultInteraction.java:92)<br/>	at fitnesse.slim.MethodExecutor.findAndInvoke(MethodExecutor.java:18)<br/>	at fitnesse.slim.FixtureMethodExecutor.execute(FixtureMethodExecutor.java:18)<br/>	at fitnesse.slim.StatementExecutor.getMethodExecutionResult(StatementExecutor.java:130)<br/>	at fitnesse.slim.StatementExecutor.call(StatementExecutor.java:103)<br/>	at fitnesse.slim.instructions.CallInstruction.executeInternal(CallInstruction.java:35)<br/>	at fitnesse.slim.instructions.Instruction.execute(Instruction.java:29)<br/>	at fitnesse.slim.ListExecutor$Executive.executeStatement(ListExecutor.java:49)<br/>	at fitnesse.slim.ListExecutor$Executive.executeStatements(ListExecutor.java:43)<br/>	at fitnesse.slim.ListExecutor.execute(ListExecutor.java:85)<br/>	at fitnesse.slim.SlimServer.executeInstructions(SlimServer.java:82)<br/>	at fitnesse.slim.SlimServer.processOneSetOfInstructions(SlimServer.java:75)<br/>	at fitnesse.slim.SlimServer.tryProcessInstructions(SlimServer.java:62)<br/>	at fitnesse.slim.SlimServer.serve(SlimServer.java:47)<br/>	at fitnesse.testsystems.slim.InProcessSlimClient$1.run(InProcessSlimClient.java:53)<br/>	at java.lang.Thread.run(Thread.java:745)<br/></div></span></td></tr>
	<tr>
		<td>select <span class="error"><div>org.openqa.selenium.UnsupportedCommandException: ERROR The test with session id 6f27aa07b41543dea0129182d27fa190 has already finished, and can't receive further commands.<br/>You can learn more at https://saucelabs.com/jobs/6f27aa07b41543dea0129182d27fa190<br/>For help, please check https://wiki.saucelabs.com/display/DOCS/Common+Error+Messages<br/>Command duration or timeout: 83 milliseconds<br/>Build info: version: '2.53.1', revision: 'a36b8b1cd5757287168e54b817830adce9b0158d', time: '2016-06-30 19:26:09'<br/>System info: host: 'testing-docker-d5bb6f2e-34df-4e2f-b0eb-75f0030be081', ip: '172.17.0.9', os.name: 'Linux', os.arch: 'amd64', os.version: '4.8.12-040812-generic', java.version: '1.7.0_76'<br/>*** Element info: {Using=xpath, value=.//label/descendant-or-self::text()[normalize-space(translate(., '&nbsp;', ' '))='Van']/ancestor-or-self::label}<br/>Session ID: 6f27aa07b41543dea0129182d27fa190<br/>Driver info: org.openqa.selenium.remote.RemoteWebDriver<br/>Capabilities [{platform=XP, javascriptEnabled=true, acceptSslCerts=true, hasMetadata=true, browserName=chrome, chrome={userDataDir=C:\Users\ADMINI~1\AppData\Local\Temp\scoped_dir1544_15926, chromedriverVersion=2.27.440174 (e97a722caafc2d3a8b807ee115bfb307f7d2cfd9)}, networkConnectionEnabled=false, unexpectedAlertBehaviour=, rotatable=false, mobileEmulationEnabled=false, locationContextEnabled=true, webdriver.remote.sessionid=6f27aa07b41543dea0129182d27fa190, pageLoadStrategy=normal, version=56.0.2924.76, takesHeapSnapshot=true, cssSelectorsEnabled=true, databaseEnabled=false, handlesAlerts=true, browserConnectionEnabled=false, webStorageEnabled=true, nativeEvents=true, hasTouchScreen=false, applicationCacheEnabled=false, takesScreenshot=true}]<br/>	at sun.reflect.GeneratedConstructorAccessor14.newInstance(Unknown Source)<br/>	at sun.reflect.DelegatingConstructorAccessorImpl.newInstance(DelegatingConstructorAccessorImpl.java:45)<br/>	at java.lang.reflect.Constructor.newInstance(Constructor.java:526)<br/>	at org.openqa.selenium.remote.ErrorHandler.createThrowable(ErrorHandler.java:206)<br/>	at org.openqa.selenium.remote.ErrorHandler.throwIfResponseFailed(ErrorHandler.java:158)<br/>	at org.openqa.selenium.remote.RemoteWebDriver.execute(RemoteWebDriver.java:678)<br/>	at org.openqa.selenium.remote.RemoteWebDriver.findElements(RemoteWebDriver.java:388)<br/>	at org.openqa.selenium.remote.RemoteWebDriver.findElementsByXPath(RemoteWebDriver.java:504)<br/>	at org.openqa.selenium.By$ByXPath.findElements(By.java:356)<br/>	at org.openqa.selenium.remote.RemoteWebDriver.findElements(RemoteWebDriver.java:351)<br/>	at nl.hsac.fitnesse.fixture.util.selenium.SeleniumHelper.findElement(SeleniumHelper.java:961)<br/>	at nl.hsac.fitnesse.fixture.util.selenium.SeleniumHelper.findElement(SeleniumHelper.java:803)<br/>	at nl.hsac.fitnesse.fixture.util.selenium.SeleniumHelper.findElement(SeleniumHelper.java:792)<br/>	at nl.hsac.fitnesse.fixture.util.selenium.SeleniumHelper.findByXPath(SeleniumHelper.java:783)<br/>	at nl.hsac.fitnesse.fixture.util.selenium.SeleniumHelper.getElementByLabel(SeleniumHelper.java:431)<br/>	at nl.hsac.fitnesse.fixture.util.selenium.SeleniumHelper.getElementByLabelOccurrence(SeleniumHelper.java:386)<br/>	at nl.hsac.fitnesse.fixture.util.selenium.SeleniumHelper.getElementExact(SeleniumHelper.java:266)<br/>	at nl.hsac.fitnesse.fixture.util.selenium.SeleniumHelper.getElement(SeleniumHelper.java:232)<br/>	at nl.hsac.fitnesse.fixture.slim.web.BrowserTest.getElement(BrowserTest.java:1226)<br/>	at nl.hsac.fitnesse.fixture.slim.web.BrowserTest.getElement(BrowserTest.java:1220)<br/>	at nl.hsac.fitnesse.fixture.slim.web.BrowserTest.getElementToSelectFor(BrowserTest.java:639)<br/>	at nl.hsac.fitnesse.fixture.slim.web.BrowserTest.clickSelectOption(BrowserTest.java:634)<br/>	at nl.hsac.fitnesse.fixture.slim.web.BrowserTest.selectForIn(BrowserTest.java:617)<br/>	at nl.hsac.fitnesse.fixture.slim.web.BrowserTest.selectFor(BrowserTest.java:609)<br/>	at sun.reflect.GeneratedMethodAccessor9.invoke(Unknown Source)<br/>	at sun.reflect.DelegatingMethodAccessorImpl.invoke(DelegatingMethodAccessorImpl.java:43)<br/>	at java.lang.reflect.Method.invoke(Method.java:606)<br/>	at fitnesse.slim.fixtureInteraction.DefaultInteraction.methodInvoke(DefaultInteraction.java:147)<br/>	at nl.hsac.fitnesse.fixture.slim.SlimFixture.invoke(SlimFixture.java:50)<br/>	at nl.hsac.fitnesse.fixture.slim.web.BrowserTest.superInvoke(BrowserTest.java:105)<br/>	at nl.hsac.fitnesse.fixture.slim.web.BrowserTest$1.apply(BrowserTest.java:69)<br/>	at nl.hsac.fitnesse.fixture.slim.web.BrowserTest$1.apply(BrowserTest.java:65)<br/>	at nl.hsac.fitnesse.fixture.util.selenium.TryAllFramesConditionDecorator.apply(TryAllFramesConditionDecorator.java:34)<br/>	at nl.hsac.fitnesse.fixture.util.selenium.TryAllFramesConditionDecorator.apply(TryAllFramesConditionDecorator.java:16)<br/>	at nl.hsac.fitnesse.fixture.util.selenium.SeleniumHelper$2.apply(SeleniumHelper.java:930)<br/>	at nl.hsac.fitnesse.fixture.util.selenium.SeleniumHelper$2.apply(SeleniumHelper.java:926)<br/>	at org.openqa.selenium.support.ui.FluentWait.until(FluentWait.java:238)<br/>	at nl.hsac.fitnesse.fixture.util.selenium.SeleniumHelper.waitUntil(SeleniumHelper.java:915)<br/>	at nl.hsac.fitnesse.fixture.slim.web.BrowserTest.waitUntilImpl(BrowserTest.java:1728)<br/>	at nl.hsac.fitnesse.fixture.slim.web.BrowserTest.waitUntil(BrowserTest.java:1658)<br/>	at nl.hsac.fitnesse.fixture.slim.web.BrowserTest.invokedWrappedInWaitUntil(BrowserTest.java:98)<br/>	at nl.hsac.fitnesse.fixture.slim.web.BrowserTest.invoke(BrowserTest.java:59)<br/>	at nl.hsac.fitnesse.fixture.slim.SlimFixture.aroundSlimInvoke(SlimFixture.java:30)<br/>	at sun.reflect.GeneratedMethodAccessor1.invoke(Unknown Source)<br/>	at sun.reflect.DelegatingMethodAccessorImpl.invoke(DelegatingMethodAccessorImpl.java:43)<br/>	at java.lang.reflect.Method.invoke(Method.java:606)<br/>	at fitnesse.slim.fixtureInteraction.DefaultInteraction.methodInvoke(DefaultInteraction.java:147)<br/>	at fitnesse.slim.fixtureInteraction.DefaultInteraction.callMethod(DefaultInteraction.java:130)<br/>	at fitnesse.slim.fixtureInteraction.DefaultInteraction.invokeMethod(DefaultInteraction.java:114)<br/>	at fitnesse.slim.fixtureInteraction.DefaultInteraction.findAndInvoke(DefaultInteraction.java:92)<br/>	at fitnesse.slim.MethodExecutor.findAndInvoke(MethodExecutor.java:18)<br/>	at fitnesse.slim.FixtureMethodExecutor.execute(FixtureMethodExecutor.java:18)<br/>	at fitnesse.slim.StatementExecutor.getMethodExecutionResult(StatementExecutor.java:130)<br/>	at fitnesse.slim.StatementExecutor.call(StatementExecutor.java:103)<br/>	at fitnesse.slim.instructions.CallInstruction.executeInternal(CallInstruction.java:35)<br/>	at fitnesse.slim.instructions.Instruction.execute(Instruction.java:29)<br/>	at fitnesse.slim.ListExecutor$Executive.executeStatement(ListExecutor.java:49)<br/>	at fitnesse.slim.ListExecutor$Executive.executeStatements(ListExecutor.java:43)<br/>	at fitnesse.slim.ListExecutor.execute(ListExecutor.java:85)<br/>	at fitnesse.slim.SlimServer.executeInstructions(SlimServer.java:82)<br/>	at fitnesse.slim.SlimServer.processOneSetOfInstructions(SlimServer.java:75)<br/>	at fitnesse.slim.SlimServer.tryProcessInstructions(SlimServer.java:62)<br/>	at fitnesse.slim.SlimServer.serve(SlimServer.java:47)<br/>	at fitnesse.testsystems.slim.InProcessSlimClient$1.run(InProcessSlimClient.java:53)<br/>	at java.lang.Thread.run(Thread.java:745)<br/></div></span></td>
		<td>€ 1.000.000</td>
		<td>for</td>
		<td>Van</td>
	<td> <span class="error"><div>org.openqa.selenium.UnsupportedCommandException: ERROR The test with session id 6f27aa07b41543dea0129182d27fa190 has already finished, and can't receive further commands.<br/>You can learn more at https://saucelabs.com/jobs/6f27aa07b41543dea0129182d27fa190<br/>For help, please check https://wiki.saucelabs.com/display/DOCS/Common+Error+Messages<br/>Command duration or timeout: 93 milliseconds<br/>Build info: version: '2.53.1', revision: 'a36b8b1cd5757287168e54b817830adce9b0158d', time: '2016-06-30 19:26:09'<br/>System info: host: 'testing-docker-d5bb6f2e-34df-4e2f-b0eb-75f0030be081', ip: '172.17.0.9', os.name: 'Linux', os.arch: 'amd64', os.version: '4.8.12-040812-generic', java.version: '1.7.0_76'<br/>Session ID: 6f27aa07b41543dea0129182d27fa190<br/>Driver info: org.openqa.selenium.remote.RemoteWebDriver<br/>Capabilities [{platform=XP, javascriptEnabled=true, acceptSslCerts=true, hasMetadata=true, browserName=chrome, chrome={userDataDir=C:\Users\ADMINI~1\AppData\Local\Temp\scoped_dir1544_15926, chromedriverVersion=2.27.440174 (e97a722caafc2d3a8b807ee115bfb307f7d2cfd9)}, networkConnectionEnabled=false, unexpectedAlertBehaviour=, rotatable=false, mobileEmulationEnabled=false, locationContextEnabled=true, webdriver.remote.sessionid=6f27aa07b41543dea0129182d27fa190, pageLoadStrategy=normal, version=56.0.2924.76, takesHeapSnapshot=true, cssSelectorsEnabled=true, databaseEnabled=false, handlesAlerts=true, browserConnectionEnabled=false, webStorageEnabled=true, nativeEvents=true, hasTouchScreen=false, applicationCacheEnabled=false, takesScreenshot=true}]<br/>	at sun.reflect.GeneratedConstructorAccessor14.newInstance(Unknown Source)<br/>	at sun.reflect.DelegatingConstructorAccessorImpl.newInstance(DelegatingConstructorAccessorImpl.java:45)<br/>	at java.lang.reflect.Constructor.newInstance(Constructor.java:526)<br/>	at org.openqa.selenium.remote.ErrorHandler.createThrowable(ErrorHandler.java:206)<br/>	at org.openqa.selenium.remote.ErrorHandler.throwIfResponseFailed(ErrorHandler.java:158)<br/>	at org.openqa.selenium.remote.RemoteWebDriver.execute(RemoteWebDriver.java:678)<br/>	at org.openqa.selenium.remote.RemoteWebDriver.execute(RemoteWebDriver.java:701)<br/>	at org.openqa.selenium.remote.RemoteWebDriver.getScreenshotAs(RemoteWebDriver.java:335)<br/>	at nl.hsac.fitnesse.fixture.util.selenium.SeleniumHelper.takeScreenshot(SeleniumHelper.java:1069)<br/>	at nl.hsac.fitnesse.fixture.slim.web.BrowserTest.createScreenshot(BrowserTest.java:1629)<br/>	at nl.hsac.fitnesse.fixture.slim.web.BrowserTest.takeScreenshot(BrowserTest.java:1591)<br/>	at sun.reflect.GeneratedMethodAccessor6.invoke(Unknown Source)<br/>	at sun.reflect.DelegatingMethodAccessorImpl.invoke(DelegatingMethodAccessorImpl.java:43)<br/>	at java.lang.reflect.Method.invoke(Method.java:606)<br/>	at fitnesse.slim.fixtureInteraction.DefaultInteraction.methodInvoke(DefaultInteraction.java:147)<br/>	at nl.hsac.fitnesse.fixture.slim.SlimFixture.invoke(SlimFixture.java:50)<br/>	at nl.hsac.fitnesse.fixture.slim.web.BrowserTest.superInvoke(BrowserTest.java:105)<br/>	at nl.hsac.fitnesse.fixture.slim.web.BrowserTest.invoke(BrowserTest.java:57)<br/>	at nl.hsac.fitnesse.fixture.slim.SlimFixture.aroundSlimInvoke(SlimFixture.java:30)<br/>	at sun.reflect.GeneratedMethodAccessor1.invoke(Unknown Source)<br/>	at sun.reflect.DelegatingMethodAccessorImpl.invoke(DelegatingMethodAccessorImpl.java:43)<br/>	at java.lang.reflect.Method.invoke(Method.java:606)<br/>	at fitnesse.slim.fixtureInteraction.DefaultInteraction.methodInvoke(DefaultInteraction.java:147)<br/>	at fitnesse.slim.fixtureInteraction.DefaultInteraction.callMethod(DefaultInteraction.java:130)<br/>	at fitnesse.slim.fixtureInteraction.DefaultInteraction.invokeMethod(DefaultInteraction.java:114)<br/>	at fitnesse.slim.fixtureInteraction.DefaultInteraction.findAndInvoke(DefaultInteraction.java:92)<br/>	at fitnesse.slim.MethodExecutor.findAndInvoke(MethodExecutor.java:18)<br/>	at fitnesse.slim.FixtureMethodExecutor.execute(FixtureMethodExecutor.java:18)<br/>	at fitnesse.slim.StatementExecutor.getMethodExecutionResult(StatementExecutor.java:130)<br/>	at fitnesse.slim.StatementExecutor.call(StatementExecutor.java:103)<br/>	at fitnesse.slim.instructions.CallInstruction.executeInternal(CallInstruction.java:35)<br/>	at fitnesse.slim.instructions.Instruction.execute(Instruction.java:29)<br/>	at fitnesse.slim.ListExecutor$Executive.executeStatement(ListExecutor.java:49)<br/>	at fitnesse.slim.ListExecutor$Executive.executeStatements(ListExecutor.java:43)<br/>	at fitnesse.slim.ListExecutor.execute(ListExecutor.java:85)<br/>	at fitnesse.slim.SlimServer.executeInstructions(SlimServer.java:82)<br/>	at fitnesse.slim.SlimServer.processOneSetOfInstructions(SlimServer.java:75)<br/>	at fitnesse.slim.SlimServer.tryProcessInstructions(SlimServer.java:62)<br/>	at fitnesse.slim.SlimServer.serve(SlimServer.java:47)<br/>	at fitnesse.testsystems.slim.InProcessSlimClient$1.run(InProcessSlimClient.java:53)<br/>	at java.lang.Thread.run(Thread.java:745)<br/></div></span></td></tr>
	<tr>
		<td>select <span class="error"><div>org.openqa.selenium.UnsupportedCommandException: ERROR The test with session id 6f27aa07b41543dea0129182d27fa190 has already finished, and can't receive further commands.<br/>You can learn more at https://saucelabs.com/jobs/6f27aa07b41543dea0129182d27fa190<br/>For help, please check https://wiki.saucelabs.com/display/DOCS/Common+Error+Messages<br/>Command duration or timeout: 87 milliseconds<br/>Build info: version: '2.53.1', revision: 'a36b8b1cd5757287168e54b817830adce9b0158d', time: '2016-06-30 19:26:09'<br/>System info: host: 'testing-docker-d5bb6f2e-34df-4e2f-b0eb-75f0030be081', ip: '172.17.0.9', os.name: 'Linux', os.arch: 'amd64', os.version: '4.8.12-040812-generic', java.version: '1.7.0_76'<br/>*** Element info: {Using=xpath, value=.//label/descendant-or-self::text()[normalize-space(translate(., '&nbsp;', ' '))='Tot']/ancestor-or-self::label}<br/>Session ID: 6f27aa07b41543dea0129182d27fa190<br/>Driver info: org.openqa.selenium.remote.RemoteWebDriver<br/>Capabilities [{platform=XP, javascriptEnabled=true, acceptSslCerts=true, hasMetadata=true, browserName=chrome, chrome={userDataDir=C:\Users\ADMINI~1\AppData\Local\Temp\scoped_dir1544_15926, chromedriverVersion=2.27.440174 (e97a722caafc2d3a8b807ee115bfb307f7d2cfd9)}, networkConnectionEnabled=false, unexpectedAlertBehaviour=, rotatable=false, mobileEmulationEnabled=false, locationContextEnabled=true, webdriver.remote.sessionid=6f27aa07b41543dea0129182d27fa190, pageLoadStrategy=normal, version=56.0.2924.76, takesHeapSnapshot=true, cssSelectorsEnabled=true, databaseEnabled=false, handlesAlerts=true, browserConnectionEnabled=false, webStorageEnabled=true, nativeEvents=true, hasTouchScreen=false, applicationCacheEnabled=false, takesScreenshot=true}]<br/>	at sun.reflect.GeneratedConstructorAccessor14.newInstance(Unknown Source)<br/>	at sun.reflect.DelegatingConstructorAccessorImpl.newInstance(DelegatingConstructorAccessorImpl.java:45)<br/>	at java.lang.reflect.Constructor.newInstance(Constructor.java:526)<br/>	at org.openqa.selenium.remote.ErrorHandler.createThrowable(ErrorHandler.java:206)<br/>	at org.openqa.selenium.remote.ErrorHandler.throwIfResponseFailed(ErrorHandler.java:158)<br/>	at org.openqa.selenium.remote.RemoteWebDriver.execute(RemoteWebDriver.java:678)<br/>	at org.openqa.selenium.remote.RemoteWebDriver.findElements(RemoteWebDriver.java:388)<br/>	at org.openqa.selenium.remote.RemoteWebDriver.findElementsByXPath(RemoteWebDriver.java:504)<br/>	at org.openqa.selenium.By$ByXPath.findElements(By.java:356)<br/>	at org.openqa.selenium.remote.RemoteWebDriver.findElements(RemoteWebDriver.java:351)<br/>	at nl.hsac.fitnesse.fixture.util.selenium.SeleniumHelper.findElement(SeleniumHelper.java:961)<br/>	at nl.hsac.fitnesse.fixture.util.selenium.SeleniumHelper.findElement(SeleniumHelper.java:803)<br/>	at nl.hsac.fitnesse.fixture.util.selenium.SeleniumHelper.findElement(SeleniumHelper.java:792)<br/>	at nl.hsac.fitnesse.fixture.util.selenium.SeleniumHelper.findByXPath(SeleniumHelper.java:783)<br/>	at nl.hsac.fitnesse.fixture.util.selenium.SeleniumHelper.getElementByLabel(SeleniumHelper.java:431)<br/>	at nl.hsac.fitnesse.fixture.util.selenium.SeleniumHelper.getElementByLabelOccurrence(SeleniumHelper.java:386)<br/>	at nl.hsac.fitnesse.fixture.util.selenium.SeleniumHelper.getElementExact(SeleniumHelper.java:266)<br/>	at nl.hsac.fitnesse.fixture.util.selenium.SeleniumHelper.getElement(SeleniumHelper.java:232)<br/>	at nl.hsac.fitnesse.fixture.slim.web.BrowserTest.getElement(BrowserTest.java:1226)<br/>	at nl.hsac.fitnesse.fixture.slim.web.BrowserTest.getElement(BrowserTest.java:1220)<br/>	at nl.hsac.fitnesse.fixture.slim.web.BrowserTest.getElementToSelectFor(BrowserTest.java:639)<br/>	at nl.hsac.fitnesse.fixture.slim.web.BrowserTest.clickSelectOption(BrowserTest.java:634)<br/>	at nl.hsac.fitnesse.fixture.slim.web.BrowserTest.selectForIn(BrowserTest.java:617)<br/>	at nl.hsac.fitnesse.fixture.slim.web.BrowserTest.selectFor(BrowserTest.java:609)<br/>	at sun.reflect.GeneratedMethodAccessor9.invoke(Unknown Source)<br/>	at sun.reflect.DelegatingMethodAccessorImpl.invoke(DelegatingMethodAccessorImpl.java:43)<br/>	at java.lang.reflect.Method.invoke(Method.java:606)<br/>	at fitnesse.slim.fixtureInteraction.DefaultInteraction.methodInvoke(DefaultInteraction.java:147)<br/>	at nl.hsac.fitnesse.fixture.slim.SlimFixture.invoke(SlimFixture.java:50)<br/>	at nl.hsac.fitnesse.fixture.slim.web.BrowserTest.superInvoke(BrowserTest.java:105)<br/>	at nl.hsac.fitnesse.fixture.slim.web.BrowserTest$1.apply(BrowserTest.java:69)<br/>	at nl.hsac.fitnesse.fixture.slim.web.BrowserTest$1.apply(BrowserTest.java:65)<br/>	at nl.hsac.fitnesse.fixture.util.selenium.TryAllFramesConditionDecorator.apply(TryAllFramesConditionDecorator.java:34)<br/>	at nl.hsac.fitnesse.fixture.util.selenium.TryAllFramesConditionDecorator.apply(TryAllFramesConditionDecorator.java:16)<br/>	at nl.hsac.fitnesse.fixture.util.selenium.SeleniumHelper$2.apply(SeleniumHelper.java:930)<br/>	at nl.hsac.fitnesse.fixture.util.selenium.SeleniumHelper$2.apply(SeleniumHelper.java:926)<br/>	at org.openqa.selenium.support.ui.FluentWait.until(FluentWait.java:238)<br/>	at nl.hsac.fitnesse.fixture.util.selenium.SeleniumHelper.waitUntil(SeleniumHelper.java:915)<br/>	at nl.hsac.fitnesse.fixture.slim.web.BrowserTest.waitUntilImpl(BrowserTest.java:1728)<br/>	at nl.hsac.fitnesse.fixture.slim.web.BrowserTest.waitUntil(BrowserTest.java:1658)<br/>	at nl.hsac.fitnesse.fixture.slim.web.BrowserTest.invokedWrappedInWaitUntil(BrowserTest.java:98)<br/>	at nl.hsac.fitnesse.fixture.slim.web.BrowserTest.invoke(BrowserTest.java:59)<br/>	at nl.hsac.fitnesse.fixture.slim.SlimFixture.aroundSlimInvoke(SlimFixture.java:30)<br/>	at sun.reflect.GeneratedMethodAccessor1.invoke(Unknown Source)<br/>	at sun.reflect.DelegatingMethodAccessorImpl.invoke(DelegatingMethodAccessorImpl.java:43)<br/>	at java.lang.reflect.Method.invoke(Method.java:606)<br/>	at fitnesse.slim.fixtureInteraction.DefaultInteraction.methodInvoke(DefaultInteraction.java:147)<br/>	at fitnesse.slim.fixtureInteraction.DefaultInteraction.callMethod(DefaultInteraction.java:130)<br/>	at fitnesse.slim.fixtureInteraction.DefaultInteraction.invokeMethod(DefaultInteraction.java:114)<br/>	at fitnesse.slim.fixtureInteraction.DefaultInteraction.findAndInvoke(DefaultInteraction.java:92)<br/>	at fitnesse.slim.MethodExecutor.findAndInvoke(MethodExecutor.java:18)<br/>	at fitnesse.slim.FixtureMethodExecutor.execute(FixtureMethodExecutor.java:18)<br/>	at fitnesse.slim.StatementExecutor.getMethodExecutionResult(StatementExecutor.java:130)<br/>	at fitnesse.slim.StatementExecutor.call(StatementExecutor.java:103)<br/>	at fitnesse.slim.instructions.CallInstruction.executeInternal(CallInstruction.java:35)<br/>	at fitnesse.slim.instructions.Instruction.execute(Instruction.java:29)<br/>	at fitnesse.slim.ListExecutor$Executive.executeStatement(ListExecutor.java:49)<br/>	at fitnesse.slim.ListExecutor$Executive.executeStatements(ListExecutor.java:43)<br/>	at fitnesse.slim.ListExecutor.execute(ListExecutor.java:85)<br/>	at fitnesse.slim.SlimServer.executeInstructions(SlimServer.java:82)<br/>	at fitnesse.slim.SlimServer.processOneSetOfInstructions(SlimServer.java:75)<br/>	at fitnesse.slim.SlimServer.tryProcessInstructions(SlimServer.java:62)<br/>	at fitnesse.slim.SlimServer.serve(SlimServer.java:47)<br/>	at fitnesse.testsystems.slim.InProcessSlimClient$1.run(InProcessSlimClient.java:53)<br/>	at java.lang.Thread.run(Thread.java:745)<br/></div></span></td>
		<td>€ 2.000.000</td>
		<td>for</td>
		<td>Tot</td>
	<td> <span class="error"><div>org.openqa.selenium.UnsupportedCommandException: ERROR The test with session id 6f27aa07b41543dea0129182d27fa190 has already finished, and can't receive further commands.<br/>You can learn more at https://saucelabs.com/jobs/6f27aa07b41543dea0129182d27fa190<br/>For help, please check https://wiki.saucelabs.com/display/DOCS/Common+Error+Messages<br/>Command duration or timeout: 86 milliseconds<br/>Build info: version: '2.53.1', revision: 'a36b8b1cd5757287168e54b817830adce9b0158d', time: '2016-06-30 19:26:09'<br/>System info: host: 'testing-docker-d5bb6f2e-34df-4e2f-b0eb-75f0030be081', ip: '172.17.0.9', os.name: 'Linux', os.arch: 'amd64', os.version: '4.8.12-040812-generic', java.version: '1.7.0_76'<br/>Session ID: 6f27aa07b41543dea0129182d27fa190<br/>Driver info: org.openqa.selenium.remote.RemoteWebDriver<br/>Capabilities [{platform=XP, javascriptEnabled=true, acceptSslCerts=true, hasMetadata=true, browserName=chrome, chrome={userDataDir=C:\Users\ADMINI~1\AppData\Local\Temp\scoped_dir1544_15926, chromedriverVersion=2.27.440174 (e97a722caafc2d3a8b807ee115bfb307f7d2cfd9)}, networkConnectionEnabled=false, unexpectedAlertBehaviour=, rotatable=false, mobileEmulationEnabled=false, locationContextEnabled=true, webdriver.remote.sessionid=6f27aa07b41543dea0129182d27fa190, pageLoadStrategy=normal, version=56.0.2924.76, takesHeapSnapshot=true, cssSelectorsEnabled=true, databaseEnabled=false, handlesAlerts=true, browserConnectionEnabled=false, webStorageEnabled=true, nativeEvents=true, hasTouchScreen=false, applicationCacheEnabled=false, takesScreenshot=true}]<br/>	at sun.reflect.GeneratedConstructorAccessor14.newInstance(Unknown Source)<br/>	at sun.reflect.DelegatingConstructorAccessorImpl.newInstance(DelegatingConstructorAccessorImpl.java:45)<br/>	at java.lang.reflect.Constructor.newInstance(Constructor.java:526)<br/>	at org.openqa.selenium.remote.ErrorHandler.createThrowable(ErrorHandler.java:206)<br/>	at org.openqa.selenium.remote.ErrorHandler.throwIfResponseFailed(ErrorHandler.java:158)<br/>	at org.openqa.selenium.remote.RemoteWebDriver.execute(RemoteWebDriver.java:678)<br/>	at org.openqa.selenium.remote.RemoteWebDriver.execute(RemoteWebDriver.java:701)<br/>	at org.openqa.selenium.remote.RemoteWebDriver.getScreenshotAs(RemoteWebDriver.java:335)<br/>	at nl.hsac.fitnesse.fixture.util.selenium.SeleniumHelper.takeScreenshot(SeleniumHelper.java:1069)<br/>	at nl.hsac.fitnesse.fixture.slim.web.BrowserTest.createScreenshot(BrowserTest.java:1629)<br/>	at nl.hsac.fitnesse.fixture.slim.web.BrowserTest.takeScreenshot(BrowserTest.java:1591)<br/>	at sun.reflect.GeneratedMethodAccessor6.invoke(Unknown Source)<br/>	at sun.reflect.DelegatingMethodAccessorImpl.invoke(DelegatingMethodAccessorImpl.java:43)<br/>	at java.lang.reflect.Method.invoke(Method.java:606)<br/>	at fitnesse.slim.fixtureInteraction.DefaultInteraction.methodInvoke(DefaultInteraction.java:147)<br/>	at nl.hsac.fitnesse.fixture.slim.SlimFixture.invoke(SlimFixture.java:50)<br/>	at nl.hsac.fitnesse.fixture.slim.web.BrowserTest.superInvoke(BrowserTest.java:105)<br/>	at nl.hsac.fitnesse.fixture.slim.web.BrowserTest.invoke(BrowserTest.java:57)<br/>	at nl.hsac.fitnesse.fixture.slim.SlimFixture.aroundSlimInvoke(SlimFixture.java:30)<br/>	at sun.reflect.GeneratedMethodAccessor1.invoke(Unknown Source)<br/>	at sun.reflect.DelegatingMethodAccessorImpl.invoke(DelegatingMethodAccessorImpl.java:43)<br/>	at java.lang.reflect.Method.invoke(Method.java:606)<br/>	at fitnesse.slim.fixtureInteraction.DefaultInteraction.methodInvoke(DefaultInteraction.java:147)<br/>	at fitnesse.slim.fixtureInteraction.DefaultInteraction.callMethod(DefaultInteraction.java:130)<br/>	at fitnesse.slim.fixtureInteraction.DefaultInteraction.invokeMethod(DefaultInteraction.java:114)<br/>	at fitnesse.slim.fixtureInteraction.DefaultInteraction.findAndInvoke(DefaultInteraction.java:92)<br/>	at fitnesse.slim.MethodExecutor.findAndInvoke(MethodExecutor.java:18)<br/>	at fitnesse.slim.FixtureMethodExecutor.execute(FixtureMethodExecutor.java:18)<br/>	at fitnesse.slim.StatementExecutor.getMethodExecutionResult(StatementExecutor.java:130)<br/>	at fitnesse.slim.StatementExecutor.call(StatementExecutor.java:103)<br/>	at fitnesse.slim.instructions.CallInstruction.executeInternal(CallInstruction.java:35)<br/>	at fitnesse.slim.instructions.Instruction.execute(Instruction.java:29)<br/>	at fitnesse.slim.ListExecutor$Executive.executeStatement(ListExecutor.java:49)<br/>	at fitnesse.slim.ListExecutor$Executive.executeStatements(ListExecutor.java:43)<br/>	at fitnesse.slim.ListExecutor.execute(ListExecutor.java:85)<br/>	at fitnesse.slim.SlimServer.executeInstructions(SlimServer.java:82)<br/>	at fitnesse.slim.SlimServer.processOneSetOfInstructions(SlimServer.java:75)<br/>	at fitnesse.slim.SlimServer.tryProcessInstructions(SlimServer.java:62)<br/>	at fitnesse.slim.SlimServer.serve(SlimServer.java:47)<br/>	at fitnesse.testsystems.slim.InProcessSlimClient$1.run(InProcessSlimClient.java:53)<br/>	at java.lang.Thread.run(Thread.java:745)<br/></div></span></td></tr>
	<tr>
		<td>enter <span class="error"><div>org.openqa.selenium.UnsupportedCommandException: ERROR The test with session id 6f27aa07b41543dea0129182d27fa190 has already finished, and can't receive further commands.<br/>You can learn more at https://saucelabs.com/jobs/6f27aa07b41543dea0129182d27fa190<br/>For help, please check https://wiki.saucelabs.com/display/DOCS/Common+Error+Messages<br/>Command duration or timeout: 82 milliseconds<br/>Build info: version: '2.53.1', revision: 'a36b8b1cd5757287168e54b817830adce9b0158d', time: '2016-06-30 19:26:09'<br/>System info: host: 'testing-docker-d5bb6f2e-34df-4e2f-b0eb-75f0030be081', ip: '172.17.0.9', os.name: 'Linux', os.arch: 'amd64', os.version: '4.8.12-040812-generic', java.version: '1.7.0_76'<br/>*** Element info: {Using=xpath, value=.//label/descendant-or-self::text()[normalize-space(translate(., '&nbsp;', ' '))='Plaats, buurt, adres etc']/ancestor-or-self::label}<br/>Session ID: 6f27aa07b41543dea0129182d27fa190<br/>Driver info: org.openqa.selenium.remote.RemoteWebDriver<br/>Capabilities [{platform=XP, javascriptEnabled=true, acceptSslCerts=true, hasMetadata=true, browserName=chrome, chrome={userDataDir=C:\Users\ADMINI~1\AppData\Local\Temp\scoped_dir1544_15926, chromedriverVersion=2.27.440174 (e97a722caafc2d3a8b807ee115bfb307f7d2cfd9)}, networkConnectionEnabled=false, unexpectedAlertBehaviour=, rotatable=false, mobileEmulationEnabled=false, locationContextEnabled=true, webdriver.remote.sessionid=6f27aa07b41543dea0129182d27fa190, pageLoadStrategy=normal, version=56.0.2924.76, takesHeapSnapshot=true, cssSelectorsEnabled=true, databaseEnabled=false, handlesAlerts=true, browserConnectionEnabled=false, webStorageEnabled=true, nativeEvents=true, hasTouchScreen=false, applicationCacheEnabled=false, takesScreenshot=true}]<br/>	at sun.reflect.GeneratedConstructorAccessor14.newInstance(Unknown Source)<br/>	at sun.reflect.DelegatingConstructorAccessorImpl.newInstance(DelegatingConstructorAccessorImpl.java:45)<br/>	at java.lang.reflect.Constructor.newInstance(Constructor.java:526)<br/>	at org.openqa.selenium.remote.ErrorHandler.createThrowable(ErrorHandler.java:206)<br/>	at org.openqa.selenium.remote.ErrorHandler.throwIfResponseFailed(ErrorHandler.java:158)<br/>	at org.openqa.selenium.remote.RemoteWebDriver.execute(RemoteWebDriver.java:678)<br/>	at org.openqa.selenium.remote.RemoteWebDriver.findElements(RemoteWebDriver.java:388)<br/>	at org.openqa.selenium.remote.RemoteWebDriver.findElementsByXPath(RemoteWebDriver.java:504)<br/>	at org.openqa.selenium.By$ByXPath.findElements(By.java:356)<br/>	at org.openqa.selenium.remote.RemoteWebDriver.findElements(RemoteWebDriver.java:351)<br/>	at nl.hsac.fitnesse.fixture.util.selenium.SeleniumHelper.findElement(SeleniumHelper.java:961)<br/>	at nl.hsac.fitnesse.fixture.util.selenium.SeleniumHelper.findElement(SeleniumHelper.java:803)<br/>	at nl.hsac.fitnesse.fixture.util.selenium.SeleniumHelper.findElement(SeleniumHelper.java:792)<br/>	at nl.hsac.fitnesse.fixture.util.selenium.SeleniumHelper.findByXPath(SeleniumHelper.java:783)<br/>	at nl.hsac.fitnesse.fixture.util.selenium.SeleniumHelper.getElementByLabel(SeleniumHelper.java:431)<br/>	at nl.hsac.fitnesse.fixture.util.selenium.SeleniumHelper.getElementByLabelOccurrence(SeleniumHelper.java:386)<br/>	at nl.hsac.fitnesse.fixture.util.selenium.SeleniumHelper.getElementExact(SeleniumHelper.java:266)<br/>	at nl.hsac.fitnesse.fixture.util.selenium.SeleniumHelper.getElement(SeleniumHelper.java:232)<br/>	at nl.hsac.fitnesse.fixture.slim.web.BrowserTest.getElement(BrowserTest.java:1226)<br/>	at nl.hsac.fitnesse.fixture.slim.web.BrowserTest.getElementToSendValue(BrowserTest.java:503)<br/>	at nl.hsac.fitnesse.fixture.slim.web.BrowserTest.enter(BrowserTest.java:487)<br/>	at nl.hsac.fitnesse.fixture.slim.web.BrowserTest.enterAsIn(BrowserTest.java:456)<br/>	at nl.hsac.fitnesse.fixture.slim.web.BrowserTest.enterAs(BrowserTest.java:444)<br/>	at sun.reflect.GeneratedMethodAccessor7.invoke(Unknown Source)<br/>	at sun.reflect.DelegatingMethodAccessorImpl.invoke(DelegatingMethodAccessorImpl.java:43)<br/>	at java.lang.reflect.Method.invoke(Method.java:606)<br/>	at fitnesse.slim.fixtureInteraction.DefaultInteraction.methodInvoke(DefaultInteraction.java:147)<br/>	at nl.hsac.fitnesse.fixture.slim.SlimFixture.invoke(SlimFixture.java:50)<br/>	at nl.hsac.fitnesse.fixture.slim.web.BrowserTest.superInvoke(BrowserTest.java:105)<br/>	at nl.hsac.fitnesse.fixture.slim.web.BrowserTest$1.apply(BrowserTest.java:69)<br/>	at nl.hsac.fitnesse.fixture.slim.web.BrowserTest$1.apply(BrowserTest.java:65)<br/>	at nl.hsac.fitnesse.fixture.util.selenium.TryAllFramesConditionDecorator.apply(TryAllFramesConditionDecorator.java:34)<br/>	at nl.hsac.fitnesse.fixture.util.selenium.TryAllFramesConditionDecorator.apply(TryAllFramesConditionDecorator.java:16)<br/>	at nl.hsac.fitnesse.fixture.util.selenium.SeleniumHelper$2.apply(SeleniumHelper.java:930)<br/>	at nl.hsac.fitnesse.fixture.util.selenium.SeleniumHelper$2.apply(SeleniumHelper.java:926)<br/>	at org.openqa.selenium.support.ui.FluentWait.until(FluentWait.java:238)<br/>	at nl.hsac.fitnesse.fixture.util.selenium.SeleniumHelper.waitUntil(SeleniumHelper.java:915)<br/>	at nl.hsac.fitnesse.fixture.slim.web.BrowserTest.waitUntilImpl(BrowserTest.java:1728)<br/>	at nl.hsac.fitnesse.fixture.slim.web.BrowserTest.waitUntil(BrowserTest.java:1658)<br/>	at nl.hsac.fitnesse.fixture.slim.web.BrowserTest.invokedWrappedInWaitUntil(BrowserTest.java:98)<br/>	at nl.hsac.fitnesse.fixture.slim.web.BrowserTest.invoke(BrowserTest.java:59)<br/>	at nl.hsac.fitnesse.fixture.slim.SlimFixture.aroundSlimInvoke(SlimFixture.java:30)<br/>	at sun.reflect.GeneratedMethodAccessor1.invoke(Unknown Source)<br/>	at sun.reflect.DelegatingMethodAccessorImpl.invoke(DelegatingMethodAccessorImpl.java:43)<br/>	at java.lang.reflect.Method.invoke(Method.java:606)<br/>	at fitnesse.slim.fixtureInteraction.DefaultInteraction.methodInvoke(DefaultInteraction.java:147)<br/>	at fitnesse.slim.fixtureInteraction.DefaultInteraction.callMethod(DefaultInteraction.java:130)<br/>	at fitnesse.slim.fixtureInteraction.DefaultInteraction.invokeMethod(DefaultInteraction.java:114)<br/>	at fitnesse.slim.fixtureInteraction.DefaultInteraction.findAndInvoke(DefaultInteraction.java:92)<br/>	at fitnesse.slim.MethodExecutor.findAndInvoke(MethodExecutor.java:18)<br/>	at fitnesse.slim.FixtureMethodExecutor.execute(FixtureMethodExecutor.java:18)<br/>	at fitnesse.slim.StatementExecutor.getMethodExecutionResult(StatementExecutor.java:130)<br/>	at fitnesse.slim.StatementExecutor.call(StatementExecutor.java:103)<br/>	at fitnesse.slim.instructions.CallInstruction.executeInternal(CallInstruction.java:35)<br/>	at fitnesse.slim.instructions.Instruction.execute(Instruction.java:29)<br/>	at fitnesse.slim.ListExecutor$Executive.executeStatement(ListExecutor.java:49)<br/>	at fitnesse.slim.ListExecutor$Executive.executeStatements(ListExecutor.java:43)<br/>	at fitnesse.slim.ListExecutor.execute(ListExecutor.java:85)<br/>	at fitnesse.slim.SlimServer.executeInstructions(SlimServer.java:82)<br/>	at fitnesse.slim.SlimServer.processOneSetOfInstructions(SlimServer.java:75)<br/>	at fitnesse.slim.SlimServer.tryProcessInstructions(SlimServer.java:62)<br/>	at fitnesse.slim.SlimServer.serve(SlimServer.java:47)<br/>	at fitnesse.testsystems.slim.InProcessSlimClient$1.run(InProcessSlimClient.java:53)<br/>	at java.lang.Thread.run(Thread.java:745)<br/></div></span></td>
		<td>Lange Nieuwstraat 72, Utrecht</td>
		<td>as</td>
		<td>Plaats, buurt, adres etc</td>
	<td> <span class="error"><div>org.openqa.selenium.UnsupportedCommandException: ERROR The test with session id 6f27aa07b41543dea0129182d27fa190 has already finished, and can't receive further commands.<br/>You can learn more at https://saucelabs.com/jobs/6f27aa07b41543dea0129182d27fa190<br/>For help, please check https://wiki.saucelabs.com/display/DOCS/Common+Error+Messages<br/>Command duration or timeout: 96 milliseconds<br/>Build info: version: '2.53.1', revision: 'a36b8b1cd5757287168e54b817830adce9b0158d', time: '2016-06-30 19:26:09'<br/>System info: host: 'testing-docker-d5bb6f2e-34df-4e2f-b0eb-75f0030be081', ip: '172.17.0.9', os.name: 'Linux', os.arch: 'amd64', os.version: '4.8.12-040812-generic', java.version: '1.7.0_76'<br/>Session ID: 6f27aa07b41543dea0129182d27fa190<br/>Driver info: org.openqa.selenium.remote.RemoteWebDriver<br/>Capabilities [{platform=XP, javascriptEnabled=true, acceptSslCerts=true, hasMetadata=true, browserName=chrome, chrome={userDataDir=C:\Users\ADMINI~1\AppData\Local\Temp\scoped_dir1544_15926, chromedriverVersion=2.27.440174 (e97a722caafc2d3a8b807ee115bfb307f7d2cfd9)}, networkConnectionEnabled=false, unexpectedAlertBehaviour=, rotatable=false, mobileEmulationEnabled=false, locationContextEnabled=true, webdriver.remote.sessionid=6f27aa07b41543dea0129182d27fa190, pageLoadStrategy=normal, version=56.0.2924.76, takesHeapSnapshot=true, cssSelectorsEnabled=true, databaseEnabled=false, handlesAlerts=true, browserConnectionEnabled=false, webStorageEnabled=true, nativeEvents=true, hasTouchScreen=false, applicationCacheEnabled=false, takesScreenshot=true}]<br/>	at sun.reflect.GeneratedConstructorAccessor14.newInstance(Unknown Source)<br/>	at sun.reflect.DelegatingConstructorAccessorImpl.newInstance(DelegatingConstructorAccessorImpl.java:45)<br/>	at java.lang.reflect.Constructor.newInstance(Constructor.java:526)<br/>	at org.openqa.selenium.remote.ErrorHandler.createThrowable(ErrorHandler.java:206)<br/>	at org.openqa.selenium.remote.ErrorHandler.throwIfResponseFailed(ErrorHandler.java:158)<br/>	at org.openqa.selenium.remote.RemoteWebDriver.execute(RemoteWebDriver.java:678)<br/>	at org.openqa.selenium.remote.RemoteWebDriver.execute(RemoteWebDriver.java:701)<br/>	at org.openqa.selenium.remote.RemoteWebDriver.getScreenshotAs(RemoteWebDriver.java:335)<br/>	at nl.hsac.fitnesse.fixture.util.selenium.SeleniumHelper.takeScreenshot(SeleniumHelper.java:1069)<br/>	at nl.hsac.fitnesse.fixture.slim.web.BrowserTest.createScreenshot(BrowserTest.java:1629)<br/>	at nl.hsac.fitnesse.fixture.slim.web.BrowserTest.takeScreenshot(BrowserTest.java:1591)<br/>	at sun.reflect.GeneratedMethodAccessor6.invoke(Unknown Source)<br/>	at sun.reflect.DelegatingMethodAccessorImpl.invoke(DelegatingMethodAccessorImpl.java:43)<br/>	at java.lang.reflect.Method.invoke(Method.java:606)<br/>	at fitnesse.slim.fixtureInteraction.DefaultInteraction.methodInvoke(DefaultInteraction.java:147)<br/>	at nl.hsac.fitnesse.fixture.slim.SlimFixture.invoke(SlimFixture.java:50)<br/>	at nl.hsac.fitnesse.fixture.slim.web.BrowserTest.superInvoke(BrowserTest.java:105)<br/>	at nl.hsac.fitnesse.fixture.slim.web.BrowserTest.invoke(BrowserTest.java:57)<br/>	at nl.hsac.fitnesse.fixture.slim.SlimFixture.aroundSlimInvoke(SlimFixture.java:30)<br/>	at sun.reflect.GeneratedMethodAccessor1.invoke(Unknown Source)<br/>	at sun.reflect.DelegatingMethodAccessorImpl.invoke(DelegatingMethodAccessorImpl.java:43)<br/>	at java.lang.reflect.Method.invoke(Method.java:606)<br/>	at fitnesse.slim.fixtureInteraction.DefaultInteraction.methodInvoke(DefaultInteraction.java:147)<br/>	at fitnesse.slim.fixtureInteraction.DefaultInteraction.callMethod(DefaultInteraction.java:130)<br/>	at fitnesse.slim.fixtureInteraction.DefaultInteraction.invokeMethod(DefaultInteraction.java:114)<br/>	at fitnesse.slim.fixtureInteraction.DefaultInteraction.findAndInvoke(DefaultInteraction.java:92)<br/>	at fitnesse.slim.MethodExecutor.findAndInvoke(MethodExecutor.java:18)<br/>	at fitnesse.slim.FixtureMethodExecutor.execute(FixtureMethodExecutor.java:18)<br/>	at fitnesse.slim.StatementExecutor.getMethodExecutionResult(StatementExecutor.java:130)<br/>	at fitnesse.slim.StatementExecutor.call(StatementExecutor.java:103)<br/>	at fitnesse.slim.instructions.CallInstruction.executeInternal(CallInstruction.java:35)<br/>	at fitnesse.slim.instructions.Instruction.execute(Instruction.java:29)<br/>	at fitnesse.slim.ListExecutor$Executive.executeStatement(ListExecutor.java:49)<br/>	at fitnesse.slim.ListExecutor$Executive.executeStatements(ListExecutor.java:43)<br/>	at fitnesse.slim.ListExecutor.execute(ListExecutor.java:85)<br/>	at fitnesse.slim.SlimServer.executeInstructions(SlimServer.java:82)<br/>	at fitnesse.slim.SlimServer.processOneSetOfInstructions(SlimServer.java:75)<br/>	at fitnesse.slim.SlimServer.tryProcessInstructions(SlimServer.java:62)<br/>	at fitnesse.slim.SlimServer.serve(SlimServer.java:47)<br/>	at fitnesse.testsystems.slim.InProcessSlimClient$1.run(InProcessSlimClient.java:53)<br/>	at java.lang.Thread.run(Thread.java:745)<br/></div></span></td></tr>
	<tr>
		<td>note</td>
		<td colspan="3">select option from autocomplete</td>
	</tr>
	<tr>
		<td>press <span class="error"><div>org.openqa.selenium.UnsupportedCommandException: ERROR The test with session id 6f27aa07b41543dea0129182d27fa190 has already finished, and can't receive further commands.<br/>You can learn more at https://saucelabs.com/jobs/6f27aa07b41543dea0129182d27fa190<br/>For help, please check https://wiki.saucelabs.com/display/DOCS/Common+Error+Messages<br/>Command duration or timeout: 89 milliseconds<br/>Build info: version: '2.53.1', revision: 'a36b8b1cd5757287168e54b817830adce9b0158d', time: '2016-06-30 19:26:09'<br/>System info: host: 'testing-docker-d5bb6f2e-34df-4e2f-b0eb-75f0030be081', ip: '172.17.0.9', os.name: 'Linux', os.arch: 'amd64', os.version: '4.8.12-040812-generic', java.version: '1.7.0_76'<br/>Session ID: 6f27aa07b41543dea0129182d27fa190<br/>Driver info: org.openqa.selenium.remote.RemoteWebDriver<br/>Capabilities [{platform=XP, javascriptEnabled=true, acceptSslCerts=true, hasMetadata=true, browserName=chrome, chrome={userDataDir=C:\Users\ADMINI~1\AppData\Local\Temp\scoped_dir1544_15926, chromedriverVersion=2.27.440174 (e97a722caafc2d3a8b807ee115bfb307f7d2cfd9)}, networkConnectionEnabled=false, unexpectedAlertBehaviour=, rotatable=false, mobileEmulationEnabled=false, locationContextEnabled=true, webdriver.remote.sessionid=6f27aa07b41543dea0129182d27fa190, pageLoadStrategy=normal, version=56.0.2924.76, takesHeapSnapshot=true, cssSelectorsEnabled=true, databaseEnabled=false, handlesAlerts=true, browserConnectionEnabled=false, webStorageEnabled=true, nativeEvents=true, hasTouchScreen=false, applicationCacheEnabled=false, takesScreenshot=true}]<br/>	at sun.reflect.GeneratedConstructorAccessor14.newInstance(Unknown Source)<br/>	at sun.reflect.DelegatingConstructorAccessorImpl.newInstance(DelegatingConstructorAccessorImpl.java:45)<br/>	at java.lang.reflect.Constructor.newInstance(Constructor.java:526)<br/>	at org.openqa.selenium.remote.ErrorHandler.createThrowable(ErrorHandler.java:206)<br/>	at org.openqa.selenium.remote.ErrorHandler.throwIfResponseFailed(ErrorHandler.java:158)<br/>	at org.openqa.selenium.remote.RemoteWebDriver.execute(RemoteWebDriver.java:678)<br/>	at org.openqa.selenium.remote.RemoteWebDriver.execute(RemoteWebDriver.java:701)<br/>	at org.openqa.selenium.remote.RemoteWebDriver$RemoteTargetLocator.activeElement(RemoteWebDriver.java:1044)<br/>	at nl.hsac.fitnesse.fixture.util.selenium.SeleniumHelper.getActiveElement(SeleniumHelper.java:772)<br/>	at nl.hsac.fitnesse.fixture.slim.web.BrowserTest.sendKeysToActiveElement(BrowserTest.java:582)<br/>	at nl.hsac.fitnesse.fixture.slim.web.BrowserTest.press(BrowserTest.java:562)<br/>	at sun.reflect.GeneratedMethodAccessor8.invoke(Unknown Source)<br/>	at sun.reflect.DelegatingMethodAccessorImpl.invoke(DelegatingMethodAccessorImpl.java:43)<br/>	at java.lang.reflect.Method.invoke(Method.java:606)<br/>	at fitnesse.slim.fixtureInteraction.DefaultInteraction.methodInvoke(DefaultInteraction.java:147)<br/>	at nl.hsac.fitnesse.fixture.slim.SlimFixture.invoke(SlimFixture.java:50)<br/>	at nl.hsac.fitnesse.fixture.slim.web.BrowserTest.superInvoke(BrowserTest.java:105)<br/>	at nl.hsac.fitnesse.fixture.slim.web.BrowserTest.invoke(BrowserTest.java:57)<br/>	at nl.hsac.fitnesse.fixture.slim.SlimFixture.aroundSlimInvoke(SlimFixture.java:30)<br/>	at sun.reflect.GeneratedMethodAccessor1.invoke(Unknown Source)<br/>	at sun.reflect.DelegatingMethodAccessorImpl.invoke(DelegatingMethodAccessorImpl.java:43)<br/>	at java.lang.reflect.Method.invoke(Method.java:606)<br/>	at fitnesse.slim.fixtureInteraction.DefaultInteraction.methodInvoke(DefaultInteraction.java:147)<br/>	at fitnesse.slim.fixtureInteraction.DefaultInteraction.callMethod(DefaultInteraction.java:130)<br/>	at fitnesse.slim.fixtureInteraction.DefaultInteraction.invokeMethod(DefaultInteraction.java:114)<br/>	at fitnesse.slim.fixtureInteraction.DefaultInteraction.findAndInvoke(DefaultInteraction.java:92)<br/>	at fitnesse.slim.MethodExecutor.findAndInvoke(MethodExecutor.java:18)<br/>	at fitnesse.slim.FixtureMethodExecutor.execute(FixtureMethodExecutor.java:18)<br/>	at fitnesse.slim.StatementExecutor.getMethodExecutionResult(StatementExecutor.java:130)<br/>	at fitnesse.slim.StatementExecutor.call(StatementExecutor.java:103)<br/>	at fitnesse.slim.instructions.CallInstruction.executeInternal(CallInstruction.java:35)<br/>	at fitnesse.slim.instructions.Instruction.execute(Instruction.java:29)<br/>	at fitnesse.slim.ListExecutor$Executive.executeStatement(ListExecutor.java:49)<br/>	at fitnesse.slim.ListExecutor$Executive.executeStatements(ListExecutor.java:43)<br/>	at fitnesse.slim.ListExecutor.execute(ListExecutor.java:85)<br/>	at fitnesse.slim.SlimServer.executeInstructions(SlimServer.java:82)<br/>	at fitnesse.slim.SlimServer.processOneSetOfInstructions(SlimServer.java:75)<br/>	at fitnesse.slim.SlimServer.tryProcessInstructions(SlimServer.java:62)<br/>	at fitnesse.slim.SlimServer.serve(SlimServer.java:47)<br/>	at fitnesse.testsystems.slim.InProcessSlimClient$1.run(InProcessSlimClient.java:53)<br/>	at java.lang.Thread.run(Thread.java:745)<br/></div></span></td>
		<td colspan="3">down</td>
	<td> <span class="error"><div>org.openqa.selenium.UnsupportedCommandException: ERROR The test with session id 6f27aa07b41543dea0129182d27fa190 has already finished, and can't receive further commands.<br/>You can learn more at https://saucelabs.com/jobs/6f27aa07b41543dea0129182d27fa190<br/>For help, please check https://wiki.saucelabs.com/display/DOCS/Common+Error+Messages<br/>Command duration or timeout: 82 milliseconds<br/>Build info: version: '2.53.1', revision: 'a36b8b1cd5757287168e54b817830adce9b0158d', time: '2016-06-30 19:26:09'<br/>System info: host: 'testing-docker-d5bb6f2e-34df-4e2f-b0eb-75f0030be081', ip: '172.17.0.9', os.name: 'Linux', os.arch: 'amd64', os.version: '4.8.12-040812-generic', java.version: '1.7.0_76'<br/>Session ID: 6f27aa07b41543dea0129182d27fa190<br/>Driver info: org.openqa.selenium.remote.RemoteWebDriver<br/>Capabilities [{platform=XP, javascriptEnabled=true, acceptSslCerts=true, hasMetadata=true, browserName=chrome, chrome={userDataDir=C:\Users\ADMINI~1\AppData\Local\Temp\scoped_dir1544_15926, chromedriverVersion=2.27.440174 (e97a722caafc2d3a8b807ee115bfb307f7d2cfd9)}, networkConnectionEnabled=false, unexpectedAlertBehaviour=, rotatable=false, mobileEmulationEnabled=false, locationContextEnabled=true, webdriver.remote.sessionid=6f27aa07b41543dea0129182d27fa190, pageLoadStrategy=normal, version=56.0.2924.76, takesHeapSnapshot=true, cssSelectorsEnabled=true, databaseEnabled=false, handlesAlerts=true, browserConnectionEnabled=false, webStorageEnabled=true, nativeEvents=true, hasTouchScreen=false, applicationCacheEnabled=false, takesScreenshot=true}]<br/>	at sun.reflect.GeneratedConstructorAccessor14.newInstance(Unknown Source)<br/>	at sun.reflect.DelegatingConstructorAccessorImpl.newInstance(DelegatingConstructorAccessorImpl.java:45)<br/>	at java.lang.reflect.Constructor.newInstance(Constructor.java:526)<br/>	at org.openqa.selenium.remote.ErrorHandler.createThrowable(ErrorHandler.java:206)<br/>	at org.openqa.selenium.remote.ErrorHandler.throwIfResponseFailed(ErrorHandler.java:158)<br/>	at org.openqa.selenium.remote.RemoteWebDriver.execute(RemoteWebDriver.java:678)<br/>	at org.openqa.selenium.remote.RemoteWebDriver.execute(RemoteWebDriver.java:701)<br/>	at org.openqa.selenium.remote.RemoteWebDriver.getScreenshotAs(RemoteWebDriver.java:335)<br/>	at nl.hsac.fitnesse.fixture.util.selenium.SeleniumHelper.takeScreenshot(SeleniumHelper.java:1069)<br/>	at nl.hsac.fitnesse.fixture.slim.web.BrowserTest.createScreenshot(BrowserTest.java:1629)<br/>	at nl.hsac.fitnesse.fixture.slim.web.BrowserTest.takeScreenshot(BrowserTest.java:1591)<br/>	at sun.reflect.GeneratedMethodAccessor6.invoke(Unknown Source)<br/>	at sun.reflect.DelegatingMethodAccessorImpl.invoke(DelegatingMethodAccessorImpl.java:43)<br/>	at java.lang.reflect.Method.invoke(Method.java:606)<br/>	at fitnesse.slim.fixtureInteraction.DefaultInteraction.methodInvoke(DefaultInteraction.java:147)<br/>	at nl.hsac.fitnesse.fixture.slim.SlimFixture.invoke(SlimFixture.java:50)<br/>	at nl.hsac.fitnesse.fixture.slim.web.BrowserTest.superInvoke(BrowserTest.java:105)<br/>	at nl.hsac.fitnesse.fixture.slim.web.BrowserTest.invoke(BrowserTest.java:57)<br/>	at nl.hsac.fitnesse.fixture.slim.SlimFixture.aroundSlimInvoke(SlimFixture.java:30)<br/>	at sun.reflect.GeneratedMethodAccessor1.invoke(Unknown Source)<br/>	at sun.reflect.DelegatingMethodAccessorImpl.invoke(DelegatingMethodAccessorImpl.java:43)<br/>	at java.lang.reflect.Method.invoke(Method.java:606)<br/>	at fitnesse.slim.fixtureInteraction.DefaultInteraction.methodInvoke(DefaultInteraction.java:147)<br/>	at fitnesse.slim.fixtureInteraction.DefaultInteraction.callMethod(DefaultInteraction.java:130)<br/>	at fitnesse.slim.fixtureInteraction.DefaultInteraction.invokeMethod(DefaultInteraction.java:114)<br/>	at fitnesse.slim.fixtureInteraction.DefaultInteraction.findAndInvoke(DefaultInteraction.java:92)<br/>	at fitnesse.slim.MethodExecutor.findAndInvoke(MethodExecutor.java:18)<br/>	at fitnesse.slim.FixtureMethodExecutor.execute(FixtureMethodExecutor.java:18)<br/>	at fitnesse.slim.StatementExecutor.getMethodExecutionResult(StatementExecutor.java:130)<br/>	at fitnesse.slim.StatementExecutor.call(StatementExecutor.java:103)<br/>	at fitnesse.slim.instructions.CallInstruction.executeInternal(CallInstruction.java:35)<br/>	at fitnesse.slim.instructions.Instruction.execute(Instruction.java:29)<br/>	at fitnesse.slim.ListExecutor$Executive.executeStatement(ListExecutor.java:49)<br/>	at fitnesse.slim.ListExecutor$Executive.executeStatements(ListExecutor.java:43)<br/>	at fitnesse.slim.ListExecutor.execute(ListExecutor.java:85)<br/>	at fitnesse.slim.SlimServer.executeInstructions(SlimServer.java:82)<br/>	at fitnesse.slim.SlimServer.processOneSetOfInstructions(SlimServer.java:75)<br/>	at fitnesse.slim.SlimServer.tryProcessInstructions(SlimServer.java:62)<br/>	at fitnesse.slim.SlimServer.serve(SlimServer.java:47)<br/>	at fitnesse.testsystems.slim.InProcessSlimClient$1.run(InProcessSlimClient.java:53)<br/>	at java.lang.Thread.run(Thread.java:745)<br/></div></span></td></tr>
	<tr>
		<td>press <span class="error"><div>org.openqa.selenium.UnsupportedCommandException: ERROR The test with session id 6f27aa07b41543dea0129182d27fa190 has already finished, and can't receive further commands.<br/>You can learn more at https://saucelabs.com/jobs/6f27aa07b41543dea0129182d27fa190<br/>For help, please check https://wiki.saucelabs.com/display/DOCS/Common+Error+Messages<br/>Command duration or timeout: 83 milliseconds<br/>Build info: version: '2.53.1', revision: 'a36b8b1cd5757287168e54b817830adce9b0158d', time: '2016-06-30 19:26:09'<br/>System info: host: 'testing-docker-d5bb6f2e-34df-4e2f-b0eb-75f0030be081', ip: '172.17.0.9', os.name: 'Linux', os.arch: 'amd64', os.version: '4.8.12-040812-generic', java.version: '1.7.0_76'<br/>Session ID: 6f27aa07b41543dea0129182d27fa190<br/>Driver info: org.openqa.selenium.remote.RemoteWebDriver<br/>Capabilities [{platform=XP, javascriptEnabled=true, acceptSslCerts=true, hasMetadata=true, browserName=chrome, chrome={userDataDir=C:\Users\ADMINI~1\AppData\Local\Temp\scoped_dir1544_15926, chromedriverVersion=2.27.440174 (e97a722caafc2d3a8b807ee115bfb307f7d2cfd9)}, networkConnectionEnabled=false, unexpectedAlertBehaviour=, rotatable=false, mobileEmulationEnabled=false, locationContextEnabled=true, webdriver.remote.sessionid=6f27aa07b41543dea0129182d27fa190, pageLoadStrategy=normal, version=56.0.2924.76, takesHeapSnapshot=true, cssSelectorsEnabled=true, databaseEnabled=false, handlesAlerts=true, browserConnectionEnabled=false, webStorageEnabled=true, nativeEvents=true, hasTouchScreen=false, applicationCacheEnabled=false, takesScreenshot=true}]<br/>	at sun.reflect.GeneratedConstructorAccessor14.newInstance(Unknown Source)<br/>	at sun.reflect.DelegatingConstructorAccessorImpl.newInstance(DelegatingConstructorAccessorImpl.java:45)<br/>	at java.lang.reflect.Constructor.newInstance(Constructor.java:526)<br/>	at org.openqa.selenium.remote.ErrorHandler.createThrowable(ErrorHandler.java:206)<br/>	at org.openqa.selenium.remote.ErrorHandler.throwIfResponseFailed(ErrorHandler.java:158)<br/>	at org.openqa.selenium.remote.RemoteWebDriver.execute(RemoteWebDriver.java:678)<br/>	at org.openqa.selenium.remote.RemoteWebDriver.execute(RemoteWebDriver.java:701)<br/>	at org.openqa.selenium.remote.RemoteWebDriver$RemoteTargetLocator.activeElement(RemoteWebDriver.java:1044)<br/>	at nl.hsac.fitnesse.fixture.util.selenium.SeleniumHelper.getActiveElement(SeleniumHelper.java:772)<br/>	at nl.hsac.fitnesse.fixture.slim.web.BrowserTest.sendKeysToActiveElement(BrowserTest.java:582)<br/>	at nl.hsac.fitnesse.fixture.slim.web.BrowserTest.press(BrowserTest.java:562)<br/>	at sun.reflect.GeneratedMethodAccessor8.invoke(Unknown Source)<br/>	at sun.reflect.DelegatingMethodAccessorImpl.invoke(DelegatingMethodAccessorImpl.java:43)<br/>	at java.lang.reflect.Method.invoke(Method.java:606)<br/>	at fitnesse.slim.fixtureInteraction.DefaultInteraction.methodInvoke(DefaultInteraction.java:147)<br/>	at nl.hsac.fitnesse.fixture.slim.SlimFixture.invoke(SlimFixture.java:50)<br/>	at nl.hsac.fitnesse.fixture.slim.web.BrowserTest.superInvoke(BrowserTest.java:105)<br/>	at nl.hsac.fitnesse.fixture.slim.web.BrowserTest.invoke(BrowserTest.java:57)<br/>	at nl.hsac.fitnesse.fixture.slim.SlimFixture.aroundSlimInvoke(SlimFixture.java:30)<br/>	at sun.reflect.GeneratedMethodAccessor1.invoke(Unknown Source)<br/>	at sun.reflect.DelegatingMethodAccessorImpl.invoke(DelegatingMethodAccessorImpl.java:43)<br/>	at java.lang.reflect.Method.invoke(Method.java:606)<br/>	at fitnesse.slim.fixtureInteraction.DefaultInteraction.methodInvoke(DefaultInteraction.java:147)<br/>	at fitnesse.slim.fixtureInteraction.DefaultInteraction.callMethod(DefaultInteraction.java:130)<br/>	at fitnesse.slim.fixtureInteraction.DefaultInteraction.invokeMethod(DefaultInteraction.java:114)<br/>	at fitnesse.slim.fixtureInteraction.DefaultInteraction.findAndInvoke(DefaultInteraction.java:92)<br/>	at fitnesse.slim.MethodExecutor.findAndInvoke(MethodExecutor.java:18)<br/>	at fitnesse.slim.FixtureMethodExecutor.execute(FixtureMethodExecutor.java:18)<br/>	at fitnesse.slim.StatementExecutor.getMethodExecutionResult(StatementExecutor.java:130)<br/>	at fitnesse.slim.StatementExecutor.call(StatementExecutor.java:103)<br/>	at fitnesse.slim.instructions.CallInstruction.executeInternal(CallInstruction.java:35)<br/>	at fitnesse.slim.instructions.Instruction.execute(Instruction.java:29)<br/>	at fitnesse.slim.ListExecutor$Executive.executeStatement(ListExecutor.java:49)<br/>	at fitnesse.slim.ListExecutor$Executive.executeStatements(ListExecutor.java:43)<br/>	at fitnesse.slim.ListExecutor.execute(ListExecutor.java:85)<br/>	at fitnesse.slim.SlimServer.executeInstructions(SlimServer.java:82)<br/>	at fitnesse.slim.SlimServer.processOneSetOfInstructions(SlimServer.java:75)<br/>	at fitnesse.slim.SlimServer.tryProcessInstructions(SlimServer.java:62)<br/>	at fitnesse.slim.SlimServer.serve(SlimServer.java:47)<br/>	at fitnesse.testsystems.slim.InProcessSlimClient$1.run(InProcessSlimClient.java:53)<br/>	at java.lang.Thread.run(Thread.java:745)<br/></div></span></td>
		<td colspan="3">enter</td>
	<td> <span class="error"><div>org.openqa.selenium.UnsupportedCommandException: ERROR The test with session id 6f27aa07b41543dea0129182d27fa190 has already finished, and can't receive further commands.<br/>You can learn more at https://saucelabs.com/jobs/6f27aa07b41543dea0129182d27fa190<br/>For help, please check https://wiki.saucelabs.com/display/DOCS/Common+Error+Messages<br/>Command duration or timeout: 87 milliseconds<br/>Build info: version: '2.53.1', revision: 'a36b8b1cd5757287168e54b817830adce9b0158d', time: '2016-06-30 19:26:09'<br/>System info: host: 'testing-docker-d5bb6f2e-34df-4e2f-b0eb-75f0030be081', ip: '172.17.0.9', os.name: 'Linux', os.arch: 'amd64', os.version: '4.8.12-040812-generic', java.version: '1.7.0_76'<br/>Session ID: 6f27aa07b41543dea0129182d27fa190<br/>Driver info: org.openqa.selenium.remote.RemoteWebDriver<br/>Capabilities [{platform=XP, javascriptEnabled=true, acceptSslCerts=true, hasMetadata=true, browserName=chrome, chrome={userDataDir=C:\Users\ADMINI~1\AppData\Local\Temp\scoped_dir1544_15926, chromedriverVersion=2.27.440174 (e97a722caafc2d3a8b807ee115bfb307f7d2cfd9)}, networkConnectionEnabled=false, unexpectedAlertBehaviour=, rotatable=false, mobileEmulationEnabled=false, locationContextEnabled=true, webdriver.remote.sessionid=6f27aa07b41543dea0129182d27fa190, pageLoadStrategy=normal, version=56.0.2924.76, takesHeapSnapshot=true, cssSelectorsEnabled=true, databaseEnabled=false, handlesAlerts=true, browserConnectionEnabled=false, webStorageEnabled=true, nativeEvents=true, hasTouchScreen=false, applicationCacheEnabled=false, takesScreenshot=true}]<br/>	at sun.reflect.GeneratedConstructorAccessor14.newInstance(Unknown Source)<br/>	at sun.reflect.DelegatingConstructorAccessorImpl.newInstance(DelegatingConstructorAccessorImpl.java:45)<br/>	at java.lang.reflect.Constructor.newInstance(Constructor.java:526)<br/>	at org.openqa.selenium.remote.ErrorHandler.createThrowable(ErrorHandler.java:206)<br/>	at org.openqa.selenium.remote.ErrorHandler.throwIfResponseFailed(ErrorHandler.java:158)<br/>	at org.openqa.selenium.remote.RemoteWebDriver.execute(RemoteWebDriver.java:678)<br/>	at org.openqa.selenium.remote.RemoteWebDriver.execute(RemoteWebDriver.java:701)<br/>	at org.openqa.selenium.remote.RemoteWebDriver.getScreenshotAs(RemoteWebDriver.java:335)<br/>	at nl.hsac.fitnesse.fixture.util.selenium.SeleniumHelper.takeScreenshot(SeleniumHelper.java:1069)<br/>	at nl.hsac.fitnesse.fixture.slim.web.BrowserTest.createScreenshot(BrowserTest.java:1629)<br/>	at nl.hsac.fitnesse.fixture.slim.web.BrowserTest.takeScreenshot(BrowserTest.java:1591)<br/>	at sun.reflect.GeneratedMethodAccessor6.invoke(Unknown Source)<br/>	at sun.reflect.DelegatingMethodAccessorImpl.invoke(DelegatingMethodAccessorImpl.java:43)<br/>	at java.lang.reflect.Method.invoke(Method.java:606)<br/>	at fitnesse.slim.fixtureInteraction.DefaultInteraction.methodInvoke(DefaultInteraction.java:147)<br/>	at nl.hsac.fitnesse.fixture.slim.SlimFixture.invoke(SlimFixture.java:50)<br/>	at nl.hsac.fitnesse.fixture.slim.web.BrowserTest.superInvoke(BrowserTest.java:105)<br/>	at nl.hsac.fitnesse.fixture.slim.web.BrowserTest.invoke(BrowserTest.java:57)<br/>	at nl.hsac.fitnesse.fixture.slim.SlimFixture.aroundSlimInvoke(SlimFixture.java:30)<br/>	at sun.reflect.GeneratedMethodAccessor1.invoke(Unknown Source)<br/>	at sun.reflect.DelegatingMethodAccessorImpl.invoke(DelegatingMethodAccessorImpl.java:43)<br/>	at java.lang.reflect.Method.invoke(Method.java:606)<br/>	at fitnesse.slim.fixtureInteraction.DefaultInteraction.methodInvoke(DefaultInteraction.java:147)<br/>	at fitnesse.slim.fixtureInteraction.DefaultInteraction.callMethod(DefaultInteraction.java:130)<br/>	at fitnesse.slim.fixtureInteraction.DefaultInteraction.invokeMethod(DefaultInteraction.java:114)<br/>	at fitnesse.slim.fixtureInteraction.DefaultInteraction.findAndInvoke(DefaultInteraction.java:92)<br/>	at fitnesse.slim.MethodExecutor.findAndInvoke(MethodExecutor.java:18)<br/>	at fitnesse.slim.FixtureMethodExecutor.execute(FixtureMethodExecutor.java:18)<br/>	at fitnesse.slim.StatementExecutor.getMethodExecutionResult(StatementExecutor.java:130)<br/>	at fitnesse.slim.StatementExecutor.call(StatementExecutor.java:103)<br/>	at fitnesse.slim.instructions.CallInstruction.executeInternal(CallInstruction.java:35)<br/>	at fitnesse.slim.instructions.Instruction.execute(Instruction.java:29)<br/>	at fitnesse.slim.ListExecutor$Executive.executeStatement(ListExecutor.java:49)<br/>	at fitnesse.slim.ListExecutor$Executive.executeStatements(ListExecutor.java:43)<br/>	at fitnesse.slim.ListExecutor.execute(ListExecutor.java:85)<br/>	at fitnesse.slim.SlimServer.executeInstructions(SlimServer.java:82)<br/>	at fitnesse.slim.SlimServer.processOneSetOfInstructions(SlimServer.java:75)<br/>	at fitnesse.slim.SlimServer.tryProcessInstructions(SlimServer.java:62)<br/>	at fitnesse.slim.SlimServer.serve(SlimServer.java:47)<br/>	at fitnesse.testsystems.slim.InProcessSlimClient$1.run(InProcessSlimClient.java:53)<br/>	at java.lang.Thread.run(Thread.java:745)<br/></div></span></td></tr>
	<tr>
		<td>click <span class="error"><div>org.openqa.selenium.UnsupportedCommandException: ERROR The test with session id 6f27aa07b41543dea0129182d27fa190 has already finished, and can't receive further commands.<br/>You can learn more at https://saucelabs.com/jobs/6f27aa07b41543dea0129182d27fa190<br/>For help, please check https://wiki.saucelabs.com/display/DOCS/Common+Error+Messages<br/>Command duration or timeout: 89 milliseconds<br/>Build info: version: '2.53.1', revision: 'a36b8b1cd5757287168e54b817830adce9b0158d', time: '2016-06-30 19:26:09'<br/>System info: host: 'testing-docker-d5bb6f2e-34df-4e2f-b0eb-75f0030be081', ip: '172.17.0.9', os.name: 'Linux', os.arch: 'amd64', os.version: '4.8.12-040812-generic', java.version: '1.7.0_76'<br/>*** Element info: {Using=link text, value=Zoek}<br/>Session ID: 6f27aa07b41543dea0129182d27fa190<br/>Driver info: org.openqa.selenium.remote.RemoteWebDriver<br/>Capabilities [{platform=XP, javascriptEnabled=true, acceptSslCerts=true, hasMetadata=true, browserName=chrome, chrome={userDataDir=C:\Users\ADMINI~1\AppData\Local\Temp\scoped_dir1544_15926, chromedriverVersion=2.27.440174 (e97a722caafc2d3a8b807ee115bfb307f7d2cfd9)}, networkConnectionEnabled=false, unexpectedAlertBehaviour=, rotatable=false, mobileEmulationEnabled=false, locationContextEnabled=true, webdriver.remote.sessionid=6f27aa07b41543dea0129182d27fa190, pageLoadStrategy=normal, version=56.0.2924.76, takesHeapSnapshot=true, cssSelectorsEnabled=true, databaseEnabled=false, handlesAlerts=true, browserConnectionEnabled=false, webStorageEnabled=true, nativeEvents=true, hasTouchScreen=false, applicationCacheEnabled=false, takesScreenshot=true}]<br/>	at sun.reflect.GeneratedConstructorAccessor14.newInstance(Unknown Source)<br/>	at sun.reflect.DelegatingConstructorAccessorImpl.newInstance(DelegatingConstructorAccessorImpl.java:45)<br/>	at java.lang.reflect.Constructor.newInstance(Constructor.java:526)<br/>	at org.openqa.selenium.remote.ErrorHandler.createThrowable(ErrorHandler.java:206)<br/>	at org.openqa.selenium.remote.ErrorHandler.throwIfResponseFailed(ErrorHandler.java:158)<br/>	at org.openqa.selenium.remote.RemoteWebDriver.execute(RemoteWebDriver.java:678)<br/>	at org.openqa.selenium.remote.RemoteWebDriver.findElements(RemoteWebDriver.java:388)<br/>	at org.openqa.selenium.remote.RemoteWebDriver.findElementsByLinkText(RemoteWebDriver.java:432)<br/>	at org.openqa.selenium.By$ByLinkText.findElements(By.java:241)<br/>	at org.openqa.selenium.remote.RemoteWebDriver.findElements(RemoteWebDriver.java:351)<br/>	at nl.hsac.fitnesse.fixture.util.selenium.SeleniumHelper.findElement(SeleniumHelper.java:961)<br/>	at nl.hsac.fitnesse.fixture.util.selenium.SeleniumHelper.findElement(SeleniumHelper.java:803)<br/>	at nl.hsac.fitnesse.fixture.util.selenium.SeleniumHelper.findElement(SeleniumHelper.java:792)<br/>	at nl.hsac.fitnesse.fixture.util.selenium.SeleniumHelper.getElementToClick(SeleniumHelper.java:123)<br/>	at nl.hsac.fitnesse.fixture.slim.web.BrowserTest.getElementToClick(BrowserTest.java:728)<br/>	at nl.hsac.fitnesse.fixture.slim.web.BrowserTest.clickImp(BrowserTest.java:685)<br/>	at nl.hsac.fitnesse.fixture.slim.web.BrowserTest.click(BrowserTest.java:663)<br/>	at sun.reflect.GeneratedMethodAccessor3.invoke(Unknown Source)<br/>	at sun.reflect.DelegatingMethodAccessorImpl.invoke(DelegatingMethodAccessorImpl.java:43)<br/>	at java.lang.reflect.Method.invoke(Method.java:606)<br/>	at fitnesse.slim.fixtureInteraction.DefaultInteraction.methodInvoke(DefaultInteraction.java:147)<br/>	at nl.hsac.fitnesse.fixture.slim.SlimFixture.invoke(SlimFixture.java:50)<br/>	at nl.hsac.fitnesse.fixture.slim.web.BrowserTest.superInvoke(BrowserTest.java:105)<br/>	at nl.hsac.fitnesse.fixture.slim.web.BrowserTest$1.apply(BrowserTest.java:69)<br/>	at nl.hsac.fitnesse.fixture.slim.web.BrowserTest$1.apply(BrowserTest.java:65)<br/>	at nl.hsac.fitnesse.fixture.util.selenium.TryAllFramesConditionDecorator.apply(TryAllFramesConditionDecorator.java:34)<br/>	at nl.hsac.fitnesse.fixture.util.selenium.TryAllFramesConditionDecorator.apply(TryAllFramesConditionDecorator.java:16)<br/>	at nl.hsac.fitnesse.fixture.util.selenium.SeleniumHelper$2.apply(SeleniumHelper.java:930)<br/>	at nl.hsac.fitnesse.fixture.util.selenium.SeleniumHelper$2.apply(SeleniumHelper.java:926)<br/>	at org.openqa.selenium.support.ui.FluentWait.until(FluentWait.java:238)<br/>	at nl.hsac.fitnesse.fixture.util.selenium.SeleniumHelper.waitUntil(SeleniumHelper.java:915)<br/>	at nl.hsac.fitnesse.fixture.slim.web.BrowserTest.waitUntilImpl(BrowserTest.java:1728)<br/>	at nl.hsac.fitnesse.fixture.slim.web.BrowserTest.waitUntil(BrowserTest.java:1658)<br/>	at nl.hsac.fitnesse.fixture.slim.web.BrowserTest.invokedWrappedInWaitUntil(BrowserTest.java:98)<br/>	at nl.hsac.fitnesse.fixture.slim.web.BrowserTest.invoke(BrowserTest.java:59)<br/>	at nl.hsac.fitnesse.fixture.slim.SlimFixture.aroundSlimInvoke(SlimFixture.java:30)<br/>	at sun.reflect.GeneratedMethodAccessor1.invoke(Unknown Source)<br/>	at sun.reflect.DelegatingMethodAccessorImpl.invoke(DelegatingMethodAccessorImpl.java:43)<br/>	at java.lang.reflect.Method.invoke(Method.java:606)<br/>	at fitnesse.slim.fixtureInteraction.DefaultInteraction.methodInvoke(DefaultInteraction.java:147)<br/>	at fitnesse.slim.fixtureInteraction.DefaultInteraction.callMethod(DefaultInteraction.java:130)<br/>	at fitnesse.slim.fixtureInteraction.DefaultInteraction.invokeMethod(DefaultInteraction.java:114)<br/>	at fitnesse.slim.fixtureInteraction.DefaultInteraction.findAndInvoke(DefaultInteraction.java:92)<br/>	at fitnesse.slim.MethodExecutor.findAndInvoke(MethodExecutor.java:18)<br/>	at fitnesse.slim.FixtureMethodExecutor.execute(FixtureMethodExecutor.java:18)<br/>	at fitnesse.slim.StatementExecutor.getMethodExecutionResult(StatementExecutor.java:130)<br/>	at fitnesse.slim.StatementExecutor.call(StatementExecutor.java:103)<br/>	at fitnesse.slim.instructions.CallInstruction.executeInternal(CallInstruction.java:35)<br/>	at fitnesse.slim.instructions.Instruction.execute(Instruction.java:29)<br/>	at fitnesse.slim.ListExecutor$Executive.executeStatement(ListExecutor.java:49)<br/>	at fitnesse.slim.ListExecutor$Executive.executeStatements(ListExecutor.java:43)<br/>	at fitnesse.slim.ListExecutor.execute(ListExecutor.java:85)<br/>	at fitnesse.slim.SlimServer.executeInstructions(SlimServer.java:82)<br/>	at fitnesse.slim.SlimServer.processOneSetOfInstructions(SlimServer.java:75)<br/>	at fitnesse.slim.SlimServer.tryProcessInstructions(SlimServer.java:62)<br/>	at fitnesse.slim.SlimServer.serve(SlimServer.java:47)<br/>	at fitnesse.testsystems.slim.InProcessSlimClient$1.run(InProcessSlimClient.java:53)<br/>	at java.lang.Thread.run(Thread.java:745)<br/></div></span></td>
		<td colspan="3">Zoek</td>
	<td> <span class="error"><div>org.openqa.selenium.UnsupportedCommandException: ERROR The test with session id 6f27aa07b41543dea0129182d27fa190 has already finished, and can't receive further commands.<br/>You can learn more at https://saucelabs.com/jobs/6f27aa07b41543dea0129182d27fa190<br/>For help, please check https://wiki.saucelabs.com/display/DOCS/Common+Error+Messages<br/>Command duration or timeout: 86 milliseconds<br/>Build info: version: '2.53.1', revision: 'a36b8b1cd5757287168e54b817830adce9b0158d', time: '2016-06-30 19:26:09'<br/>System info: host: 'testing-docker-d5bb6f2e-34df-4e2f-b0eb-75f0030be081', ip: '172.17.0.9', os.name: 'Linux', os.arch: 'amd64', os.version: '4.8.12-040812-generic', java.version: '1.7.0_76'<br/>Session ID: 6f27aa07b41543dea0129182d27fa190<br/>Driver info: org.openqa.selenium.remote.RemoteWebDriver<br/>Capabilities [{platform=XP, javascriptEnabled=true, acceptSslCerts=true, hasMetadata=true, browserName=chrome, chrome={userDataDir=C:\Users\ADMINI~1\AppData\Local\Temp\scoped_dir1544_15926, chromedriverVersion=2.27.440174 (e97a722caafc2d3a8b807ee115bfb307f7d2cfd9)}, networkConnectionEnabled=false, unexpectedAlertBehaviour=, rotatable=false, mobileEmulationEnabled=false, locationContextEnabled=true, webdriver.remote.sessionid=6f27aa07b41543dea0129182d27fa190, pageLoadStrategy=normal, version=56.0.2924.76, takesHeapSnapshot=true, cssSelectorsEnabled=true, databaseEnabled=false, handlesAlerts=true, browserConnectionEnabled=false, webStorageEnabled=true, nativeEvents=true, hasTouchScreen=false, applicationCacheEnabled=false, takesScreenshot=true}]<br/>	at sun.reflect.GeneratedConstructorAccessor14.newInstance(Unknown Source)<br/>	at sun.reflect.DelegatingConstructorAccessorImpl.newInstance(DelegatingConstructorAccessorImpl.java:45)<br/>	at java.lang.reflect.Constructor.newInstance(Constructor.java:526)<br/>	at org.openqa.selenium.remote.ErrorHandler.createThrowable(ErrorHandler.java:206)<br/>	at org.openqa.selenium.remote.ErrorHandler.throwIfResponseFailed(ErrorHandler.java:158)<br/>	at org.openqa.selenium.remote.RemoteWebDriver.execute(RemoteWebDriver.java:678)<br/>	at org.openqa.selenium.remote.RemoteWebDriver.execute(RemoteWebDriver.java:701)<br/>	at org.openqa.selenium.remote.RemoteWebDriver.getScreenshotAs(RemoteWebDriver.java:335)<br/>	at nl.hsac.fitnesse.fixture.util.selenium.SeleniumHelper.takeScreenshot(SeleniumHelper.java:1069)<br/>	at nl.hsac.fitnesse.fixture.slim.web.BrowserTest.createScreenshot(BrowserTest.java:1629)<br/>	at nl.hsac.fitnesse.fixture.slim.web.BrowserTest.takeScreenshot(BrowserTest.java:1591)<br/>	at sun.reflect.GeneratedMethodAccessor6.invoke(Unknown Source)<br/>	at sun.reflect.DelegatingMethodAccessorImpl.invoke(DelegatingMethodAccessorImpl.java:43)<br/>	at java.lang.reflect.Method.invoke(Method.java:606)<br/>	at fitnesse.slim.fixtureInteraction.DefaultInteraction.methodInvoke(DefaultInteraction.java:147)<br/>	at nl.hsac.fitnesse.fixture.slim.SlimFixture.invoke(SlimFixture.java:50)<br/>	at nl.hsac.fitnesse.fixture.slim.web.BrowserTest.superInvoke(BrowserTest.java:105)<br/>	at nl.hsac.fitnesse.fixture.slim.web.BrowserTest.invoke(BrowserTest.java:57)<br/>	at nl.hsac.fitnesse.fixture.slim.SlimFixture.aroundSlimInvoke(SlimFixture.java:30)<br/>	at sun.reflect.GeneratedMethodAccessor1.invoke(Unknown Source)<br/>	at sun.reflect.DelegatingMethodAccessorImpl.invoke(DelegatingMethodAccessorImpl.java:43)<br/>	at java.lang.reflect.Method.invoke(Method.java:606)<br/>	at fitnesse.slim.fixtureInteraction.DefaultInteraction.methodInvoke(DefaultInteraction.java:147)<br/>	at fitnesse.slim.fixtureInteraction.DefaultInteraction.callMethod(DefaultInteraction.java:130)<br/>	at fitnesse.slim.fixtureInteraction.DefaultInteraction.invokeMethod(DefaultInteraction.java:114)<br/>	at fitnesse.slim.fixtureInteraction.DefaultInteraction.findAndInvoke(DefaultInteraction.java:92)<br/>	at fitnesse.slim.MethodExecutor.findAndInvoke(MethodExecutor.java:18)<br/>	at fitnesse.slim.FixtureMethodExecutor.execute(FixtureMethodExecutor.java:18)<br/>	at fitnesse.slim.StatementExecutor.getMethodExecutionResult(StatementExecutor.java:130)<br/>	at fitnesse.slim.StatementExecutor.call(StatementExecutor.java:103)<br/>	at fitnesse.slim.instructions.CallInstruction.executeInternal(CallInstruction.java:35)<br/>	at fitnesse.slim.instructions.Instruction.execute(Instruction.java:29)<br/>	at fitnesse.slim.ListExecutor$Executive.executeStatement(ListExecutor.java:49)<br/>	at fitnesse.slim.ListExecutor$Executive.executeStatements(ListExecutor.java:43)<br/>	at fitnesse.slim.ListExecutor.execute(ListExecutor.java:85)<br/>	at fitnesse.slim.SlimServer.executeInstructions(SlimServer.java:82)<br/>	at fitnesse.slim.SlimServer.processOneSetOfInstructions(SlimServer.java:75)<br/>	at fitnesse.slim.SlimServer.tryProcessInstructions(SlimServer.java:62)<br/>	at fitnesse.slim.SlimServer.serve(SlimServer.java:47)<br/>	at fitnesse.testsystems.slim.InProcessSlimClient$1.run(InProcessSlimClient.java:53)<br/>	at java.lang.Thread.run(Thread.java:745)<br/></div></span></td></tr>
	<tr>
		<td>click <span class="error"><div>org.openqa.selenium.UnsupportedCommandException: ERROR The test with session id 6f27aa07b41543dea0129182d27fa190 has already finished, and can't receive further commands.<br/>You can learn more at https://saucelabs.com/jobs/6f27aa07b41543dea0129182d27fa190<br/>For help, please check https://wiki.saucelabs.com/display/DOCS/Common+Error+Messages<br/>Command duration or timeout: 85 milliseconds<br/>Build info: version: '2.53.1', revision: 'a36b8b1cd5757287168e54b817830adce9b0158d', time: '2016-06-30 19:26:09'<br/>System info: host: 'testing-docker-d5bb6f2e-34df-4e2f-b0eb-75f0030be081', ip: '172.17.0.9', os.name: 'Linux', os.arch: 'amd64', os.version: '4.8.12-040812-generic', java.version: '1.7.0_76'<br/>*** Element info: {Using=link text, value=Lange Nieuwstraat 72}<br/>Session ID: 6f27aa07b41543dea0129182d27fa190<br/>Driver info: org.openqa.selenium.remote.RemoteWebDriver<br/>Capabilities [{platform=XP, javascriptEnabled=true, acceptSslCerts=true, hasMetadata=true, browserName=chrome, chrome={userDataDir=C:\Users\ADMINI~1\AppData\Local\Temp\scoped_dir1544_15926, chromedriverVersion=2.27.440174 (e97a722caafc2d3a8b807ee115bfb307f7d2cfd9)}, networkConnectionEnabled=false, unexpectedAlertBehaviour=, rotatable=false, mobileEmulationEnabled=false, locationContextEnabled=true, webdriver.remote.sessionid=6f27aa07b41543dea0129182d27fa190, pageLoadStrategy=normal, version=56.0.2924.76, takesHeapSnapshot=true, cssSelectorsEnabled=true, databaseEnabled=false, handlesAlerts=true, browserConnectionEnabled=false, webStorageEnabled=true, nativeEvents=true, hasTouchScreen=false, applicationCacheEnabled=false, takesScreenshot=true}]<br/>	at sun.reflect.GeneratedConstructorAccessor14.newInstance(Unknown Source)<br/>	at sun.reflect.DelegatingConstructorAccessorImpl.newInstance(DelegatingConstructorAccessorImpl.java:45)<br/>	at java.lang.reflect.Constructor.newInstance(Constructor.java:526)<br/>	at org.openqa.selenium.remote.ErrorHandler.createThrowable(ErrorHandler.java:206)<br/>	at org.openqa.selenium.remote.ErrorHandler.throwIfResponseFailed(ErrorHandler.java:158)<br/>	at org.openqa.selenium.remote.RemoteWebDriver.execute(RemoteWebDriver.java:678)<br/>	at org.openqa.selenium.remote.RemoteWebDriver.findElements(RemoteWebDriver.java:388)<br/>	at org.openqa.selenium.remote.RemoteWebDriver.findElementsByLinkText(RemoteWebDriver.java:432)<br/>	at org.openqa.selenium.By$ByLinkText.findElements(By.java:241)<br/>	at org.openqa.selenium.remote.RemoteWebDriver.findElements(RemoteWebDriver.java:351)<br/>	at nl.hsac.fitnesse.fixture.util.selenium.SeleniumHelper.findElement(SeleniumHelper.java:961)<br/>	at nl.hsac.fitnesse.fixture.util.selenium.SeleniumHelper.findElement(SeleniumHelper.java:803)<br/>	at nl.hsac.fitnesse.fixture.util.selenium.SeleniumHelper.findElement(SeleniumHelper.java:792)<br/>	at nl.hsac.fitnesse.fixture.util.selenium.SeleniumHelper.getElementToClick(SeleniumHelper.java:123)<br/>	at nl.hsac.fitnesse.fixture.slim.web.BrowserTest.getElementToClick(BrowserTest.java:728)<br/>	at nl.hsac.fitnesse.fixture.slim.web.BrowserTest.clickImp(BrowserTest.java:685)<br/>	at nl.hsac.fitnesse.fixture.slim.web.BrowserTest.click(BrowserTest.java:663)<br/>	at sun.reflect.GeneratedMethodAccessor3.invoke(Unknown Source)<br/>	at sun.reflect.DelegatingMethodAccessorImpl.invoke(DelegatingMethodAccessorImpl.java:43)<br/>	at java.lang.reflect.Method.invoke(Method.java:606)<br/>	at fitnesse.slim.fixtureInteraction.DefaultInteraction.methodInvoke(DefaultInteraction.java:147)<br/>	at nl.hsac.fitnesse.fixture.slim.SlimFixture.invoke(SlimFixture.java:50)<br/>	at nl.hsac.fitnesse.fixture.slim.web.BrowserTest.superInvoke(BrowserTest.java:105)<br/>	at nl.hsac.fitnesse.fixture.slim.web.BrowserTest$1.apply(BrowserTest.java:69)<br/>	at nl.hsac.fitnesse.fixture.slim.web.BrowserTest$1.apply(BrowserTest.java:65)<br/>	at nl.hsac.fitnesse.fixture.util.selenium.TryAllFramesConditionDecorator.apply(TryAllFramesConditionDecorator.java:34)<br/>	at nl.hsac.fitnesse.fixture.util.selenium.TryAllFramesConditionDecorator.apply(TryAllFramesConditionDecorator.java:16)<br/>	at nl.hsac.fitnesse.fixture.util.selenium.SeleniumHelper$2.apply(SeleniumHelper.java:930)<br/>	at nl.hsac.fitnesse.fixture.util.selenium.SeleniumHelper$2.apply(SeleniumHelper.java:926)<br/>	at org.openqa.selenium.support.ui.FluentWait.until(FluentWait.java:238)<br/>	at nl.hsac.fitnesse.fixture.util.selenium.SeleniumHelper.waitUntil(SeleniumHelper.java:915)<br/>	at nl.hsac.fitnesse.fixture.slim.web.BrowserTest.waitUntilImpl(BrowserTest.java:1728)<br/>	at nl.hsac.fitnesse.fixture.slim.web.BrowserTest.waitUntil(BrowserTest.java:1658)<br/>	at nl.hsac.fitnesse.fixture.slim.web.BrowserTest.invokedWrappedInWaitUntil(BrowserTest.java:98)<br/>	at nl.hsac.fitnesse.fixture.slim.web.BrowserTest.invoke(BrowserTest.java:59)<br/>	at nl.hsac.fitnesse.fixture.slim.SlimFixture.aroundSlimInvoke(SlimFixture.java:30)<br/>	at sun.reflect.GeneratedMethodAccessor1.invoke(Unknown Source)<br/>	at sun.reflect.DelegatingMethodAccessorImpl.invoke(DelegatingMethodAccessorImpl.java:43)<br/>	at java.lang.reflect.Method.invoke(Method.java:606)<br/>	at fitnesse.slim.fixtureInteraction.DefaultInteraction.methodInvoke(DefaultInteraction.java:147)<br/>	at fitnesse.slim.fixtureInteraction.DefaultInteraction.callMethod(DefaultInteraction.java:130)<br/>	at fitnesse.slim.fixtureInteraction.DefaultInteraction.invokeMethod(DefaultInteraction.java:114)<br/>	at fitnesse.slim.fixtureInteraction.DefaultInteraction.findAndInvoke(DefaultInteraction.java:92)<br/>	at fitnesse.slim.MethodExecutor.findAndInvoke(MethodExecutor.java:18)<br/>	at fitnesse.slim.FixtureMethodExecutor.execute(FixtureMethodExecutor.java:18)<br/>	at fitnesse.slim.StatementExecutor.getMethodExecutionResult(StatementExecutor.java:130)<br/>	at fitnesse.slim.StatementExecutor.call(StatementExecutor.java:103)<br/>	at fitnesse.slim.instructions.CallInstruction.executeInternal(CallInstruction.java:35)<br/>	at fitnesse.slim.instructions.Instruction.execute(Instruction.java:29)<br/>	at fitnesse.slim.ListExecutor$Executive.executeStatement(ListExecutor.java:49)<br/>	at fitnesse.slim.ListExecutor$Executive.executeStatements(ListExecutor.java:43)<br/>	at fitnesse.slim.ListExecutor.execute(ListExecutor.java:85)<br/>	at fitnesse.slim.SlimServer.executeInstructions(SlimServer.java:82)<br/>	at fitnesse.slim.SlimServer.processOneSetOfInstructions(SlimServer.java:75)<br/>	at fitnesse.slim.SlimServer.tryProcessInstructions(SlimServer.java:62)<br/>	at fitnesse.slim.SlimServer.serve(SlimServer.java:47)<br/>	at fitnesse.testsystems.slim.InProcessSlimClient$1.run(InProcessSlimClient.java:53)<br/>	at java.lang.Thread.run(Thread.java:745)<br/></div></span></td>
		<td colspan="3">Lange Nieuwstraat 72</td>
	<td> <span class="error"><div>org.openqa.selenium.UnsupportedCommandException: ERROR The test with session id 6f27aa07b41543dea0129182d27fa190 has already finished, and can't receive further commands.<br/>You can learn more at https://saucelabs.com/jobs/6f27aa07b41543dea0129182d27fa190<br/>For help, please check https://wiki.saucelabs.com/display/DOCS/Common+Error+Messages<br/>Command duration or timeout: 83 milliseconds<br/>Build info: version: '2.53.1', revision: 'a36b8b1cd5757287168e54b817830adce9b0158d', time: '2016-06-30 19:26:09'<br/>System info: host: 'testing-docker-d5bb6f2e-34df-4e2f-b0eb-75f0030be081', ip: '172.17.0.9', os.name: 'Linux', os.arch: 'amd64', os.version: '4.8.12-040812-generic', java.version: '1.7.0_76'<br/>Session ID: 6f27aa07b41543dea0129182d27fa190<br/>Driver info: org.openqa.selenium.remote.RemoteWebDriver<br/>Capabilities [{platform=XP, javascriptEnabled=true, acceptSslCerts=true, hasMetadata=true, browserName=chrome, chrome={userDataDir=C:\Users\ADMINI~1\AppData\Local\Temp\scoped_dir1544_15926, chromedriverVersion=2.27.440174 (e97a722caafc2d3a8b807ee115bfb307f7d2cfd9)}, networkConnectionEnabled=false, unexpectedAlertBehaviour=, rotatable=false, mobileEmulationEnabled=false, locationContextEnabled=true, webdriver.remote.sessionid=6f27aa07b41543dea0129182d27fa190, pageLoadStrategy=normal, version=56.0.2924.76, takesHeapSnapshot=true, cssSelectorsEnabled=true, databaseEnabled=false, handlesAlerts=true, browserConnectionEnabled=false, webStorageEnabled=true, nativeEvents=true, hasTouchScreen=false, applicationCacheEnabled=false, takesScreenshot=true}]<br/>	at sun.reflect.GeneratedConstructorAccessor14.newInstance(Unknown Source)<br/>	at sun.reflect.DelegatingConstructorAccessorImpl.newInstance(DelegatingConstructorAccessorImpl.java:45)<br/>	at java.lang.reflect.Constructor.newInstance(Constructor.java:526)<br/>	at org.openqa.selenium.remote.ErrorHandler.createThrowable(ErrorHandler.java:206)<br/>	at org.openqa.selenium.remote.ErrorHandler.throwIfResponseFailed(ErrorHandler.java:158)<br/>	at org.openqa.selenium.remote.RemoteWebDriver.execute(RemoteWebDriver.java:678)<br/>	at org.openqa.selenium.remote.RemoteWebDriver.execute(RemoteWebDriver.java:701)<br/>	at org.openqa.selenium.remote.RemoteWebDriver.getScreenshotAs(RemoteWebDriver.java:335)<br/>	at nl.hsac.fitnesse.fixture.util.selenium.SeleniumHelper.takeScreenshot(SeleniumHelper.java:1069)<br/>	at nl.hsac.fitnesse.fixture.slim.web.BrowserTest.createScreenshot(BrowserTest.java:1629)<br/>	at nl.hsac.fitnesse.fixture.slim.web.BrowserTest.takeScreenshot(BrowserTest.java:1591)<br/>	at sun.reflect.GeneratedMethodAccessor6.invoke(Unknown Source)<br/>	at sun.reflect.DelegatingMethodAccessorImpl.invoke(DelegatingMethodAccessorImpl.java:43)<br/>	at java.lang.reflect.Method.invoke(Method.java:606)<br/>	at fitnesse.slim.fixtureInteraction.DefaultInteraction.methodInvoke(DefaultInteraction.java:147)<br/>	at nl.hsac.fitnesse.fixture.slim.SlimFixture.invoke(SlimFixture.java:50)<br/>	at nl.hsac.fitnesse.fixture.slim.web.BrowserTest.superInvoke(BrowserTest.java:105)<br/>	at nl.hsac.fitnesse.fixture.slim.web.BrowserTest.invoke(BrowserTest.java:57)<br/>	at nl.hsac.fitnesse.fixture.slim.SlimFixture.aroundSlimInvoke(SlimFixture.java:30)<br/>	at sun.reflect.GeneratedMethodAccessor1.invoke(Unknown Source)<br/>	at sun.reflect.DelegatingMethodAccessorImpl.invoke(DelegatingMethodAccessorImpl.java:43)<br/>	at java.lang.reflect.Method.invoke(Method.java:606)<br/>	at fitnesse.slim.fixtureInteraction.DefaultInteraction.methodInvoke(DefaultInteraction.java:147)<br/>	at fitnesse.slim.fixtureInteraction.DefaultInteraction.callMethod(DefaultInteraction.java:130)<br/>	at fitnesse.slim.fixtureInteraction.DefaultInteraction.invokeMethod(DefaultInteraction.java:114)<br/>	at fitnesse.slim.fixtureInteraction.DefaultInteraction.findAndInvoke(DefaultInteraction.java:92)<br/>	at fitnesse.slim.MethodExecutor.findAndInvoke(MethodExecutor.java:18)<br/>	at fitnesse.slim.FixtureMethodExecutor.execute(FixtureMethodExecutor.java:18)<br/>	at fitnesse.slim.StatementExecutor.getMethodExecutionResult(StatementExecutor.java:130)<br/>	at fitnesse.slim.StatementExecutor.call(StatementExecutor.java:103)<br/>	at fitnesse.slim.instructions.CallInstruction.executeInternal(CallInstruction.java:35)<br/>	at fitnesse.slim.instructions.Instruction.execute(Instruction.java:29)<br/>	at fitnesse.slim.ListExecutor$Executive.executeStatement(ListExecutor.java:49)<br/>	at fitnesse.slim.ListExecutor$Executive.executeStatements(ListExecutor.java:43)<br/>	at fitnesse.slim.ListExecutor.execute(ListExecutor.java:85)<br/>	at fitnesse.slim.SlimServer.executeInstructions(SlimServer.java:82)<br/>	at fitnesse.slim.SlimServer.processOneSetOfInstructions(SlimServer.java:75)<br/>	at fitnesse.slim.SlimServer.tryProcessInstructions(SlimServer.java:62)<br/>	at fitnesse.slim.SlimServer.serve(SlimServer.java:47)<br/>	at fitnesse.testsystems.slim.InProcessSlimClient$1.run(InProcessSlimClient.java:53)<br/>	at java.lang.Thread.run(Thread.java:745)<br/></div></span></td></tr>
	<tr>
		<td>$price= <span class="error"><div>org.openqa.selenium.UnsupportedCommandException: ERROR The test with session id 6f27aa07b41543dea0129182d27fa190 has already finished, and can't receive further commands.<br/>You can learn more at https://saucelabs.com/jobs/6f27aa07b41543dea0129182d27fa190<br/>For help, please check https://wiki.saucelabs.com/display/DOCS/Common+Error+Messages<br/>Command duration or timeout: 91 milliseconds<br/>Build info: version: '2.53.1', revision: 'a36b8b1cd5757287168e54b817830adce9b0158d', time: '2016-06-30 19:26:09'<br/>System info: host: 'testing-docker-d5bb6f2e-34df-4e2f-b0eb-75f0030be081', ip: '172.17.0.9', os.name: 'Linux', os.arch: 'amd64', os.version: '4.8.12-040812-generic', java.version: '1.7.0_76'<br/>*** Element info: {Using=xpath, value=.//label/descendant-or-self::text()[normalize-space(translate(., '&nbsp;', ' '))='Vraagprijs']/ancestor-or-self::label}<br/>Session ID: 6f27aa07b41543dea0129182d27fa190<br/>Driver info: org.openqa.selenium.remote.RemoteWebDriver<br/>Capabilities [{platform=XP, javascriptEnabled=true, acceptSslCerts=true, hasMetadata=true, browserName=chrome, chrome={userDataDir=C:\Users\ADMINI~1\AppData\Local\Temp\scoped_dir1544_15926, chromedriverVersion=2.27.440174 (e97a722caafc2d3a8b807ee115bfb307f7d2cfd9)}, networkConnectionEnabled=false, unexpectedAlertBehaviour=, rotatable=false, mobileEmulationEnabled=false, locationContextEnabled=true, webdriver.remote.sessionid=6f27aa07b41543dea0129182d27fa190, pageLoadStrategy=normal, version=56.0.2924.76, takesHeapSnapshot=true, cssSelectorsEnabled=true, databaseEnabled=false, handlesAlerts=true, browserConnectionEnabled=false, webStorageEnabled=true, nativeEvents=true, hasTouchScreen=false, applicationCacheEnabled=false, takesScreenshot=true}]<br/>	at sun.reflect.GeneratedConstructorAccessor14.newInstance(Unknown Source)<br/>	at sun.reflect.DelegatingConstructorAccessorImpl.newInstance(DelegatingConstructorAccessorImpl.java:45)<br/>	at java.lang.reflect.Constructor.newInstance(Constructor.java:526)<br/>	at org.openqa.selenium.remote.ErrorHandler.createThrowable(ErrorHandler.java:206)<br/>	at org.openqa.selenium.remote.ErrorHandler.throwIfResponseFailed(ErrorHandler.java:158)<br/>	at org.openqa.selenium.remote.RemoteWebDriver.execute(RemoteWebDriver.java:678)<br/>	at org.openqa.selenium.remote.RemoteWebDriver.findElements(RemoteWebDriver.java:388)<br/>	at org.openqa.selenium.remote.RemoteWebDriver.findElementsByXPath(RemoteWebDriver.java:504)<br/>	at org.openqa.selenium.By$ByXPath.findElements(By.java:356)<br/>	at org.openqa.selenium.remote.RemoteWebDriver.findElements(RemoteWebDriver.java:351)<br/>	at nl.hsac.fitnesse.fixture.util.selenium.SeleniumHelper.findElement(SeleniumHelper.java:961)<br/>	at nl.hsac.fitnesse.fixture.util.selenium.SeleniumHelper.findElement(SeleniumHelper.java:803)<br/>	at nl.hsac.fitnesse.fixture.util.selenium.SeleniumHelper.findElement(SeleniumHelper.java:792)<br/>	at nl.hsac.fitnesse.fixture.util.selenium.SeleniumHelper.findByXPath(SeleniumHelper.java:783)<br/>	at nl.hsac.fitnesse.fixture.util.selenium.SeleniumHelper.getElementByLabel(SeleniumHelper.java:431)<br/>	at nl.hsac.fitnesse.fixture.util.selenium.SeleniumHelper.getElementByLabelOccurrence(SeleniumHelper.java:386)<br/>	at nl.hsac.fitnesse.fixture.util.selenium.SeleniumHelper.getElementExact(SeleniumHelper.java:266)<br/>	at nl.hsac.fitnesse.fixture.util.selenium.SeleniumHelper.getElement(SeleniumHelper.java:232)<br/>	at nl.hsac.fitnesse.fixture.slim.web.BrowserTest.getElement(BrowserTest.java:1226)<br/>	at nl.hsac.fitnesse.fixture.slim.web.BrowserTest.getElementToRetrieveValue(BrowserTest.java:939)<br/>	at nl.hsac.fitnesse.fixture.slim.web.BrowserTest.valueForIn(BrowserTest.java:934)<br/>	at nl.hsac.fitnesse.fixture.slim.web.BrowserTest.valueFor(BrowserTest.java:924)<br/>	at nl.hsac.fitnesse.fixture.slim.web.BrowserTest.valueOf(BrowserTest.java:919)<br/>	at sun.reflect.GeneratedMethodAccessor2.invoke(Unknown Source)<br/>	at sun.reflect.DelegatingMethodAccessorImpl.invoke(DelegatingMethodAccessorImpl.java:43)<br/>	at java.lang.reflect.Method.invoke(Method.java:606)<br/>	at fitnesse.slim.fixtureInteraction.DefaultInteraction.methodInvoke(DefaultInteraction.java:147)<br/>	at nl.hsac.fitnesse.fixture.slim.SlimFixture.invoke(SlimFixture.java:50)<br/>	at nl.hsac.fitnesse.fixture.slim.web.BrowserTest.superInvoke(BrowserTest.java:105)<br/>	at nl.hsac.fitnesse.fixture.slim.web.BrowserTest$1.apply(BrowserTest.java:69)<br/>	at nl.hsac.fitnesse.fixture.slim.web.BrowserTest$1.apply(BrowserTest.java:65)<br/>	at nl.hsac.fitnesse.fixture.util.selenium.TryAllFramesConditionDecorator.apply(TryAllFramesConditionDecorator.java:34)<br/>	at nl.hsac.fitnesse.fixture.util.selenium.TryAllFramesConditionDecorator.apply(TryAllFramesConditionDecorator.java:16)<br/>	at nl.hsac.fitnesse.fixture.util.selenium.SeleniumHelper$2.apply(SeleniumHelper.java:930)<br/>	at nl.hsac.fitnesse.fixture.util.selenium.SeleniumHelper$2.apply(SeleniumHelper.java:926)<br/>	at org.openqa.selenium.support.ui.FluentWait.until(FluentWait.java:238)<br/>	at nl.hsac.fitnesse.fixture.util.selenium.SeleniumHelper.waitUntil(SeleniumHelper.java:915)<br/>	at nl.hsac.fitnesse.fixture.slim.web.BrowserTest.waitUntilImpl(BrowserTest.java:1728)<br/>	at nl.hsac.fitnesse.fixture.slim.web.BrowserTest.waitUntilOrNull(BrowserTest.java:1721)<br/>	at nl.hsac.fitnesse.fixture.slim.web.BrowserTest.invokedWrappedInWaitUntil(BrowserTest.java:91)<br/>	at nl.hsac.fitnesse.fixture.slim.web.BrowserTest.invoke(BrowserTest.java:59)<br/>	at nl.hsac.fitnesse.fixture.slim.SlimFixture.aroundSlimInvoke(SlimFixture.java:30)<br/>	at sun.reflect.GeneratedMethodAccessor1.invoke(Unknown Source)<br/>	at sun.reflect.DelegatingMethodAccessorImpl.invoke(DelegatingMethodAccessorImpl.java:43)<br/>	at java.lang.reflect.Method.invoke(Method.java:606)<br/>	at fitnesse.slim.fixtureInteraction.DefaultInteraction.methodInvoke(DefaultInteraction.java:147)<br/>	at fitnesse.slim.fixtureInteraction.DefaultInteraction.callMethod(DefaultInteraction.java:130)<br/>	at fitnesse.slim.fixtureInteraction.DefaultInteraction.invokeMethod(DefaultInteraction.java:114)<br/>	at fitnesse.slim.fixtureInteraction.DefaultInteraction.findAndInvoke(DefaultInteraction.java:92)<br/>	at fitnesse.slim.MethodExecutor.findAndInvoke(MethodExecutor.java:18)<br/>	at fitnesse.slim.FixtureMethodExecutor.execute(FixtureMethodExecutor.java:18)<br/>	at fitnesse.slim.StatementExecutor.getMethodExecutionResult(StatementExecutor.java:130)<br/>	at fitnesse.slim.StatementExecutor.callAndAssign(StatementExecutor.java:113)<br/>	at fitnesse.slim.instructions.CallAndAssignInstruction.executeInternal(CallAndAssignInstruction.java:38)<br/>	at fitnesse.slim.instructions.Instruction.execute(Instruction.java:29)<br/>	at fitnesse.slim.ListExecutor$Executive.executeStatement(ListExecutor.java:49)<br/>	at fitnesse.slim.ListExecutor$Executive.executeStatements(ListExecutor.java:43)<br/>	at fitnesse.slim.ListExecutor.execute(ListExecutor.java:85)<br/>	at fitnesse.slim.SlimServer.executeInstructions(SlimServer.java:82)<br/>	at fitnesse.slim.SlimServer.processOneSetOfInstructions(SlimServer.java:75)<br/>	at fitnesse.slim.SlimServer.tryProcessInstructions(SlimServer.java:62)<br/>	at fitnesse.slim.SlimServer.serve(SlimServer.java:47)<br/>	at fitnesse.testsystems.slim.InProcessSlimClient$1.run(InProcessSlimClient.java:53)<br/>	at java.lang.Thread.run(Thread.java:745)<br/></div></span></td>
		<td>value of</td>
		<td colspan="2">Vraagprijs</td>
	</tr>
	<tr>
		<td>$volume= <span class="error"><div>org.openqa.selenium.UnsupportedCommandException: ERROR The test with session id 6f27aa07b41543dea0129182d27fa190 has already finished, and can't receive further commands.<br/>You can learn more at https://saucelabs.com/jobs/6f27aa07b41543dea0129182d27fa190<br/>For help, please check https://wiki.saucelabs.com/display/DOCS/Common+Error+Messages<br/>Command duration or timeout: 108 milliseconds<br/>Build info: version: '2.53.1', revision: 'a36b8b1cd5757287168e54b817830adce9b0158d', time: '2016-06-30 19:26:09'<br/>System info: host: 'testing-docker-d5bb6f2e-34df-4e2f-b0eb-75f0030be081', ip: '172.17.0.9', os.name: 'Linux', os.arch: 'amd64', os.version: '4.8.12-040812-generic', java.version: '1.7.0_76'<br/>*** Element info: {Using=xpath, value=.//label/descendant-or-self::text()[normalize-space(translate(., '&nbsp;', ' '))='Inhoud']/ancestor-or-self::label}<br/>Session ID: 6f27aa07b41543dea0129182d27fa190<br/>Driver info: org.openqa.selenium.remote.RemoteWebDriver<br/>Capabilities [{platform=XP, javascriptEnabled=true, acceptSslCerts=true, hasMetadata=true, browserName=chrome, chrome={userDataDir=C:\Users\ADMINI~1\AppData\Local\Temp\scoped_dir1544_15926, chromedriverVersion=2.27.440174 (e97a722caafc2d3a8b807ee115bfb307f7d2cfd9)}, networkConnectionEnabled=false, unexpectedAlertBehaviour=, rotatable=false, mobileEmulationEnabled=false, locationContextEnabled=true, webdriver.remote.sessionid=6f27aa07b41543dea0129182d27fa190, pageLoadStrategy=normal, version=56.0.2924.76, takesHeapSnapshot=true, cssSelectorsEnabled=true, databaseEnabled=false, handlesAlerts=true, browserConnectionEnabled=false, webStorageEnabled=true, nativeEvents=true, hasTouchScreen=false, applicationCacheEnabled=false, takesScreenshot=true}]<br/>	at sun.reflect.GeneratedConstructorAccessor14.newInstance(Unknown Source)<br/>	at sun.reflect.DelegatingConstructorAccessorImpl.newInstance(DelegatingConstructorAccessorImpl.java:45)<br/>	at java.lang.reflect.Constructor.newInstance(Constructor.java:526)<br/>	at org.openqa.selenium.remote.ErrorHandler.createThrowable(ErrorHandler.java:206)<br/>	at org.openqa.selenium.remote.ErrorHandler.throwIfResponseFailed(ErrorHandler.java:158)<br/>	at org.openqa.selenium.remote.RemoteWebDriver.execute(RemoteWebDriver.java:678)<br/>	at org.openqa.selenium.remote.RemoteWebDriver.findElements(RemoteWebDriver.java:388)<br/>	at org.openqa.selenium.remote.RemoteWebDriver.findElementsByXPath(RemoteWebDriver.java:504)<br/>	at org.openqa.selenium.By$ByXPath.findElements(By.java:356)<br/>	at org.openqa.selenium.remote.RemoteWebDriver.findElements(RemoteWebDriver.java:351)<br/>	at nl.hsac.fitnesse.fixture.util.selenium.SeleniumHelper.findElement(SeleniumHelper.java:961)<br/>	at nl.hsac.fitnesse.fixture.util.selenium.SeleniumHelper.findElement(SeleniumHelper.java:803)<br/>	at nl.hsac.fitnesse.fixture.util.selenium.SeleniumHelper.findElement(SeleniumHelper.java:792)<br/>	at nl.hsac.fitnesse.fixture.util.selenium.SeleniumHelper.findByXPath(SeleniumHelper.java:783)<br/>	at nl.hsac.fitnesse.fixture.util.selenium.SeleniumHelper.getElementByLabel(SeleniumHelper.java:431)<br/>	at nl.hsac.fitnesse.fixture.util.selenium.SeleniumHelper.getElementByLabelOccurrence(SeleniumHelper.java:386)<br/>	at nl.hsac.fitnesse.fixture.util.selenium.SeleniumHelper.getElementExact(SeleniumHelper.java:266)<br/>	at nl.hsac.fitnesse.fixture.util.selenium.SeleniumHelper.getElement(SeleniumHelper.java:232)<br/>	at nl.hsac.fitnesse.fixture.slim.web.BrowserTest.getElement(BrowserTest.java:1226)<br/>	at nl.hsac.fitnesse.fixture.slim.web.BrowserTest.getElementToRetrieveValue(BrowserTest.java:939)<br/>	at nl.hsac.fitnesse.fixture.slim.web.BrowserTest.valueForIn(BrowserTest.java:934)<br/>	at nl.hsac.fitnesse.fixture.slim.web.BrowserTest.valueFor(BrowserTest.java:924)<br/>	at nl.hsac.fitnesse.fixture.slim.web.BrowserTest.valueOf(BrowserTest.java:919)<br/>	at sun.reflect.GeneratedMethodAccessor2.invoke(Unknown Source)<br/>	at sun.reflect.DelegatingMethodAccessorImpl.invoke(DelegatingMethodAccessorImpl.java:43)<br/>	at java.lang.reflect.Method.invoke(Method.java:606)<br/>	at fitnesse.slim.fixtureInteraction.DefaultInteraction.methodInvoke(DefaultInteraction.java:147)<br/>	at nl.hsac.fitnesse.fixture.slim.SlimFixture.invoke(SlimFixture.java:50)<br/>	at nl.hsac.fitnesse.fixture.slim.web.BrowserTest.superInvoke(BrowserTest.java:105)<br/>	at nl.hsac.fitnesse.fixture.slim.web.BrowserTest$1.apply(BrowserTest.java:69)<br/>	at nl.hsac.fitnesse.fixture.slim.web.BrowserTest$1.apply(BrowserTest.java:65)<br/>	at nl.hsac.fitnesse.fixture.util.selenium.TryAllFramesConditionDecorator.apply(TryAllFramesConditionDecorator.java:34)<br/>	at nl.hsac.fitnesse.fixture.util.selenium.TryAllFramesConditionDecorator.apply(TryAllFramesConditionDecorator.java:16)<br/>	at nl.hsac.fitnesse.fixture.util.selenium.SeleniumHelper$2.apply(SeleniumHelper.java:930)<br/>	at nl.hsac.fitnesse.fixture.util.selenium.SeleniumHelper$2.apply(SeleniumHelper.java:926)<br/>	at org.openqa.selenium.support.ui.FluentWait.until(FluentWait.java:238)<br/>	at nl.hsac.fitnesse.fixture.util.selenium.SeleniumHelper.waitUntil(SeleniumHelper.java:915)<br/>	at nl.hsac.fitnesse.fixture.slim.web.BrowserTest.waitUntilImpl(BrowserTest.java:1728)<br/>	at nl.hsac.fitnesse.fixture.slim.web.BrowserTest.waitUntilOrNull(BrowserTest.java:1721)<br/>	at nl.hsac.fitnesse.fixture.slim.web.BrowserTest.invokedWrappedInWaitUntil(BrowserTest.java:91)<br/>	at nl.hsac.fitnesse.fixture.slim.web.BrowserTest.invoke(BrowserTest.java:59)<br/>	at nl.hsac.fitnesse.fixture.slim.SlimFixture.aroundSlimInvoke(SlimFixture.java:30)<br/>	at sun.reflect.GeneratedMethodAccessor1.invoke(Unknown Source)<br/>	at sun.reflect.DelegatingMethodAccessorImpl.invoke(DelegatingMethodAccessorImpl.java:43)<br/>	at java.lang.reflect.Method.invoke(Method.java:606)<br/>	at fitnesse.slim.fixtureInteraction.DefaultInteraction.methodInvoke(DefaultInteraction.java:147)<br/>	at fitnesse.slim.fixtureInteraction.DefaultInteraction.callMethod(DefaultInteraction.java:130)<br/>	at fitnesse.slim.fixtureInteraction.DefaultInteraction.invokeMethod(DefaultInteraction.java:114)<br/>	at fitnesse.slim.fixtureInteraction.DefaultInteraction.findAndInvoke(DefaultInteraction.java:92)<br/>	at fitnesse.slim.MethodExecutor.findAndInvoke(MethodExecutor.java:18)<br/>	at fitnesse.slim.FixtureMethodExecutor.execute(FixtureMethodExecutor.java:18)<br/>	at fitnesse.slim.StatementExecutor.getMethodExecutionResult(StatementExecutor.java:130)<br/>	at fitnesse.slim.StatementExecutor.callAndAssign(StatementExecutor.java:113)<br/>	at fitnesse.slim.instructions.CallAndAssignInstruction.executeInternal(CallAndAssignInstruction.java:38)<br/>	at fitnesse.slim.instructions.Instruction.execute(Instruction.java:29)<br/>	at fitnesse.slim.ListExecutor$Executive.executeStatement(ListExecutor.java:49)<br/>	at fitnesse.slim.ListExecutor$Executive.executeStatements(ListExecutor.java:43)<br/>	at fitnesse.slim.ListExecutor.execute(ListExecutor.java:85)<br/>	at fitnesse.slim.SlimServer.executeInstructions(SlimServer.java:82)<br/>	at fitnesse.slim.SlimServer.processOneSetOfInstructions(SlimServer.java:75)<br/>	at fitnesse.slim.SlimServer.tryProcessInstructions(SlimServer.java:62)<br/>	at fitnesse.slim.SlimServer.serve(SlimServer.java:47)<br/>	at fitnesse.testsystems.slim.InProcessSlimClient$1.run(InProcessSlimClient.java:53)<br/>	at java.lang.Thread.run(Thread.java:745)<br/></div></span></td>
		<td>value of</td>
		<td colspan="2">Inhoud</td>
	</tr>
	<tr>
		<td>check</td>
		<td>value of</td>
		<td>Woonoppervlakte</td>
		<td>820 m² <span class="error"><div>org.openqa.selenium.UnsupportedCommandException: ERROR The test with session id 6f27aa07b41543dea0129182d27fa190 has already finished, and can't receive further commands.<br/>You can learn more at https://saucelabs.com/jobs/6f27aa07b41543dea0129182d27fa190<br/>For help, please check https://wiki.saucelabs.com/display/DOCS/Common+Error+Messages<br/>Command duration or timeout: 83 milliseconds<br/>Build info: version: '2.53.1', revision: 'a36b8b1cd5757287168e54b817830adce9b0158d', time: '2016-06-30 19:26:09'<br/>System info: host: 'testing-docker-d5bb6f2e-34df-4e2f-b0eb-75f0030be081', ip: '172.17.0.9', os.name: 'Linux', os.arch: 'amd64', os.version: '4.8.12-040812-generic', java.version: '1.7.0_76'<br/>*** Element info: {Using=xpath, value=.//label/descendant-or-self::text()[normalize-space(translate(., '&nbsp;', ' '))='Woonoppervlakte']/ancestor-or-self::label}<br/>Session ID: 6f27aa07b41543dea0129182d27fa190<br/>Driver info: org.openqa.selenium.remote.RemoteWebDriver<br/>Capabilities [{platform=XP, javascriptEnabled=true, acceptSslCerts=true, hasMetadata=true, browserName=chrome, chrome={userDataDir=C:\Users\ADMINI~1\AppData\Local\Temp\scoped_dir1544_15926, chromedriverVersion=2.27.440174 (e97a722caafc2d3a8b807ee115bfb307f7d2cfd9)}, networkConnectionEnabled=false, unexpectedAlertBehaviour=, rotatable=false, mobileEmulationEnabled=false, locationContextEnabled=true, webdriver.remote.sessionid=6f27aa07b41543dea0129182d27fa190, pageLoadStrategy=normal, version=56.0.2924.76, takesHeapSnapshot=true, cssSelectorsEnabled=true, databaseEnabled=false, handlesAlerts=true, browserConnectionEnabled=false, webStorageEnabled=true, nativeEvents=true, hasTouchScreen=false, applicationCacheEnabled=false, takesScreenshot=true}]<br/>	at sun.reflect.GeneratedConstructorAccessor14.newInstance(Unknown Source)<br/>	at sun.reflect.DelegatingConstructorAccessorImpl.newInstance(DelegatingConstructorAccessorImpl.java:45)<br/>	at java.lang.reflect.Constructor.newInstance(Constructor.java:526)<br/>	at org.openqa.selenium.remote.ErrorHandler.createThrowable(ErrorHandler.java:206)<br/>	at org.openqa.selenium.remote.ErrorHandler.throwIfResponseFailed(ErrorHandler.java:158)<br/>	at org.openqa.selenium.remote.RemoteWebDriver.execute(RemoteWebDriver.java:678)<br/>	at org.openqa.selenium.remote.RemoteWebDriver.findElements(RemoteWebDriver.java:388)<br/>	at org.openqa.selenium.remote.RemoteWebDriver.findElementsByXPath(RemoteWebDriver.java:504)<br/>	at org.openqa.selenium.By$ByXPath.findElements(By.java:356)<br/>	at org.openqa.selenium.remote.RemoteWebDriver.findElements(RemoteWebDriver.java:351)<br/>	at nl.hsac.fitnesse.fixture.util.selenium.SeleniumHelper.findElement(SeleniumHelper.java:961)<br/>	at nl.hsac.fitnesse.fixture.util.selenium.SeleniumHelper.findElement(SeleniumHelper.java:803)<br/>	at nl.hsac.fitnesse.fixture.util.selenium.SeleniumHelper.findElement(SeleniumHelper.java:792)<br/>	at nl.hsac.fitnesse.fixture.util.selenium.SeleniumHelper.findByXPath(SeleniumHelper.java:783)<br/>	at nl.hsac.fitnesse.fixture.util.selenium.SeleniumHelper.getElementByLabel(SeleniumHelper.java:431)<br/>	at nl.hsac.fitnesse.fixture.util.selenium.SeleniumHelper.getElementByLabelOccurrence(SeleniumHelper.java:386)<br/>	at nl.hsac.fitnesse.fixture.util.selenium.SeleniumHelper.getElementExact(SeleniumHelper.java:266)<br/>	at nl.hsac.fitnesse.fixture.util.selenium.SeleniumHelper.getElement(SeleniumHelper.java:232)<br/>	at nl.hsac.fitnesse.fixture.slim.web.BrowserTest.getElement(BrowserTest.java:1226)<br/>	at nl.hsac.fitnesse.fixture.slim.web.BrowserTest.getElementToRetrieveValue(BrowserTest.java:939)<br/>	at nl.hsac.fitnesse.fixture.slim.web.BrowserTest.valueForIn(BrowserTest.java:934)<br/>	at nl.hsac.fitnesse.fixture.slim.web.BrowserTest.valueFor(BrowserTest.java:924)<br/>	at nl.hsac.fitnesse.fixture.slim.web.BrowserTest.valueOf(BrowserTest.java:919)<br/>	at sun.reflect.GeneratedMethodAccessor2.invoke(Unknown Source)<br/>	at sun.reflect.DelegatingMethodAccessorImpl.invoke(DelegatingMethodAccessorImpl.java:43)<br/>	at java.lang.reflect.Method.invoke(Method.java:606)<br/>	at fitnesse.slim.fixtureInteraction.DefaultInteraction.methodInvoke(DefaultInteraction.java:147)<br/>	at nl.hsac.fitnesse.fixture.slim.SlimFixture.invoke(SlimFixture.java:50)<br/>	at nl.hsac.fitnesse.fixture.slim.web.BrowserTest.superInvoke(BrowserTest.java:105)<br/>	at nl.hsac.fitnesse.fixture.slim.web.BrowserTest$1.apply(BrowserTest.java:69)<br/>	at nl.hsac.fitnesse.fixture.slim.web.BrowserTest$1.apply(BrowserTest.java:65)<br/>	at nl.hsac.fitnesse.fixture.util.selenium.TryAllFramesConditionDecorator.apply(TryAllFramesConditionDecorator.java:34)<br/>	at nl.hsac.fitnesse.fixture.util.selenium.TryAllFramesConditionDecorator.apply(TryAllFramesConditionDecorator.java:16)<br/>	at nl.hsac.fitnesse.fixture.util.selenium.SeleniumHelper$2.apply(SeleniumHelper.java:930)<br/>	at nl.hsac.fitnesse.fixture.util.selenium.SeleniumHelper$2.apply(SeleniumHelper.java:926)<br/>	at org.openqa.selenium.support.ui.FluentWait.until(FluentWait.java:238)<br/>	at nl.hsac.fitnesse.fixture.util.selenium.SeleniumHelper.waitUntil(SeleniumHelper.java:915)<br/>	at nl.hsac.fitnesse.fixture.slim.web.BrowserTest.waitUntilImpl(BrowserTest.java:1728)<br/>	at nl.hsac.fitnesse.fixture.slim.web.BrowserTest.waitUntilOrNull(BrowserTest.java:1721)<br/>	at nl.hsac.fitnesse.fixture.slim.web.BrowserTest.invokedWrappedInWaitUntil(BrowserTest.java:91)<br/>	at nl.hsac.fitnesse.fixture.slim.web.BrowserTest.invoke(BrowserTest.java:59)<br/>	at nl.hsac.fitnesse.fixture.slim.SlimFixture.aroundSlimInvoke(SlimFixture.java:30)<br/>	at sun.reflect.GeneratedMethodAccessor1.invoke(Unknown Source)<br/>	at sun.reflect.DelegatingMethodAccessorImpl.invoke(DelegatingMethodAccessorImpl.java:43)<br/>	at java.lang.reflect.Method.invoke(Method.java:606)<br/>	at fitnesse.slim.fixtureInteraction.DefaultInteraction.methodInvoke(DefaultInteraction.java:147)<br/>	at fitnesse.slim.fixtureInteraction.DefaultInteraction.callMethod(DefaultInteraction.java:130)<br/>	at fitnesse.slim.fixtureInteraction.DefaultInteraction.invokeMethod(DefaultInteraction.java:114)<br/>	at fitnesse.slim.fixtureInteraction.DefaultInteraction.findAndInvoke(DefaultInteraction.java:92)<br/>	at fitnesse.slim.MethodExecutor.findAndInvoke(MethodExecutor.java:18)<br/>	at fitnesse.slim.FixtureMethodExecutor.execute(FixtureMethodExecutor.java:18)<br/>	at fitnesse.slim.StatementExecutor.getMethodExecutionResult(StatementExecutor.java:130)<br/>	at fitnesse.slim.StatementExecutor.call(StatementExecutor.java:103)<br/>	at fitnesse.slim.instructions.CallInstruction.executeInternal(CallInstruction.java:35)<br/>	at fitnesse.slim.instructions.Instruction.execute(Instruction.java:29)<br/>	at fitnesse.slim.ListExecutor$Executive.executeStatement(ListExecutor.java:49)<br/>	at fitnesse.slim.ListExecutor$Executive.executeStatements(ListExecutor.java:43)<br/>	at fitnesse.slim.ListExecutor.execute(ListExecutor.java:85)<br/>	at fitnesse.slim.SlimServer.executeInstructions(SlimServer.java:82)<br/>	at fitnesse.slim.SlimServer.processOneSetOfInstructions(SlimServer.java:75)<br/>	at fitnesse.slim.SlimServer.tryProcessInstructions(SlimServer.java:62)<br/>	at fitnesse.slim.SlimServer.serve(SlimServer.java:47)<br/>	at fitnesse.testsystems.slim.InProcessSlimClient$1.run(InProcessSlimClient.java:53)<br/>	at java.lang.Thread.run(Thread.java:745)<br/></div></span></td>
	<td> <span class="error"><div>org.openqa.selenium.UnsupportedCommandException: ERROR The test with session id 6f27aa07b41543dea0129182d27fa190 has already finished, and can't receive further commands.<br/>You can learn more at https://saucelabs.com/jobs/6f27aa07b41543dea0129182d27fa190<br/>For help, please check https://wiki.saucelabs.com/display/DOCS/Common+Error+Messages<br/>Command duration or timeout: 86 milliseconds<br/>Build info: version: '2.53.1', revision: 'a36b8b1cd5757287168e54b817830adce9b0158d', time: '2016-06-30 19:26:09'<br/>System info: host: 'testing-docker-d5bb6f2e-34df-4e2f-b0eb-75f0030be081', ip: '172.17.0.9', os.name: 'Linux', os.arch: 'amd64', os.version: '4.8.12-040812-generic', java.version: '1.7.0_76'<br/>Session ID: 6f27aa07b41543dea0129182d27fa190<br/>Driver info: org.openqa.selenium.remote.RemoteWebDriver<br/>Capabilities [{platform=XP, javascriptEnabled=true, acceptSslCerts=true, hasMetadata=true, browserName=chrome, chrome={userDataDir=C:\Users\ADMINI~1\AppData\Local\Temp\scoped_dir1544_15926, chromedriverVersion=2.27.440174 (e97a722caafc2d3a8b807ee115bfb307f7d2cfd9)}, networkConnectionEnabled=false, unexpectedAlertBehaviour=, rotatable=false, mobileEmulationEnabled=false, locationContextEnabled=true, webdriver.remote.sessionid=6f27aa07b41543dea0129182d27fa190, pageLoadStrategy=normal, version=56.0.2924.76, takesHeapSnapshot=true, cssSelectorsEnabled=true, databaseEnabled=false, handlesAlerts=true, browserConnectionEnabled=false, webStorageEnabled=true, nativeEvents=true, hasTouchScreen=false, applicationCacheEnabled=false, takesScreenshot=true}]<br/>	at sun.reflect.GeneratedConstructorAccessor14.newInstance(Unknown Source)<br/>	at sun.reflect.DelegatingConstructorAccessorImpl.newInstance(DelegatingConstructorAccessorImpl.java:45)<br/>	at java.lang.reflect.Constructor.newInstance(Constructor.java:526)<br/>	at org.openqa.selenium.remote.ErrorHandler.createThrowable(ErrorHandler.java:206)<br/>	at org.openqa.selenium.remote.ErrorHandler.throwIfResponseFailed(ErrorHandler.java:158)<br/>	at org.openqa.selenium.remote.RemoteWebDriver.execute(RemoteWebDriver.java:678)<br/>	at org.openqa.selenium.remote.RemoteWebDriver.execute(RemoteWebDriver.java:701)<br/>	at org.openqa.selenium.remote.RemoteWebDriver.getScreenshotAs(RemoteWebDriver.java:335)<br/>	at nl.hsac.fitnesse.fixture.util.selenium.SeleniumHelper.takeScreenshot(SeleniumHelper.java:1069)<br/>	at nl.hsac.fitnesse.fixture.slim.web.BrowserTest.createScreenshot(BrowserTest.java:1629)<br/>	at nl.hsac.fitnesse.fixture.slim.web.BrowserTest.takeScreenshot(BrowserTest.java:1591)<br/>	at sun.reflect.GeneratedMethodAccessor6.invoke(Unknown Source)<br/>	at sun.reflect.DelegatingMethodAccessorImpl.invoke(DelegatingMethodAccessorImpl.java:43)<br/>	at java.lang.reflect.Method.invoke(Method.java:606)<br/>	at fitnesse.slim.fixtureInteraction.DefaultInteraction.methodInvoke(DefaultInteraction.java:147)<br/>	at nl.hsac.fitnesse.fixture.slim.SlimFixture.invoke(SlimFixture.java:50)<br/>	at nl.hsac.fitnesse.fixture.slim.web.BrowserTest.superInvoke(BrowserTest.java:105)<br/>	at nl.hsac.fitnesse.fixture.slim.web.BrowserTest.invoke(BrowserTest.java:57)<br/>	at nl.hsac.fitnesse.fixture.slim.SlimFixture.aroundSlimInvoke(SlimFixture.java:30)<br/>	at sun.reflect.GeneratedMethodAccessor1.invoke(Unknown Source)<br/>	at sun.reflect.DelegatingMethodAccessorImpl.invoke(DelegatingMethodAccessorImpl.java:43)<br/>	at java.lang.reflect.Method.invoke(Method.java:606)<br/>	at fitnesse.slim.fixtureInteraction.DefaultInteraction.methodInvoke(DefaultInteraction.java:147)<br/>	at fitnesse.slim.fixtureInteraction.DefaultInteraction.callMethod(DefaultInteraction.java:130)<br/>	at fitnesse.slim.fixtureInteraction.DefaultInteraction.invokeMethod(DefaultInteraction.java:114)<br/>	at fitnesse.slim.fixtureInteraction.DefaultInteraction.findAndInvoke(DefaultInteraction.java:92)<br/>	at fitnesse.slim.MethodExecutor.findAndInvoke(MethodExecutor.java:18)<br/>	at fitnesse.slim.FixtureMethodExecutor.execute(FixtureMethodExecutor.java:18)<br/>	at fitnesse.slim.StatementExecutor.getMethodExecutionResult(StatementExecutor.java:130)<br/>	at fitnesse.slim.StatementExecutor.call(StatementExecutor.java:103)<br/>	at fitnesse.slim.instructions.CallInstruction.executeInternal(CallInstruction.java:35)<br/>	at fitnesse.slim.instructions.Instruction.execute(Instruction.java:29)<br/>	at fitnesse.slim.ListExecutor$Executive.executeStatement(ListExecutor.java:49)<br/>	at fitnesse.slim.ListExecutor$Executive.executeStatements(ListExecutor.java:43)<br/>	at fitnesse.slim.ListExecutor.execute(ListExecutor.java:85)<br/>	at fitnesse.slim.SlimServer.executeInstructions(SlimServer.java:82)<br/>	at fitnesse.slim.SlimServer.processOneSetOfInstructions(SlimServer.java:75)<br/>	at fitnesse.slim.SlimServer.tryProcessInstructions(SlimServer.java:62)<br/>	at fitnesse.slim.SlimServer.serve(SlimServer.java:47)<br/>	at fitnesse.testsystems.slim.InProcessSlimClient$1.run(InProcessSlimClient.java:53)<br/>	at java.lang.Thread.run(Thread.java:745)<br/></div></span></td></tr>
	<tr>
		<td>$yearBuilt= <span class="error"><div>org.openqa.selenium.UnsupportedCommandException: ERROR The test with session id 6f27aa07b41543dea0129182d27fa190 has already finished, and can't receive further commands.<br/>You can learn more at https://saucelabs.com/jobs/6f27aa07b41543dea0129182d27fa190<br/>For help, please check https://wiki.saucelabs.com/display/DOCS/Common+Error+Messages<br/>Command duration or timeout: 87 milliseconds<br/>Build info: version: '2.53.1', revision: 'a36b8b1cd5757287168e54b817830adce9b0158d', time: '2016-06-30 19:26:09'<br/>System info: host: 'testing-docker-d5bb6f2e-34df-4e2f-b0eb-75f0030be081', ip: '172.17.0.9', os.name: 'Linux', os.arch: 'amd64', os.version: '4.8.12-040812-generic', java.version: '1.7.0_76'<br/>*** Element info: {Using=xpath, value=.//label/descendant-or-self::text()[normalize-space(translate(., '&nbsp;', ' '))='Bouwjaar']/ancestor-or-self::label}<br/>Session ID: 6f27aa07b41543dea0129182d27fa190<br/>Driver info: org.openqa.selenium.remote.RemoteWebDriver<br/>Capabilities [{platform=XP, javascriptEnabled=true, acceptSslCerts=true, hasMetadata=true, browserName=chrome, chrome={userDataDir=C:\Users\ADMINI~1\AppData\Local\Temp\scoped_dir1544_15926, chromedriverVersion=2.27.440174 (e97a722caafc2d3a8b807ee115bfb307f7d2cfd9)}, networkConnectionEnabled=false, unexpectedAlertBehaviour=, rotatable=false, mobileEmulationEnabled=false, locationContextEnabled=true, webdriver.remote.sessionid=6f27aa07b41543dea0129182d27fa190, pageLoadStrategy=normal, version=56.0.2924.76, takesHeapSnapshot=true, cssSelectorsEnabled=true, databaseEnabled=false, handlesAlerts=true, browserConnectionEnabled=false, webStorageEnabled=true, nativeEvents=true, hasTouchScreen=false, applicationCacheEnabled=false, takesScreenshot=true}]<br/>	at sun.reflect.GeneratedConstructorAccessor14.newInstance(Unknown Source)<br/>	at sun.reflect.DelegatingConstructorAccessorImpl.newInstance(DelegatingConstructorAccessorImpl.java:45)<br/>	at java.lang.reflect.Constructor.newInstance(Constructor.java:526)<br/>	at org.openqa.selenium.remote.ErrorHandler.createThrowable(ErrorHandler.java:206)<br/>	at org.openqa.selenium.remote.ErrorHandler.throwIfResponseFailed(ErrorHandler.java:158)<br/>	at org.openqa.selenium.remote.RemoteWebDriver.execute(RemoteWebDriver.java:678)<br/>	at org.openqa.selenium.remote.RemoteWebDriver.findElements(RemoteWebDriver.java:388)<br/>	at org.openqa.selenium.remote.RemoteWebDriver.findElementsByXPath(RemoteWebDriver.java:504)<br/>	at org.openqa.selenium.By$ByXPath.findElements(By.java:356)<br/>	at org.openqa.selenium.remote.RemoteWebDriver.findElements(RemoteWebDriver.java:351)<br/>	at nl.hsac.fitnesse.fixture.util.selenium.SeleniumHelper.findElement(SeleniumHelper.java:961)<br/>	at nl.hsac.fitnesse.fixture.util.selenium.SeleniumHelper.findElement(SeleniumHelper.java:803)<br/>	at nl.hsac.fitnesse.fixture.util.selenium.SeleniumHelper.findElement(SeleniumHelper.java:792)<br/>	at nl.hsac.fitnesse.fixture.util.selenium.SeleniumHelper.findByXPath(SeleniumHelper.java:783)<br/>	at nl.hsac.fitnesse.fixture.util.selenium.SeleniumHelper.getElementByLabel(SeleniumHelper.java:431)<br/>	at nl.hsac.fitnesse.fixture.util.selenium.SeleniumHelper.getElementByLabelOccurrence(SeleniumHelper.java:386)<br/>	at nl.hsac.fitnesse.fixture.util.selenium.SeleniumHelper.getElementExact(SeleniumHelper.java:266)<br/>	at nl.hsac.fitnesse.fixture.util.selenium.SeleniumHelper.getElement(SeleniumHelper.java:232)<br/>	at nl.hsac.fitnesse.fixture.slim.web.BrowserTest.getElement(BrowserTest.java:1226)<br/>	at nl.hsac.fitnesse.fixture.slim.web.BrowserTest.getElementToRetrieveValue(BrowserTest.java:939)<br/>	at nl.hsac.fitnesse.fixture.slim.web.BrowserTest.valueForIn(BrowserTest.java:934)<br/>	at nl.hsac.fitnesse.fixture.slim.web.BrowserTest.valueFor(BrowserTest.java:924)<br/>	at nl.hsac.fitnesse.fixture.slim.web.BrowserTest.valueOf(BrowserTest.java:919)<br/>	at sun.reflect.GeneratedMethodAccessor2.invoke(Unknown Source)<br/>	at sun.reflect.DelegatingMethodAccessorImpl.invoke(DelegatingMethodAccessorImpl.java:43)<br/>	at java.lang.reflect.Method.invoke(Method.java:606)<br/>	at fitnesse.slim.fixtureInteraction.DefaultInteraction.methodInvoke(DefaultInteraction.java:147)<br/>	at nl.hsac.fitnesse.fixture.slim.SlimFixture.invoke(SlimFixture.java:50)<br/>	at nl.hsac.fitnesse.fixture.slim.web.BrowserTest.superInvoke(BrowserTest.java:105)<br/>	at nl.hsac.fitnesse.fixture.slim.web.BrowserTest$1.apply(BrowserTest.java:69)<br/>	at nl.hsac.fitnesse.fixture.slim.web.BrowserTest$1.apply(BrowserTest.java:65)<br/>	at nl.hsac.fitnesse.fixture.util.selenium.TryAllFramesConditionDecorator.apply(TryAllFramesConditionDecorator.java:34)<br/>	at nl.hsac.fitnesse.fixture.util.selenium.TryAllFramesConditionDecorator.apply(TryAllFramesConditionDecorator.java:16)<br/>	at nl.hsac.fitnesse.fixture.util.selenium.SeleniumHelper$2.apply(SeleniumHelper.java:930)<br/>	at nl.hsac.fitnesse.fixture.util.selenium.SeleniumHelper$2.apply(SeleniumHelper.java:926)<br/>	at org.openqa.selenium.support.ui.FluentWait.until(FluentWait.java:238)<br/>	at nl.hsac.fitnesse.fixture.util.selenium.SeleniumHelper.waitUntil(SeleniumHelper.java:915)<br/>	at nl.hsac.fitnesse.fixture.slim.web.BrowserTest.waitUntilImpl(BrowserTest.java:1728)<br/>	at nl.hsac.fitnesse.fixture.slim.web.BrowserTest.waitUntilOrNull(BrowserTest.java:1721)<br/>	at nl.hsac.fitnesse.fixture.slim.web.BrowserTest.invokedWrappedInWaitUntil(BrowserTest.java:91)<br/>	at nl.hsac.fitnesse.fixture.slim.web.BrowserTest.invoke(BrowserTest.java:59)<br/>	at nl.hsac.fitnesse.fixture.slim.SlimFixture.aroundSlimInvoke(SlimFixture.java:30)<br/>	at sun.reflect.GeneratedMethodAccessor1.invoke(Unknown Source)<br/>	at sun.reflect.DelegatingMethodAccessorImpl.invoke(DelegatingMethodAccessorImpl.java:43)<br/>	at java.lang.reflect.Method.invoke(Method.java:606)<br/>	at fitnesse.slim.fixtureInteraction.DefaultInteraction.methodInvoke(DefaultInteraction.java:147)<br/>	at fitnesse.slim.fixtureInteraction.DefaultInteraction.callMethod(DefaultInteraction.java:130)<br/>	at fitnesse.slim.fixtureInteraction.DefaultInteraction.invokeMethod(DefaultInteraction.java:114)<br/>	at fitnesse.slim.fixtureInteraction.DefaultInteraction.findAndInvoke(DefaultInteraction.java:92)<br/>	at fitnesse.slim.MethodExecutor.findAndInvoke(MethodExecutor.java:18)<br/>	at fitnesse.slim.FixtureMethodExecutor.execute(FixtureMethodExecutor.java:18)<br/>	at fitnesse.slim.StatementExecutor.getMethodExecutionResult(StatementExecutor.java:130)<br/>	at fitnesse.slim.StatementExecutor.callAndAssign(StatementExecutor.java:113)<br/>	at fitnesse.slim.instructions.CallAndAssignInstruction.executeInternal(CallAndAssignInstruction.java:38)<br/>	at fitnesse.slim.instructions.Instruction.execute(Instruction.java:29)<br/>	at fitnesse.slim.ListExecutor$Executive.executeStatement(ListExecutor.java:49)<br/>	at fitnesse.slim.ListExecutor$Executive.executeStatements(ListExecutor.java:43)<br/>	at fitnesse.slim.ListExecutor.execute(ListExecutor.java:85)<br/>	at fitnesse.slim.SlimServer.executeInstructions(SlimServer.java:82)<br/>	at fitnesse.slim.SlimServer.processOneSetOfInstructions(SlimServer.java:75)<br/>	at fitnesse.slim.SlimServer.tryProcessInstructions(SlimServer.java:62)<br/>	at fitnesse.slim.SlimServer.serve(SlimServer.java:47)<br/>	at fitnesse.testsystems.slim.InProcessSlimClient$1.run(InProcessSlimClient.java:53)<br/>	at java.lang.Thread.run(Thread.java:745)<br/></div></span></td>
		<td>value of</td>
		<td colspan="2">Bouwjaar</td>
	</tr>
</table></td></tr>
</table>
<br/><br/></article></body></html>